2026-03-09 00:36:24.149 [http-nio-8081-exec-3] INFO  com.yizhaoqi.smartpai.performance - [性能] [USER_LOGIN] 耗时:97ms 登录成功
2026-03-09 00:36:24.185 [http-nio-8081-exec-1] INFO  com.yizhaoqi.smartpai.performance - [性能] [GET_USER_INFO] 耗时:4ms 获取用户信息成功
2026-03-09 00:36:24.219 [http-nio-8081-exec-4] INFO  com.yizhaoqi.smartpai.performance - [性能] [GET_USER_INFO] 耗时:4ms 获取用户信息成功
2026-03-09 00:36:24.576 [http-nio-8081-exec-5] INFO  com.yizhaoqi.smartpai.performance - [性能] [GET_CONVERSATIONS] 耗时:19ms 获取对话历史成功（空结果）
2026-03-09 00:36:26.411 [http-nio-8081-exec-8] INFO  com.yizhaoqi.smartpai.performance - [性能] [GET_USER_INFO] 耗时:3ms 获取用户信息成功
2026-03-09 00:36:26.797 [http-nio-8081-exec-2] INFO  com.yizhaoqi.smartpai.performance - [性能] [ADMIN_GET_ALL_CONVERSATIONS] 耗时:17ms 管理员查询对话历史成功
2026-03-09 00:36:27.194 [http-nio-8081-exec-10] INFO  com.yizhaoqi.smartpai.performance - [性能] [GET_USER_INFO] 耗时:6ms 获取用户信息成功
2026-03-09 00:36:27.902 [http-nio-8081-exec-6] INFO  com.yizhaoqi.smartpai.performance - [性能] [GET_USER_UPLOADED_FILES] 耗时:5ms 获取用户上传文件成功
2026-03-09 00:36:36.897 [http-nio-8081-exec-1] INFO  com.yizhaoqi.smartpai.performance - [性能] [GET_USER_INFO] 耗时:3ms 获取用户信息成功
2026-03-09 00:36:42.635 [http-nio-8081-exec-5] INFO  com.yizhaoqi.smartpai.performance - [性能] [GET_USER_INFO] 耗时:3ms 获取用户信息成功
2026-03-09 00:36:43.988 [http-nio-8081-exec-9] INFO  com.yizhaoqi.smartpai.performance - [性能] [GET_USER_INFO] 耗时:3ms 获取用户信息成功
2026-03-09 00:36:44.296 [http-nio-8081-exec-10] INFO  com.yizhaoqi.smartpai.performance - [性能] [GET_USER_UPLOADED_FILES] 耗时:3ms 获取用户上传文件成功
2026-03-09 00:36:45.412 [http-nio-8081-exec-6] INFO  com.yizhaoqi.smartpai.performance - [性能] [GET_USER_INFO] 耗时:3ms 获取用户信息成功
2026-03-09 00:36:45.674 [http-nio-8081-exec-3] INFO  com.yizhaoqi.smartpai.performance - [性能] [GET_CONVERSATIONS] 耗时:5ms 获取对话历史成功（空结果）
2026-03-09 10:39:12.651 [http-nio-8081-exec-1] INFO  com.yizhaoqi.smartpai.performance - [性能] [USER_LOGIN] 耗时:420ms 登录成功
2026-03-09 10:39:12.714 [http-nio-8081-exec-2] INFO  com.yizhaoqi.smartpai.performance - [性能] [GET_USER_INFO] 耗时:4ms 获取用户信息成功
2026-03-09 10:39:13.062 [http-nio-8081-exec-5] INFO  com.yizhaoqi.smartpai.performance - [性能] [GET_USER_INFO] 耗时:5ms 获取用户信息成功
2026-03-09 10:39:13.535 [http-nio-8081-exec-4] INFO  com.yizhaoqi.smartpai.performance - [性能] [GET_CONVERSATIONS] 耗时:30ms 获取对话历史成功
2026-03-09 10:40:16.580 [http-nio-8081-exec-9] INFO  com.yizhaoqi.smartpai.performance - [性能] [GET_USER_INFO] 耗时:5ms 获取用户信息成功
2026-03-09 10:40:17.036 [http-nio-8081-exec-7] INFO  com.yizhaoqi.smartpai.performance - [性能] [ADMIN_GET_ALL_CONVERSATIONS] 耗时:33ms 管理员查询对话历史成功
2026-03-09 10:40:24.067 [http-nio-8081-exec-6] INFO  com.yizhaoqi.smartpai.performance - [性能] [GET_USER_INFO] 耗时:3ms 获取用户信息成功
2026-03-09 10:40:24.878 [http-nio-8081-exec-10] INFO  com.yizhaoqi.smartpai.performance - [性能] [GET_USER_UPLOADED_FILES] 耗时:4ms 获取用户上传文件成功
2026-03-09 10:40:25.632 [http-nio-8081-exec-1] INFO  com.yizhaoqi.smartpai.performance - [性能] [GET_USER_INFO] 耗时:2ms 获取用户信息成功
2026-03-09 10:40:25.951 [http-nio-8081-exec-2] INFO  com.yizhaoqi.smartpai.performance - [性能] [GET_CONVERSATIONS] 耗时:10ms 获取对话历史成功
2026-03-09 10:40:26.887 [http-nio-8081-exec-5] INFO  com.yizhaoqi.smartpai.performance - [性能] [GET_USER_INFO] 耗时:4ms 获取用户信息成功
2026-03-09 10:40:27.205 [http-nio-8081-exec-4] INFO  com.yizhaoqi.smartpai.performance - [性能] [ADMIN_GET_ALL_CONVERSATIONS] 耗时:13ms 管理员查询对话历史成功
2026-03-09 10:40:30.970 [http-nio-8081-exec-9] INFO  com.yizhaoqi.smartpai.performance - [性能] [GET_USER_INFO] 耗时:4ms 获取用户信息成功
2026-03-09 10:40:31.225 [http-nio-8081-exec-7] INFO  com.yizhaoqi.smartpai.performance - [性能] [GET_CONVERSATIONS] 耗时:7ms 获取对话历史成功
2026-03-09 10:40:33.497 [http-nio-8081-exec-8] INFO  com.yizhaoqi.smartpai.performance - [性能] [GET_USER_INFO] 耗时:3ms 获取用户信息成功
2026-03-09 10:40:34.110 [http-nio-8081-exec-6] INFO  com.yizhaoqi.smartpai.performance - [性能] [ADMIN_GET_ALL_CONVERSATIONS] 耗时:10ms 管理员查询对话历史成功
2026-03-09 10:40:43.244 [http-nio-8081-exec-1] INFO  com.yizhaoqi.smartpai.performance - [性能] [ADMIN_GET_ALL_CONVERSATIONS] 耗时:10ms 管理员查询对话历史成功
2026-03-09 10:40:45.133 [http-nio-8081-exec-2] INFO  com.yizhaoqi.smartpai.performance - [性能] [GET_USER_INFO] 耗时:3ms 获取用户信息成功
2026-03-09 10:40:45.396 [http-nio-8081-exec-5] INFO  com.yizhaoqi.smartpai.performance - [性能] [GET_USER_UPLOADED_FILES] 耗时:2ms 获取用户上传文件成功
2026-03-09 11:00:51.556 [http-nio-8081-exec-9] INFO  com.yizhaoqi.smartpai.performance - [性能] [UPLOAD_CHUNK] 耗时:259ms 分片上传失败: 上传分片到MinIO失败: Non-XML response from server. Response code: 400, Content-Type: text/xml; charset=utf-8, body: <?xml version="1.0" encoding="UTF-8"?><Error><Code>InvalidArgument</Code><Message>S3 API Requests must be made to API port.</Message><RequestId>0</RequestId></Error>
2026-03-09 11:00:58.326 [http-nio-8081-exec-7] INFO  com.yizhaoqi.smartpai.performance - [性能] [PREVIEW_FILE_BY_NAME] 耗时:22ms 文件预览内容获取成功
2026-03-09 11:12:58.932 [http-nio-8081-exec-6] INFO  com.yizhaoqi.smartpai.performance - [性能] [GET_USER_INFO] 耗时:4ms 获取用户信息成功
2026-03-09 11:12:58.997 [http-nio-8081-exec-4] INFO  com.yizhaoqi.smartpai.performance - [性能] [GET_USER_INFO] 耗时:9ms 获取用户信息成功
2026-03-09 11:12:59.138 [http-nio-8081-exec-5] INFO  com.yizhaoqi.smartpai.performance - [性能] [GET_USER_UPLOADED_FILES] 耗时:30ms 获取用户上传文件成功
2026-03-09 11:13:09.851 [http-nio-8081-exec-7] INFO  com.yizhaoqi.smartpai.performance - [性能] [USER_LOGIN] 耗时:91ms 登录成功
2026-03-09 11:13:09.873 [http-nio-8081-exec-8] INFO  com.yizhaoqi.smartpai.performance - [性能] [GET_USER_INFO] 耗时:3ms 获取用户信息成功
2026-03-09 11:13:09.905 [http-nio-8081-exec-9] INFO  com.yizhaoqi.smartpai.performance - [性能] [GET_USER_INFO] 耗时:5ms 获取用户信息成功
2026-03-09 11:13:09.962 [http-nio-8081-exec-10] INFO  com.yizhaoqi.smartpai.performance - [性能] [GET_USER_UPLOADED_FILES] 耗时:10ms 获取用户上传文件成功
2026-03-09 11:13:19.296 [http-nio-8081-exec-2] INFO  com.yizhaoqi.smartpai.performance - [性能] [USER_LOGIN] 耗时:73ms 登录成功
2026-03-09 11:13:19.623 [http-nio-8081-exec-6] INFO  com.yizhaoqi.smartpai.performance - [性能] [GET_USER_INFO] 耗时:5ms 获取用户信息成功
2026-03-09 11:13:19.894 [http-nio-8081-exec-4] INFO  com.yizhaoqi.smartpai.performance - [性能] [GET_USER_INFO] 耗时:3ms 获取用户信息成功
2026-03-09 11:13:19.963 [http-nio-8081-exec-5] INFO  com.yizhaoqi.smartpai.performance - [性能] [GET_USER_UPLOADED_FILES] 耗时:7ms 获取用户上传文件成功
2026-03-09 11:13:29.142 [http-nio-8081-exec-3] INFO  com.yizhaoqi.smartpai.performance - [性能] [DELETE_DOCUMENT] 耗时:261ms 文档删除成功
2026-03-09 11:13:29.477 [http-nio-8081-exec-7] INFO  com.yizhaoqi.smartpai.performance - [性能] [GET_USER_UPLOADED_FILES] 耗时:2ms 获取用户上传文件成功
2026-03-09 11:13:43.699 [http-nio-8081-exec-9] INFO  com.yizhaoqi.smartpai.performance - [性能] [UPLOAD_CHUNK] 耗时:104ms 分片上传失败: 上传分片到MinIO失败: Non-XML response from server. Response code: 400, Content-Type: text/xml; charset=utf-8, body: <?xml version="1.0" encoding="UTF-8"?><Error><Code>InvalidArgument</Code><Message>S3 API Requests must be made to API port.</Message><RequestId>0</RequestId></Error>
2026-03-09 11:16:17.602 [http-nio-8081-exec-1] INFO  com.yizhaoqi.smartpai.performance - [性能] [GET_USER_INFO] 耗时:5ms 获取用户信息成功
2026-03-09 11:16:17.671 [http-nio-8081-exec-2] INFO  com.yizhaoqi.smartpai.performance - [性能] [GET_USER_INFO] 耗时:9ms 获取用户信息成功
2026-03-09 11:16:17.819 [http-nio-8081-exec-3] INFO  com.yizhaoqi.smartpai.performance - [性能] [GET_USER_UPLOADED_FILES] 耗时:33ms 获取用户上传文件成功
2026-03-09 11:16:20.094 [http-nio-8081-exec-6] INFO  com.yizhaoqi.smartpai.performance - [性能] [DELETE_DOCUMENT] 耗时:200ms 文档删除成功
2026-03-09 11:16:20.159 [http-nio-8081-exec-5] INFO  com.yizhaoqi.smartpai.performance - [性能] [GET_USER_UPLOADED_FILES] 耗时:7ms 获取用户上传文件成功
2026-03-09 11:16:21.726 [http-nio-8081-exec-4] INFO  com.yizhaoqi.smartpai.performance - [性能] [GET_USER_INFO] 耗时:7ms 获取用户信息成功
2026-03-09 11:16:21.770 [http-nio-8081-exec-7] INFO  com.yizhaoqi.smartpai.performance - [性能] [GET_USER_INFO] 耗时:8ms 获取用户信息成功
2026-03-09 11:16:21.870 [http-nio-8081-exec-8] INFO  com.yizhaoqi.smartpai.performance - [性能] [GET_USER_UPLOADED_FILES] 耗时:2ms 获取用户上传文件成功
2026-03-09 11:16:31.333 [http-nio-8081-exec-10] INFO  com.yizhaoqi.smartpai.performance - [性能] [UPLOAD_CHUNK] 耗时:96ms 分片上传失败: 上传分片到MinIO失败: Failed to connect to localhost/[0:0:0:0:0:0:0:1]:9000
2026-03-09 11:18:17.599 [http-nio-8081-exec-1] INFO  com.yizhaoqi.smartpai.performance - [性能] [GET_USER_INFO] 耗时:5ms 获取用户信息成功
2026-03-09 11:18:17.666 [http-nio-8081-exec-2] INFO  com.yizhaoqi.smartpai.performance - [性能] [GET_USER_INFO] 耗时:8ms 获取用户信息成功
2026-03-09 11:18:17.789 [http-nio-8081-exec-3] INFO  com.yizhaoqi.smartpai.performance - [性能] [GET_USER_UPLOADED_FILES] 耗时:25ms 获取用户上传文件成功
2026-03-09 11:18:19.912 [http-nio-8081-exec-7] INFO  com.yizhaoqi.smartpai.performance - [性能] [DELETE_DOCUMENT] 耗时:161ms 文档删除成功
2026-03-09 11:18:19.948 [http-nio-8081-exec-5] INFO  com.yizhaoqi.smartpai.performance - [性能] [GET_USER_UPLOADED_FILES] 耗时:4ms 获取用户上传文件成功
2026-03-09 11:18:22.688 [http-nio-8081-exec-9] INFO  com.yizhaoqi.smartpai.performance - [性能] [GET_USER_INFO] 耗时:5ms 获取用户信息成功
2026-03-09 11:18:22.736 [http-nio-8081-exec-4] INFO  com.yizhaoqi.smartpai.performance - [性能] [GET_USER_INFO] 耗时:7ms 获取用户信息成功
2026-03-09 11:18:22.838 [http-nio-8081-exec-8] INFO  com.yizhaoqi.smartpai.performance - [性能] [GET_USER_UPLOADED_FILES] 耗时:5ms 获取用户上传文件成功
2026-03-09 11:18:31.175 [http-nio-8081-exec-10] INFO  com.yizhaoqi.smartpai.performance - [性能] [UPLOAD_CHUNK] 耗时:111ms 分片上传失败: 上传分片到MinIO失败: Non-XML response from server. Response code: 400, Content-Type: text/xml; charset=utf-8, body: <?xml version="1.0" encoding="UTF-8"?><Error><Code>InvalidArgument</Code><Message>S3 API Requests must be made to API port.</Message><RequestId>0</RequestId></Error>
2026-03-09 11:19:21.572 [http-nio-8081-exec-1] INFO  com.yizhaoqi.smartpai.performance - [性能] [GET_USER_INFO] 耗时:7ms 获取用户信息成功
2026-03-09 11:19:21.675 [http-nio-8081-exec-2] INFO  com.yizhaoqi.smartpai.performance - [性能] [GET_USER_INFO] 耗时:5ms 获取用户信息成功
2026-03-09 11:19:21.841 [http-nio-8081-exec-3] INFO  com.yizhaoqi.smartpai.performance - [性能] [GET_USER_UPLOADED_FILES] 耗时:53ms 获取用户上传文件成功
2026-03-09 11:19:24.315 [http-nio-8081-exec-4] INFO  com.yizhaoqi.smartpai.performance - [性能] [DELETE_DOCUMENT] 耗时:616ms 文档删除成功
2026-03-09 11:19:24.351 [http-nio-8081-exec-5] INFO  com.yizhaoqi.smartpai.performance - [性能] [GET_USER_UPLOADED_FILES] 耗时:4ms 获取用户上传文件成功
2026-03-09 11:24:07.886 [http-nio-8081-exec-7] INFO  com.yizhaoqi.smartpai.performance - [性能] [UPLOAD_CHUNK] 耗时:275514ms 分片上传失败: 上传分片到MinIO失败: Non-XML response from server. Response code: 400, Content-Type: text/xml; charset=utf-8, body: <?xml version="1.0" encoding="UTF-8"?><Error><Code>InvalidArgument</Code><Message>S3 API Requests must be made to API port.</Message><RequestId>0</RequestId></Error>
2026-03-09 11:24:07.888 [http-nio-8081-exec-7] INFO  com.yizhaoqi.smartpai.performance - [性能] [SLOW_REQUEST] 耗时:275519ms [POST] /api/v1/upload/chunk [用户:1]
2026-03-09 11:30:22.264 [http-nio-8081-exec-1] INFO  com.yizhaoqi.smartpai.performance - [性能] [GET_USER_INFO] 耗时:6ms 获取用户信息成功
2026-03-09 11:30:22.333 [http-nio-8081-exec-4] INFO  com.yizhaoqi.smartpai.performance - [性能] [GET_USER_INFO] 耗时:4ms 获取用户信息成功
2026-03-09 11:30:22.468 [http-nio-8081-exec-3] INFO  com.yizhaoqi.smartpai.performance - [性能] [GET_USER_UPLOADED_FILES] 耗时:21ms 获取用户上传文件成功
2026-03-09 11:30:24.491 [http-nio-8081-exec-6] INFO  com.yizhaoqi.smartpai.performance - [性能] [DELETE_DOCUMENT] 耗时:169ms 文档删除成功
2026-03-09 11:30:24.532 [http-nio-8081-exec-5] INFO  com.yizhaoqi.smartpai.performance - [性能] [GET_USER_UPLOADED_FILES] 耗时:4ms 获取用户上传文件成功
2026-03-09 11:30:33.457 [http-nio-8081-exec-7] INFO  com.yizhaoqi.smartpai.performance - [性能] [UPLOAD_CHUNK] 耗时:96ms 分片上传失败: 上传分片到MinIO失败: Non-XML response from server. Response code: 400, Content-Type: text/xml; charset=utf-8, body: <?xml version="1.0" encoding="UTF-8"?><Error><Code>InvalidArgument</Code><Message>S3 API Requests must be made to API port.</Message><RequestId>0</RequestId></Error>
2026-03-09 11:31:48.899 [http-nio-8081-exec-1] INFO  com.yizhaoqi.smartpai.performance - [性能] [GET_USER_INFO] 耗时:5ms 获取用户信息成功
2026-03-09 11:31:48.977 [http-nio-8081-exec-2] INFO  com.yizhaoqi.smartpai.performance - [性能] [GET_USER_INFO] 耗时:7ms 获取用户信息成功
2026-03-09 11:31:49.113 [http-nio-8081-exec-3] INFO  com.yizhaoqi.smartpai.performance - [性能] [GET_USER_UPLOADED_FILES] 耗时:33ms 获取用户上传文件成功
2026-03-09 11:31:51.220 [http-nio-8081-exec-4] INFO  com.yizhaoqi.smartpai.performance - [性能] [DELETE_DOCUMENT] 耗时:292ms 文档删除成功
2026-03-09 11:31:51.253 [http-nio-8081-exec-5] INFO  com.yizhaoqi.smartpai.performance - [性能] [GET_USER_UPLOADED_FILES] 耗时:3ms 获取用户上传文件成功
2026-03-09 11:31:59.484 [http-nio-8081-exec-6] INFO  com.yizhaoqi.smartpai.performance - [性能] [UPLOAD_CHUNK] 耗时:186ms 分片上传成功
2026-03-09 11:31:59.678 [http-nio-8081-exec-8] INFO  com.yizhaoqi.smartpai.performance - [性能] [UPLOAD_CHUNK] 耗时:128ms 分片上传成功
2026-03-09 11:32:00.161 [http-nio-8081-exec-9] INFO  com.yizhaoqi.smartpai.performance - [性能] [UPLOAD_CHUNK] 耗时:119ms 分片上传成功
2026-03-09 11:32:00.411 [http-nio-8081-exec-10] INFO  com.yizhaoqi.smartpai.performance - [性能] [UPLOAD_CHUNK] 耗时:116ms 分片上传成功
2026-03-09 11:32:00.634 [http-nio-8081-exec-1] INFO  com.yizhaoqi.smartpai.performance - [性能] [UPLOAD_CHUNK] 耗时:117ms 分片上传成功
2026-03-09 11:32:00.883 [http-nio-8081-exec-2] INFO  com.yizhaoqi.smartpai.performance - [性能] [UPLOAD_CHUNK] 耗时:109ms 分片上传成功
2026-03-09 11:32:01.114 [http-nio-8081-exec-3] INFO  com.yizhaoqi.smartpai.performance - [性能] [UPLOAD_CHUNK] 耗时:114ms 分片上传成功
2026-03-09 11:32:01.381 [http-nio-8081-exec-4] INFO  com.yizhaoqi.smartpai.performance - [性能] [UPLOAD_CHUNK] 耗时:116ms 分片上传成功
2026-03-09 11:32:01.583 [http-nio-8081-exec-5] INFO  com.yizhaoqi.smartpai.performance - [性能] [UPLOAD_CHUNK] 耗时:115ms 分片上传成功
2026-03-09 11:32:01.852 [http-nio-8081-exec-7] INFO  com.yizhaoqi.smartpai.performance - [性能] [UPLOAD_CHUNK] 耗时:119ms 分片上传成功
2026-03-09 11:32:02.061 [http-nio-8081-exec-6] INFO  com.yizhaoqi.smartpai.performance - [性能] [UPLOAD_CHUNK] 耗时:121ms 分片上传成功
2026-03-09 11:32:02.335 [http-nio-8081-exec-8] INFO  com.yizhaoqi.smartpai.performance - [性能] [UPLOAD_CHUNK] 耗时:121ms 分片上传成功
2026-03-09 11:32:02.538 [http-nio-8081-exec-9] INFO  com.yizhaoqi.smartpai.performance - [性能] [UPLOAD_CHUNK] 耗时:124ms 分片上传成功
2026-03-09 11:32:02.840 [http-nio-8081-exec-10] INFO  com.yizhaoqi.smartpai.performance - [性能] [UPLOAD_CHUNK] 耗时:106ms 分片上传成功
2026-03-09 11:32:03.019 [http-nio-8081-exec-1] INFO  com.yizhaoqi.smartpai.performance - [性能] [UPLOAD_CHUNK] 耗时:117ms 分片上传成功
2026-03-09 11:32:03.488 [http-nio-8081-exec-2] INFO  com.yizhaoqi.smartpai.performance - [性能] [UPLOAD_CHUNK] 耗时:124ms 分片上传成功
2026-03-09 11:32:03.755 [http-nio-8081-exec-3] INFO  com.yizhaoqi.smartpai.performance - [性能] [UPLOAD_CHUNK] 耗时:113ms 分片上传成功
2026-03-09 11:32:03.957 [http-nio-8081-exec-4] INFO  com.yizhaoqi.smartpai.performance - [性能] [UPLOAD_CHUNK] 耗时:121ms 分片上传成功
2026-03-09 11:32:04.232 [http-nio-8081-exec-5] INFO  com.yizhaoqi.smartpai.performance - [性能] [UPLOAD_CHUNK] 耗时:121ms 分片上传成功
2026-03-09 11:32:04.433 [http-nio-8081-exec-7] INFO  com.yizhaoqi.smartpai.performance - [性能] [UPLOAD_CHUNK] 耗时:116ms 分片上传成功
2026-03-09 11:32:04.698 [http-nio-8081-exec-6] INFO  com.yizhaoqi.smartpai.performance - [性能] [UPLOAD_CHUNK] 耗时:107ms 分片上传成功
2026-03-09 11:32:04.926 [http-nio-8081-exec-8] INFO  com.yizhaoqi.smartpai.performance - [性能] [UPLOAD_CHUNK] 耗时:113ms 分片上传成功
2026-03-09 11:32:05.170 [http-nio-8081-exec-9] INFO  com.yizhaoqi.smartpai.performance - [性能] [UPLOAD_CHUNK] 耗时:116ms 分片上传成功
2026-03-09 11:32:05.442 [http-nio-8081-exec-10] INFO  com.yizhaoqi.smartpai.performance - [性能] [UPLOAD_CHUNK] 耗时:108ms 分片上传成功
2026-03-09 11:32:05.639 [http-nio-8081-exec-1] INFO  com.yizhaoqi.smartpai.performance - [性能] [UPLOAD_CHUNK] 耗时:111ms 分片上传成功
2026-03-09 11:32:05.908 [http-nio-8081-exec-2] INFO  com.yizhaoqi.smartpai.performance - [性能] [UPLOAD_CHUNK] 耗时:109ms 分片上传成功
2026-03-09 11:32:06.147 [http-nio-8081-exec-3] INFO  com.yizhaoqi.smartpai.performance - [性能] [UPLOAD_CHUNK] 耗时:115ms 分片上传成功
2026-03-09 11:32:06.397 [http-nio-8081-exec-4] INFO  com.yizhaoqi.smartpai.performance - [性能] [UPLOAD_CHUNK] 耗时:132ms 分片上传成功
2026-03-09 11:32:06.611 [http-nio-8081-exec-5] INFO  com.yizhaoqi.smartpai.performance - [性能] [UPLOAD_CHUNK] 耗时:106ms 分片上传成功
2026-03-09 11:32:06.851 [http-nio-8081-exec-7] INFO  com.yizhaoqi.smartpai.performance - [性能] [UPLOAD_CHUNK] 耗时:104ms 分片上传成功
2026-03-09 11:32:07.101 [http-nio-8081-exec-6] INFO  com.yizhaoqi.smartpai.performance - [性能] [UPLOAD_CHUNK] 耗时:108ms 分片上传成功
2026-03-09 11:32:07.340 [http-nio-8081-exec-8] INFO  com.yizhaoqi.smartpai.performance - [性能] [UPLOAD_CHUNK] 耗时:125ms 分片上传成功
2026-03-09 11:32:07.585 [http-nio-8081-exec-9] INFO  com.yizhaoqi.smartpai.performance - [性能] [UPLOAD_CHUNK] 耗时:128ms 分片上传成功
2026-03-09 11:32:07.822 [http-nio-8081-exec-10] INFO  com.yizhaoqi.smartpai.performance - [性能] [UPLOAD_CHUNK] 耗时:129ms 分片上传成功
2026-03-09 11:32:08.056 [http-nio-8081-exec-1] INFO  com.yizhaoqi.smartpai.performance - [性能] [UPLOAD_CHUNK] 耗时:115ms 分片上传成功
2026-03-09 11:32:08.310 [http-nio-8081-exec-2] INFO  com.yizhaoqi.smartpai.performance - [性能] [UPLOAD_CHUNK] 耗时:128ms 分片上传成功
2026-03-09 11:32:08.530 [http-nio-8081-exec-3] INFO  com.yizhaoqi.smartpai.performance - [性能] [UPLOAD_CHUNK] 耗时:117ms 分片上传成功
2026-03-09 11:32:08.789 [http-nio-8081-exec-4] INFO  com.yizhaoqi.smartpai.performance - [性能] [UPLOAD_CHUNK] 耗时:108ms 分片上传成功
2026-03-09 11:32:09.012 [http-nio-8081-exec-5] INFO  com.yizhaoqi.smartpai.performance - [性能] [UPLOAD_CHUNK] 耗时:122ms 分片上传成功
2026-03-09 11:32:09.270 [http-nio-8081-exec-7] INFO  com.yizhaoqi.smartpai.performance - [性能] [UPLOAD_CHUNK] 耗时:119ms 分片上传成功
2026-03-09 11:32:09.485 [http-nio-8081-exec-6] INFO  com.yizhaoqi.smartpai.performance - [性能] [UPLOAD_CHUNK] 耗时:113ms 分片上传成功
2026-03-09 11:32:09.753 [http-nio-8081-exec-8] INFO  com.yizhaoqi.smartpai.performance - [性能] [UPLOAD_CHUNK] 耗时:113ms 分片上传成功
2026-03-09 11:32:09.966 [http-nio-8081-exec-9] INFO  com.yizhaoqi.smartpai.performance - [性能] [UPLOAD_CHUNK] 耗时:116ms 分片上传成功
2026-03-09 11:32:10.233 [http-nio-8081-exec-10] INFO  com.yizhaoqi.smartpai.performance - [性能] [UPLOAD_CHUNK] 耗时:109ms 分片上传成功
2026-03-09 11:32:10.458 [http-nio-8081-exec-1] INFO  com.yizhaoqi.smartpai.performance - [性能] [UPLOAD_CHUNK] 耗时:112ms 分片上传成功
2026-03-09 11:32:10.709 [http-nio-8081-exec-2] INFO  com.yizhaoqi.smartpai.performance - [性能] [UPLOAD_CHUNK] 耗时:106ms 分片上传成功
2026-03-09 11:32:10.954 [http-nio-8081-exec-3] INFO  com.yizhaoqi.smartpai.performance - [性能] [UPLOAD_CHUNK] 耗时:128ms 分片上传成功
2026-03-09 11:32:11.195 [http-nio-8081-exec-4] INFO  com.yizhaoqi.smartpai.performance - [性能] [UPLOAD_CHUNK] 耗时:113ms 分片上传成功
2026-03-09 11:32:11.427 [http-nio-8081-exec-5] INFO  com.yizhaoqi.smartpai.performance - [性能] [UPLOAD_CHUNK] 耗时:118ms 分片上传成功
2026-03-09 11:32:11.650 [http-nio-8081-exec-7] INFO  com.yizhaoqi.smartpai.performance - [性能] [UPLOAD_CHUNK] 耗时:109ms 分片上传成功
2026-03-09 11:32:12.133 [http-nio-8081-exec-6] INFO  com.yizhaoqi.smartpai.performance - [性能] [UPLOAD_CHUNK] 耗时:108ms 分片上传成功
2026-03-09 11:32:12.312 [http-nio-8081-exec-8] INFO  com.yizhaoqi.smartpai.performance - [性能] [UPLOAD_CHUNK] 耗时:121ms 分片上传成功
2026-03-09 11:32:12.789 [http-nio-8081-exec-9] INFO  com.yizhaoqi.smartpai.performance - [性能] [UPLOAD_CHUNK] 耗时:128ms 分片上传成功
2026-03-09 11:32:13.032 [http-nio-8081-exec-10] INFO  com.yizhaoqi.smartpai.performance - [性能] [UPLOAD_CHUNK] 耗时:99ms 分片上传成功
2026-03-09 11:32:13.261 [http-nio-8081-exec-1] INFO  com.yizhaoqi.smartpai.performance - [性能] [UPLOAD_CHUNK] 耗时:114ms 分片上传成功
2026-03-09 11:32:13.490 [http-nio-8081-exec-2] INFO  com.yizhaoqi.smartpai.performance - [性能] [UPLOAD_CHUNK] 耗时:108ms 分片上传成功
2026-03-09 11:32:13.730 [http-nio-8081-exec-3] INFO  com.yizhaoqi.smartpai.performance - [性能] [UPLOAD_CHUNK] 耗时:111ms 分片上传成功
2026-03-09 11:32:13.966 [http-nio-8081-exec-4] INFO  com.yizhaoqi.smartpai.performance - [性能] [UPLOAD_CHUNK] 耗时:115ms 分片上传成功
2026-03-09 11:32:14.191 [http-nio-8081-exec-5] INFO  com.yizhaoqi.smartpai.performance - [性能] [UPLOAD_CHUNK] 耗时:111ms 分片上传成功
2026-03-09 11:32:14.441 [http-nio-8081-exec-7] INFO  com.yizhaoqi.smartpai.performance - [性能] [UPLOAD_CHUNK] 耗时:112ms 分片上传成功
2026-03-09 11:32:14.669 [http-nio-8081-exec-6] INFO  com.yizhaoqi.smartpai.performance - [性能] [UPLOAD_CHUNK] 耗时:118ms 分片上传成功
2026-03-09 11:32:14.901 [http-nio-8081-exec-8] INFO  com.yizhaoqi.smartpai.performance - [性能] [UPLOAD_CHUNK] 耗时:108ms 分片上传成功
2026-03-09 11:32:15.135 [http-nio-8081-exec-9] INFO  com.yizhaoqi.smartpai.performance - [性能] [UPLOAD_CHUNK] 耗时:108ms 分片上传成功
2026-03-09 11:32:15.437 [http-nio-8081-exec-10] INFO  com.yizhaoqi.smartpai.performance - [性能] [UPLOAD_CHUNK] 耗时:154ms 分片上传成功
2026-03-09 11:32:15.619 [http-nio-8081-exec-1] INFO  com.yizhaoqi.smartpai.performance - [性能] [UPLOAD_CHUNK] 耗时:118ms 分片上传成功
2026-03-09 11:32:16.079 [http-nio-8081-exec-2] INFO  com.yizhaoqi.smartpai.performance - [性能] [UPLOAD_CHUNK] 耗时:110ms 分片上传成功
2026-03-09 11:32:16.370 [http-nio-8081-exec-3] INFO  com.yizhaoqi.smartpai.performance - [性能] [UPLOAD_CHUNK] 耗时:137ms 分片上传成功
2026-03-09 11:32:16.554 [http-nio-8081-exec-4] INFO  com.yizhaoqi.smartpai.performance - [性能] [UPLOAD_CHUNK] 耗时:120ms 分片上传成功
2026-03-09 11:32:16.829 [http-nio-8081-exec-5] INFO  com.yizhaoqi.smartpai.performance - [性能] [UPLOAD_CHUNK] 耗时:101ms 分片上传成功
2026-03-09 11:32:17.022 [http-nio-8081-exec-7] INFO  com.yizhaoqi.smartpai.performance - [性能] [UPLOAD_CHUNK] 耗时:109ms 分片上传成功
2026-03-09 11:32:17.328 [http-nio-8081-exec-6] INFO  com.yizhaoqi.smartpai.performance - [性能] [UPLOAD_CHUNK] 耗时:108ms 分片上传成功
2026-03-09 11:32:17.491 [http-nio-8081-exec-8] INFO  com.yizhaoqi.smartpai.performance - [性能] [UPLOAD_CHUNK] 耗时:111ms 分片上传成功
2026-03-09 11:32:17.948 [http-nio-8081-exec-9] INFO  com.yizhaoqi.smartpai.performance - [性能] [UPLOAD_CHUNK] 耗时:109ms 分片上传成功
2026-03-09 11:32:18.226 [http-nio-8081-exec-10] INFO  com.yizhaoqi.smartpai.performance - [性能] [UPLOAD_CHUNK] 耗时:125ms 分片上传成功
2026-03-09 11:32:18.418 [http-nio-8081-exec-1] INFO  com.yizhaoqi.smartpai.performance - [性能] [UPLOAD_CHUNK] 耗时:112ms 分片上传成功
2026-03-09 11:32:18.690 [http-nio-8081-exec-2] INFO  com.yizhaoqi.smartpai.performance - [性能] [UPLOAD_CHUNK] 耗时:113ms 分片上传成功
2026-03-09 11:32:18.927 [http-nio-8081-exec-3] INFO  com.yizhaoqi.smartpai.performance - [性能] [UPLOAD_CHUNK] 耗时:111ms 分片上传成功
2026-03-09 11:32:19.143 [http-nio-8081-exec-4] INFO  com.yizhaoqi.smartpai.performance - [性能] [UPLOAD_CHUNK] 耗时:99ms 分片上传成功
2026-03-09 11:32:19.396 [http-nio-8081-exec-5] INFO  com.yizhaoqi.smartpai.performance - [性能] [UPLOAD_CHUNK] 耗时:118ms 分片上传成功
2026-03-09 11:32:19.609 [http-nio-8081-exec-7] INFO  com.yizhaoqi.smartpai.performance - [性能] [UPLOAD_CHUNK] 耗时:112ms 分片上传成功
2026-03-09 11:32:19.864 [http-nio-8081-exec-6] INFO  com.yizhaoqi.smartpai.performance - [性能] [UPLOAD_CHUNK] 耗时:116ms 分片上传成功
2026-03-09 11:32:20.085 [http-nio-8081-exec-8] INFO  com.yizhaoqi.smartpai.performance - [性能] [UPLOAD_CHUNK] 耗时:115ms 分片上传成功
2026-03-09 11:32:20.358 [http-nio-8081-exec-9] INFO  com.yizhaoqi.smartpai.performance - [性能] [UPLOAD_CHUNK] 耗时:125ms 分片上传成功
2026-03-09 11:32:20.583 [http-nio-8081-exec-10] INFO  com.yizhaoqi.smartpai.performance - [性能] [UPLOAD_CHUNK] 耗时:130ms 分片上传成功
2026-03-09 11:32:20.829 [http-nio-8081-exec-1] INFO  com.yizhaoqi.smartpai.performance - [性能] [UPLOAD_CHUNK] 耗时:102ms 分片上传成功
2026-03-09 11:32:21.059 [http-nio-8081-exec-2] INFO  com.yizhaoqi.smartpai.performance - [性能] [UPLOAD_CHUNK] 耗时:124ms 分片上传成功
2026-03-09 11:32:21.331 [http-nio-8081-exec-3] INFO  com.yizhaoqi.smartpai.performance - [性能] [UPLOAD_CHUNK] 耗时:116ms 分片上传成功
2026-03-09 11:32:21.561 [http-nio-8081-exec-4] INFO  com.yizhaoqi.smartpai.performance - [性能] [UPLOAD_CHUNK] 耗时:110ms 分片上传成功
2026-03-09 11:32:21.816 [http-nio-8081-exec-5] INFO  com.yizhaoqi.smartpai.performance - [性能] [UPLOAD_CHUNK] 耗时:123ms 分片上传成功
2026-03-09 11:32:22.049 [http-nio-8081-exec-7] INFO  com.yizhaoqi.smartpai.performance - [性能] [UPLOAD_CHUNK] 耗时:116ms 分片上传成功
2026-03-09 11:32:22.299 [http-nio-8081-exec-6] INFO  com.yizhaoqi.smartpai.performance - [性能] [UPLOAD_CHUNK] 耗时:120ms 分片上传成功
2026-03-09 11:32:22.569 [http-nio-8081-exec-8] INFO  com.yizhaoqi.smartpai.performance - [性能] [UPLOAD_CHUNK] 耗时:155ms 分片上传成功
2026-03-09 11:32:22.821 [http-nio-8081-exec-9] INFO  com.yizhaoqi.smartpai.performance - [性能] [UPLOAD_CHUNK] 耗时:131ms 分片上传成功
2026-03-09 11:32:23.076 [http-nio-8081-exec-10] INFO  com.yizhaoqi.smartpai.performance - [性能] [UPLOAD_CHUNK] 耗时:145ms 分片上传成功
2026-03-09 11:32:23.304 [http-nio-8081-exec-1] INFO  com.yizhaoqi.smartpai.performance - [性能] [UPLOAD_CHUNK] 耗时:126ms 分片上传成功
2026-03-09 11:32:23.574 [http-nio-8081-exec-2] INFO  com.yizhaoqi.smartpai.performance - [性能] [UPLOAD_CHUNK] 耗时:134ms 分片上传成功
2026-03-09 11:32:23.771 [http-nio-8081-exec-3] INFO  com.yizhaoqi.smartpai.performance - [性能] [UPLOAD_CHUNK] 耗时:120ms 分片上传成功
2026-03-09 11:32:24.076 [http-nio-8081-exec-4] INFO  com.yizhaoqi.smartpai.performance - [性能] [UPLOAD_CHUNK] 耗时:145ms 分片上传成功
2026-03-09 11:32:24.250 [http-nio-8081-exec-5] INFO  com.yizhaoqi.smartpai.performance - [性能] [UPLOAD_CHUNK] 耗时:129ms 分片上传成功
2026-03-09 11:32:24.733 [http-nio-8081-exec-7] INFO  com.yizhaoqi.smartpai.performance - [性能] [UPLOAD_CHUNK] 耗时:115ms 分片上传成功
2026-03-09 11:32:24.974 [http-nio-8081-exec-6] INFO  com.yizhaoqi.smartpai.performance - [性能] [UPLOAD_CHUNK] 耗时:108ms 分片上传成功
2026-03-09 11:32:25.237 [http-nio-8081-exec-8] INFO  com.yizhaoqi.smartpai.performance - [性能] [UPLOAD_CHUNK] 耗时:149ms 分片上传成功
2026-03-09 11:32:25.383 [http-nio-8081-exec-9] INFO  com.yizhaoqi.smartpai.performance - [性能] [UPLOAD_CHUNK] 耗时:55ms 分片上传成功
2026-03-09 11:32:29.514 [http-nio-8081-exec-10] INFO  com.yizhaoqi.smartpai.performance - [性能] [MERGE_FILE] 耗时:3917ms 文件合并成功
2026-03-09 11:32:29.531 [http-nio-8081-exec-10] INFO  com.yizhaoqi.smartpai.performance - [性能] [SLOW_REQUEST] 耗时:3959ms [POST] /api/v1/upload/merge [用户:1]
2026-03-09 11:32:56.245 [http-nio-8081-exec-1] INFO  com.yizhaoqi.smartpai.performance - [性能] [PREVIEW_FILE_BY_NAME] 耗时:6024ms 文件预览内容获取成功
2026-03-09 11:33:00.233 [http-nio-8081-exec-1] INFO  com.yizhaoqi.smartpai.performance - [性能] [SLOW_REQUEST] 耗时:10014ms [GET] /api/v1/documents/preview [用户:1]
2026-03-09 11:47:11.436 [http-nio-8081-exec-2] INFO  com.yizhaoqi.smartpai.performance - [性能] [GET_USER_INFO] 耗时:3ms 获取用户信息成功
2026-03-09 11:47:13.054 [http-nio-8081-exec-4] INFO  com.yizhaoqi.smartpai.performance - [性能] [GET_USER_INFO] 耗时:1ms 获取用户信息成功
2026-03-09 11:47:13.373 [http-nio-8081-exec-5] INFO  com.yizhaoqi.smartpai.performance - [性能] [GET_USER_UPLOADED_FILES] 耗时:3ms 获取用户上传文件成功
2026-03-09 11:47:13.962 [http-nio-8081-exec-7] INFO  com.yizhaoqi.smartpai.performance - [性能] [GET_USER_INFO] 耗时:2ms 获取用户信息成功
2026-03-09 11:47:14.356 [http-nio-8081-exec-6] INFO  com.yizhaoqi.smartpai.performance - [性能] [ADMIN_GET_ALL_CONVERSATIONS] 耗时:33ms 管理员查询对话历史成功
2026-03-09 11:50:14.413 [http-nio-8081-exec-10] INFO  com.yizhaoqi.smartpai.performance - [性能] [GET_USER_INFO] 耗时:5ms 获取用户信息成功
2026-03-09 11:50:14.666 [http-nio-8081-exec-1] INFO  com.yizhaoqi.smartpai.performance - [性能] [GET_USER_UPLOADED_FILES] 耗时:6ms 获取用户上传文件成功
