2026-03-12 16:14:49.504 [http-nio-8081-exec-1] INFO  com.yizhaoqi.smartpai.performance - [性能] [USER_LOGIN] 耗时:456ms 登录成功
2026-03-12 16:14:49.566 [http-nio-8081-exec-2] INFO  com.yizhaoqi.smartpai.performance - [性能] [GET_USER_INFO] 耗时:4ms 获取用户信息成功
2026-03-12 16:14:49.920 [http-nio-8081-exec-8] INFO  com.yizhaoqi.smartpai.performance - [性能] [GET_USER_INFO] 耗时:9ms 获取用户信息成功
2026-03-12 16:14:50.413 [http-nio-8081-exec-4] INFO  com.yizhaoqi.smartpai.performance - [性能] [GET_CONVERSATIONS] 耗时:25ms 获取对话历史成功
2026-03-12 16:14:52.068 [http-nio-8081-exec-6] INFO  com.yizhaoqi.smartpai.performance - [性能] [GET_USER_INFO] 耗时:6ms 获取用户信息成功
2026-03-12 16:14:52.481 [http-nio-8081-exec-7] INFO  com.yizhaoqi.smartpai.performance - [性能] [ADMIN_GET_ALL_CONVERSATIONS] 耗时:35ms 管理员查询对话历史成功
2026-03-12 16:14:52.825 [http-nio-8081-exec-9] INFO  com.yizhaoqi.smartpai.performance - [性能] [GET_USER_INFO] 耗时:7ms 获取用户信息成功
2026-03-12 16:14:53.584 [http-nio-8081-exec-10] INFO  com.yizhaoqi.smartpai.performance - [性能] [GET_USER_UPLOADED_FILES] 耗时:16ms 获取用户上传文件成功
2026-03-12 16:14:54.311 [http-nio-8081-exec-1] INFO  com.yizhaoqi.smartpai.performance - [性能] [GET_USER_INFO] 耗时:5ms 获取用户信息成功
2026-03-12 16:18:49.374 [http-nio-8081-exec-8] INFO  com.yizhaoqi.smartpai.performance - [性能] [GET_USER_INFO] 耗时:5ms 获取用户信息成功
2026-03-12 16:18:50.266 [http-nio-8081-exec-7] INFO  com.yizhaoqi.smartpai.performance - [性能] [GET_USER_INFO] 耗时:3ms 获取用户信息成功
2026-03-12 16:18:56.314 [http-nio-8081-exec-9] INFO  com.yizhaoqi.smartpai.performance - [性能] [GET_USER_INFO] 耗时:2ms 获取用户信息成功
2026-03-12 16:18:57.285 [http-nio-8081-exec-8] INFO  com.yizhaoqi.smartpai.performance - [性能] [GET_USER_INFO] 耗时:3ms 获取用户信息成功
2026-03-12 16:18:57.899 [http-nio-8081-exec-5] INFO  com.yizhaoqi.smartpai.performance - [性能] [GET_USER_ORG_TAGS] 耗时:15ms 获取组织标签成功
2026-03-12 16:19:10.147 [http-nio-8081-exec-4] INFO  com.yizhaoqi.smartpai.performance - [性能] [SET_PRIMARY_ORG] 耗时:35ms 设置主组织成功
2026-03-12 16:19:10.196 [http-nio-8081-exec-6] INFO  com.yizhaoqi.smartpai.performance - [性能] [GET_USER_ORG_TAGS] 耗时:18ms 获取组织标签成功
2026-03-12 16:19:11.767 [http-nio-8081-exec-7] INFO  com.yizhaoqi.smartpai.performance - [性能] [GET_USER_INFO] 耗时:3ms 获取用户信息成功
2026-03-12 16:19:12.015 [http-nio-8081-exec-3] INFO  com.yizhaoqi.smartpai.performance - [性能] [GET_USER_UPLOADED_FILES] 耗时:9ms 获取用户上传文件成功
2026-03-12 16:19:20.444 [http-nio-8081-exec-9] INFO  com.yizhaoqi.smartpai.performance - [性能] [GET_USER_INFO] 耗时:7ms 获取用户信息成功
2026-03-12 16:19:21.060 [http-nio-8081-exec-1] INFO  com.yizhaoqi.smartpai.performance - [性能] [ADMIN_GET_ALL_CONVERSATIONS] 耗时:11ms 管理员查询对话历史成功
2026-03-12 16:19:25.315 [http-nio-8081-exec-2] INFO  com.yizhaoqi.smartpai.performance - [性能] [GET_USER_INFO] 耗时:3ms 获取用户信息成功
2026-03-12 16:19:25.941 [http-nio-8081-exec-8] INFO  com.yizhaoqi.smartpai.performance - [性能] [GET_CONVERSATIONS] 耗时:8ms 获取对话历史成功
2026-03-12 16:46:22.729 [http-nio-8081-exec-5] INFO  com.yizhaoqi.smartpai.performance - [性能] [GET_USER_INFO] 耗时:6ms 获取用户信息成功
2026-03-12 16:46:22.980 [http-nio-8081-exec-4] INFO  com.yizhaoqi.smartpai.performance - [性能] [ADMIN_GET_ALL_CONVERSATIONS] 耗时:14ms 管理员查询对话历史成功
2026-03-12 16:46:23.038 [http-nio-8081-exec-7] INFO  com.yizhaoqi.smartpai.performance - [性能] [GET_USER_INFO] 耗时:5ms 获取用户信息成功
2026-03-12 16:46:23.182 [http-nio-8081-exec-3] INFO  com.yizhaoqi.smartpai.performance - [性能] [GET_USER_UPLOADED_FILES] 耗时:11ms 获取用户上传文件成功
2026-03-12 16:46:34.434 [http-nio-8081-exec-1] INFO  com.yizhaoqi.smartpai.performance - [性能] [GET_USER_INFO] 耗时:6ms 获取用户信息成功
2026-03-12 16:46:39.291 [http-nio-8081-exec-5] INFO  com.yizhaoqi.smartpai.performance - [性能] [GET_USER_INFO] 耗时:3ms 获取用户信息成功
2026-03-12 16:46:39.913 [http-nio-8081-exec-4] INFO  com.yizhaoqi.smartpai.performance - [性能] [GET_USER_ORG_TAGS] 耗时:11ms 获取组织标签成功
2026-03-12 16:46:42.713 [http-nio-8081-exec-7] INFO  com.yizhaoqi.smartpai.performance - [性能] [GET_USER_INFO] 耗时:3ms 获取用户信息成功
2026-03-12 16:46:54.283 [http-nio-8081-exec-1] INFO  com.yizhaoqi.smartpai.performance - [性能] [USER_LOGOUT] 耗时:8ms 登出成功
2026-03-12 16:47:33.663 [http-nio-8081-exec-10] INFO  com.yizhaoqi.smartpai.performance - [性能] [USER_LOGIN] 耗时:5ms 登录失败: Invalid username or password
2026-03-12 16:47:45.998 [http-nio-8081-exec-2] INFO  com.yizhaoqi.smartpai.performance - [性能] [USER_REGISTER] 耗时:106ms 注册成功
2026-03-12 16:47:53.291 [http-nio-8081-exec-8] INFO  com.yizhaoqi.smartpai.performance - [性能] [USER_LOGIN] 耗时:69ms 登录成功
2026-03-12 16:47:53.484 [http-nio-8081-exec-5] INFO  com.yizhaoqi.smartpai.performance - [性能] [GET_USER_INFO] 耗时:2ms 获取用户信息成功
2026-03-12 16:47:53.624 [http-nio-8081-exec-4] INFO  com.yizhaoqi.smartpai.performance - [性能] [GET_USER_INFO] 耗时:3ms 获取用户信息成功
2026-03-12 16:47:53.816 [http-nio-8081-exec-7] INFO  com.yizhaoqi.smartpai.performance - [性能] [GET_CONVERSATIONS] 耗时:5ms 获取对话历史成功（空结果）
2026-03-12 16:47:55.418 [http-nio-8081-exec-3] INFO  com.yizhaoqi.smartpai.performance - [性能] [GET_USER_INFO] 耗时:3ms 获取用户信息成功
2026-03-12 16:47:56.052 [http-nio-8081-exec-6] INFO  com.yizhaoqi.smartpai.performance - [性能] [GET_USER_UPLOADED_FILES] 耗时:2ms 获取用户上传文件成功
2026-03-12 16:48:00.958 [http-nio-8081-exec-9] INFO  com.yizhaoqi.smartpai.performance - [性能] [GET_USER_INFO] 耗时:4ms 获取用户信息成功
2026-03-12 16:48:01.587 [http-nio-8081-exec-1] INFO  com.yizhaoqi.smartpai.performance - [性能] [GET_USER_ORG_TAGS] 耗时:6ms 获取组织标签成功
2026-03-12 16:48:04.011 [http-nio-8081-exec-10] INFO  com.yizhaoqi.smartpai.performance - [性能] [GET_USER_INFO] 耗时:2ms 获取用户信息成功
2026-03-12 16:48:04.652 [http-nio-8081-exec-2] INFO  com.yizhaoqi.smartpai.performance - [性能] [GET_CONVERSATIONS] 耗时:7ms 获取对话历史成功（空结果）
2026-03-12 16:48:07.761 [http-nio-8081-exec-8] INFO  com.yizhaoqi.smartpai.performance - [性能] [USER_LOGOUT] 耗时:6ms 登出成功
2026-03-12 16:48:09.954 [http-nio-8081-exec-5] INFO  com.yizhaoqi.smartpai.performance - [性能] [USER_LOGIN] 耗时:74ms 登录成功
2026-03-12 16:48:10.154 [http-nio-8081-exec-4] INFO  com.yizhaoqi.smartpai.performance - [性能] [GET_USER_INFO] 耗时:3ms 获取用户信息成功
2026-03-12 16:48:10.283 [http-nio-8081-exec-7] INFO  com.yizhaoqi.smartpai.performance - [性能] [GET_USER_INFO] 耗时:4ms 获取用户信息成功
2026-03-12 16:48:10.489 [http-nio-8081-exec-3] INFO  com.yizhaoqi.smartpai.performance - [性能] [GET_CONVERSATIONS] 耗时:6ms 获取对话历史成功
2026-03-12 16:48:11.416 [http-nio-8081-exec-6] INFO  com.yizhaoqi.smartpai.performance - [性能] [GET_USER_INFO] 耗时:5ms 获取用户信息成功
2026-03-12 16:48:12.050 [http-nio-8081-exec-9] INFO  com.yizhaoqi.smartpai.performance - [性能] [GET_USER_ORG_TAGS] 耗时:9ms 获取组织标签成功
2026-03-12 16:48:15.246 [http-nio-8081-exec-1] INFO  com.yizhaoqi.smartpai.performance - [性能] [GET_USER_INFO] 耗时:3ms 获取用户信息成功
2026-03-12 16:48:25.289 [http-nio-8081-exec-4] INFO  com.yizhaoqi.smartpai.performance - [性能] [GET_USER_INFO] 耗时:7ms 获取用户信息成功
2026-03-12 17:10:31.125 [http-nio-8081-exec-4] INFO  com.yizhaoqi.smartpai.performance - [性能] [GET_USER_INFO] 耗时:5ms 获取用户信息成功
2026-03-12 17:10:31.169 [http-nio-8081-exec-7] INFO  com.yizhaoqi.smartpai.performance - [性能] [GET_USER_INFO] 耗时:6ms 获取用户信息成功
2026-03-12 17:10:31.765 [http-nio-8081-exec-3] INFO  com.yizhaoqi.smartpai.performance - [性能] [GET_CONVERSATIONS] 耗时:9ms 获取对话历史成功
2026-03-12 17:10:33.061 [http-nio-8081-exec-9] INFO  com.yizhaoqi.smartpai.performance - [性能] [GET_USER_INFO] 耗时:4ms 获取用户信息成功
2026-03-12 17:10:33.462 [http-nio-8081-exec-1] INFO  com.yizhaoqi.smartpai.performance - [性能] [GET_USER_INFO] 耗时:5ms 获取用户信息成功
2026-03-12 17:15:01.662 [http-nio-8081-exec-5] INFO  com.yizhaoqi.smartpai.performance - [性能] [USER_LOGOUT] 耗时:4ms 登出成功
2026-03-12 17:15:03.628 [http-nio-8081-exec-4] INFO  com.yizhaoqi.smartpai.performance - [性能] [USER_LOGIN] 耗时:67ms 登录成功
2026-03-12 17:15:03.641 [http-nio-8081-exec-7] INFO  com.yizhaoqi.smartpai.performance - [性能] [GET_USER_INFO] 耗时:1ms 获取用户信息成功
2026-03-12 17:15:03.662 [http-nio-8081-exec-3] INFO  com.yizhaoqi.smartpai.performance - [性能] [GET_USER_INFO] 耗时:3ms 获取用户信息成功
2026-03-12 17:19:39.076 [http-nio-8081-exec-5] INFO  com.yizhaoqi.smartpai.performance - [性能] [GET_USER_INFO] 耗时:3ms 获取用户信息成功
2026-03-12 17:19:39.101 [http-nio-8081-exec-4] INFO  com.yizhaoqi.smartpai.performance - [性能] [GET_USER_INFO] 耗时:4ms 获取用户信息成功
2026-03-12 17:19:47.578 [http-nio-8081-exec-9] INFO  com.yizhaoqi.smartpai.performance - [性能] [GET_USER_INFO] 耗时:2ms 获取用户信息成功
2026-03-12 17:20:45.963 [http-nio-8081-exec-5] INFO  com.yizhaoqi.smartpai.performance - [性能] [USER_LOGOUT] 耗时:4ms 登出成功
2026-03-12 17:21:00.538 [http-nio-8081-exec-4] INFO  com.yizhaoqi.smartpai.performance - [性能] [USER_REGISTER] 耗时:78ms 注册成功
2026-03-12 17:21:08.328 [http-nio-8081-exec-7] INFO  com.yizhaoqi.smartpai.performance - [性能] [USER_LOGIN] 耗时:66ms 登录成功
2026-03-12 17:21:08.348 [http-nio-8081-exec-3] INFO  com.yizhaoqi.smartpai.performance - [性能] [GET_USER_INFO] 耗时:2ms 获取用户信息成功
2026-03-12 17:21:08.371 [http-nio-8081-exec-6] INFO  com.yizhaoqi.smartpai.performance - [性能] [GET_USER_INFO] 耗时:2ms 获取用户信息成功
2026-03-12 17:21:08.463 [http-nio-8081-exec-9] INFO  com.yizhaoqi.smartpai.performance - [性能] [GET_CONVERSATIONS] 耗时:14ms 获取对话历史成功（空结果）
2026-03-12 17:21:14.264 [http-nio-8081-exec-2] INFO  com.yizhaoqi.smartpai.performance - [性能] [GET_USER_INFO] 耗时:3ms 获取用户信息成功
2026-03-12 17:21:14.927 [http-nio-8081-exec-10] INFO  com.yizhaoqi.smartpai.performance - [性能] [GET_USER_UPLOADED_FILES] 耗时:1ms 获取用户上传文件成功
2026-03-12 17:21:16.555 [http-nio-8081-exec-8] INFO  com.yizhaoqi.smartpai.performance - [性能] [GET_USER_INFO] 耗时:3ms 获取用户信息成功
2026-03-12 17:21:16.968 [http-nio-8081-exec-5] INFO  com.yizhaoqi.smartpai.performance - [性能] [GET_USER_ORG_TAGS] 耗时:4ms 获取组织标签成功
2026-03-12 17:21:18.868 [http-nio-8081-exec-4] INFO  com.yizhaoqi.smartpai.performance - [性能] [GET_USER_INFO] 耗时:2ms 获取用户信息成功
2026-03-12 17:21:19.207 [http-nio-8081-exec-7] INFO  com.yizhaoqi.smartpai.performance - [性能] [GET_CONVERSATIONS] 耗时:6ms 获取对话历史成功（空结果）
2026-03-12 17:21:22.160 [http-nio-8081-exec-3] INFO  com.yizhaoqi.smartpai.performance - [性能] [USER_LOGOUT] 耗时:4ms 登出成功
2026-03-12 17:21:43.699 [http-nio-8081-exec-6] INFO  com.yizhaoqi.smartpai.performance - [性能] [USER_REGISTER] 耗时:86ms 注册成功
2026-03-12 17:21:52.691 [http-nio-8081-exec-9] INFO  com.yizhaoqi.smartpai.performance - [性能] [USER_LOGIN] 耗时:3ms 登录失败: Invalid username or password
2026-03-12 17:21:54.037 [http-nio-8081-exec-1] INFO  com.yizhaoqi.smartpai.performance - [性能] [USER_LOGIN] 耗时:4ms 登录失败: Invalid username or password
2026-03-12 17:22:13.678 [http-nio-8081-exec-2] INFO  com.yizhaoqi.smartpai.performance - [性能] [USER_LOGIN] 耗时:67ms 登录成功
2026-03-12 17:22:14.009 [http-nio-8081-exec-10] INFO  com.yizhaoqi.smartpai.performance - [性能] [GET_USER_INFO] 耗时:2ms 获取用户信息成功
2026-03-12 17:22:14.271 [http-nio-8081-exec-8] INFO  com.yizhaoqi.smartpai.performance - [性能] [GET_USER_INFO] 耗时:4ms 获取用户信息成功
2026-03-12 17:22:14.349 [http-nio-8081-exec-5] INFO  com.yizhaoqi.smartpai.performance - [性能] [GET_CONVERSATIONS] 耗时:10ms 获取对话历史成功
2026-03-12 17:22:15.910 [http-nio-8081-exec-4] INFO  com.yizhaoqi.smartpai.performance - [性能] [GET_USER_INFO] 耗时:2ms 获取用户信息成功
2026-03-12 17:22:16.231 [http-nio-8081-exec-7] INFO  com.yizhaoqi.smartpai.performance - [性能] [GET_USER_INFO] 耗时:2ms 获取用户信息成功
2026-03-12 17:22:17.189 [http-nio-8081-exec-3] INFO  com.yizhaoqi.smartpai.performance - [性能] [GET_USER_INFO] 耗时:2ms 获取用户信息成功
2026-03-12 17:22:17.461 [http-nio-8081-exec-6] INFO  com.yizhaoqi.smartpai.performance - [性能] [GET_USER_INFO] 耗时:2ms 获取用户信息成功
2026-03-12 17:22:17.502 [http-nio-8081-exec-9] INFO  com.yizhaoqi.smartpai.performance - [性能] [GET_USER_INFO] 耗时:1ms 获取用户信息成功
2026-03-12 17:22:17.777 [http-nio-8081-exec-1] INFO  com.yizhaoqi.smartpai.performance - [性能] [GET_USER_INFO] 耗时:2ms 获取用户信息成功
2026-03-12 17:22:17.823 [http-nio-8081-exec-2] INFO  com.yizhaoqi.smartpai.performance - [性能] [GET_USER_INFO] 耗时:2ms 获取用户信息成功
2026-03-12 17:22:18.096 [http-nio-8081-exec-10] INFO  com.yizhaoqi.smartpai.performance - [性能] [GET_USER_INFO] 耗时:1ms 获取用户信息成功
2026-03-12 17:22:21.017 [http-nio-8081-exec-8] INFO  com.yizhaoqi.smartpai.performance - [性能] [USER_LOGOUT] 耗时:4ms 登出成功
2026-03-12 17:22:29.927 [http-nio-8081-exec-4] INFO  com.yizhaoqi.smartpai.performance - [性能] [USER_LOGIN] 耗时:2ms 登录失败: Invalid username or password
2026-03-12 17:22:35.027 [http-nio-8081-exec-7] INFO  com.yizhaoqi.smartpai.performance - [性能] [USER_LOGIN] 耗时:0ms 登录失败: Invalid username or password
2026-03-12 17:22:51.744 [http-nio-8081-exec-3] INFO  com.yizhaoqi.smartpai.performance - [性能] [USER_LOGIN] 耗时:68ms 登录成功
2026-03-12 17:22:52.059 [http-nio-8081-exec-6] INFO  com.yizhaoqi.smartpai.performance - [性能] [GET_USER_INFO] 耗时:2ms 获取用户信息成功
2026-03-12 17:22:52.328 [http-nio-8081-exec-9] INFO  com.yizhaoqi.smartpai.performance - [性能] [GET_USER_INFO] 耗时:2ms 获取用户信息成功
2026-03-12 17:22:52.413 [http-nio-8081-exec-1] INFO  com.yizhaoqi.smartpai.performance - [性能] [GET_CONVERSATIONS] 耗时:4ms 获取对话历史成功（空结果）
2026-03-12 17:22:53.469 [http-nio-8081-exec-2] INFO  com.yizhaoqi.smartpai.performance - [性能] [GET_USER_INFO] 耗时:4ms 获取用户信息成功
2026-03-12 17:22:54.098 [http-nio-8081-exec-10] INFO  com.yizhaoqi.smartpai.performance - [性能] [GET_USER_UPLOADED_FILES] 耗时:1ms 获取用户上传文件成功
2026-03-12 17:22:54.843 [http-nio-8081-exec-8] INFO  com.yizhaoqi.smartpai.performance - [性能] [GET_USER_INFO] 耗时:2ms 获取用户信息成功
2026-03-12 17:22:55.480 [http-nio-8081-exec-5] INFO  com.yizhaoqi.smartpai.performance - [性能] [GET_USER_ORG_TAGS] 耗时:5ms 获取组织标签成功
2026-03-12 17:22:58.785 [http-nio-8081-exec-4] INFO  com.yizhaoqi.smartpai.performance - [性能] [USER_LOGOUT] 耗时:4ms 登出成功
2026-03-12 17:23:00.639 [http-nio-8081-exec-7] INFO  com.yizhaoqi.smartpai.performance - [性能] [USER_LOGIN] 耗时:69ms 登录成功
2026-03-12 17:23:00.830 [http-nio-8081-exec-3] INFO  com.yizhaoqi.smartpai.performance - [性能] [GET_USER_INFO] 耗时:1ms 获取用户信息成功
2026-03-12 17:23:00.965 [http-nio-8081-exec-6] INFO  com.yizhaoqi.smartpai.performance - [性能] [GET_USER_INFO] 耗时:2ms 获取用户信息成功
2026-03-12 17:23:01.152 [http-nio-8081-exec-9] INFO  com.yizhaoqi.smartpai.performance - [性能] [GET_CONVERSATIONS] 耗时:3ms 获取对话历史成功
2026-03-12 17:23:02.021 [http-nio-8081-exec-1] INFO  com.yizhaoqi.smartpai.performance - [性能] [GET_USER_INFO] 耗时:2ms 获取用户信息成功
2026-03-12 17:23:02.636 [http-nio-8081-exec-2] INFO  com.yizhaoqi.smartpai.performance - [性能] [GET_USER_INFO] 耗时:1ms 获取用户信息成功
2026-03-12 17:23:02.658 [http-nio-8081-exec-10] INFO  com.yizhaoqi.smartpai.performance - [性能] [GET_USER_ORG_TAGS] 耗时:6ms 获取组织标签成功
2026-03-12 17:23:55.732 [http-nio-8081-exec-6] INFO  com.yizhaoqi.smartpai.performance - [性能] [GET_USER_INFO] 耗时:3ms 获取用户信息成功
2026-03-12 17:23:56.333 [http-nio-8081-exec-9] INFO  com.yizhaoqi.smartpai.performance - [性能] [GET_USER_ORG_TAGS] 耗时:5ms 获取组织标签成功
2026-03-12 17:23:57.547 [http-nio-8081-exec-1] INFO  com.yizhaoqi.smartpai.performance - [性能] [GET_USER_INFO] 耗时:3ms 获取用户信息成功
2026-03-12 17:24:10.321 [http-nio-8081-exec-7] INFO  com.yizhaoqi.smartpai.performance - [性能] [GET_USER_INFO] 耗时:6ms 获取用户信息成功
2026-03-12 17:26:04.597 [http-nio-8081-exec-1] INFO  com.yizhaoqi.smartpai.performance - [性能] [GET_USER_INFO] 耗时:3ms 获取用户信息成功
2026-03-12 17:26:05.901 [http-nio-8081-exec-10] INFO  com.yizhaoqi.smartpai.performance - [性能] [GET_USER_INFO] 耗时:4ms 获取用户信息成功
2026-03-12 17:26:06.521 [http-nio-8081-exec-8] INFO  com.yizhaoqi.smartpai.performance - [性能] [GET_USER_ORG_TAGS] 耗时:7ms 获取组织标签成功
2026-03-12 17:26:06.981 [http-nio-8081-exec-4] INFO  com.yizhaoqi.smartpai.performance - [性能] [GET_USER_INFO] 耗时:2ms 获取用户信息成功
2026-03-12 17:26:07.852 [http-nio-8081-exec-7] INFO  com.yizhaoqi.smartpai.performance - [性能] [GET_USER_INFO] 耗时:2ms 获取用户信息成功
2026-03-12 17:26:07.990 [http-nio-8081-exec-6] INFO  com.yizhaoqi.smartpai.performance - [性能] [GET_USER_UPLOADED_FILES] 耗时:3ms 获取用户上传文件成功
2026-03-12 17:26:09.690 [http-nio-8081-exec-3] INFO  com.yizhaoqi.smartpai.performance - [性能] [GET_USER_INFO] 耗时:3ms 获取用户信息成功
2026-03-12 17:26:10.958 [http-nio-8081-exec-10] INFO  com.yizhaoqi.smartpai.performance - [性能] [GET_USER_INFO] 耗时:2ms 获取用户信息成功
2026-03-12 17:26:11.585 [http-nio-8081-exec-8] INFO  com.yizhaoqi.smartpai.performance - [性能] [GET_USER_UPLOADED_FILES] 耗时:6ms 获取用户上传文件成功
2026-03-12 17:26:53.558 [http-nio-8081-exec-5] INFO  com.yizhaoqi.smartpai.performance - [性能] [GET_USER_INFO] 耗时:2ms 获取用户信息成功
2026-03-12 17:26:58.805 [http-nio-8081-exec-6] INFO  com.yizhaoqi.smartpai.performance - [性能] [GET_USER_INFO] 耗时:1ms 获取用户信息成功
2026-03-12 17:27:07.516 [http-nio-8081-exec-2] INFO  com.yizhaoqi.smartpai.performance - [性能] [GET_USER_INFO] 耗时:2ms 获取用户信息成功
2026-03-12 17:27:11.455 [http-nio-8081-exec-8] INFO  com.yizhaoqi.smartpai.performance - [性能] [GET_USER_INFO] 耗时:2ms 获取用户信息成功
2026-03-12 17:27:45.489 [http-nio-8081-exec-6] INFO  com.yizhaoqi.smartpai.performance - [性能] [GET_USER_INFO] 耗时:2ms 获取用户信息成功
2026-03-12 17:40:23.179 [http-nio-8081-exec-3] INFO  com.yizhaoqi.smartpai.performance - [性能] [GET_USER_INFO] 耗时:5ms 获取用户信息成功
2026-03-12 17:40:26.513 [http-nio-8081-exec-5] INFO  com.yizhaoqi.smartpai.performance - [性能] [GET_USER_INFO] 耗时:4ms 获取用户信息成功
2026-03-12 17:40:26.546 [http-nio-8081-exec-4] INFO  com.yizhaoqi.smartpai.performance - [性能] [GET_USER_INFO] 耗时:3ms 获取用户信息成功
2026-03-12 17:42:23.618 [http-nio-8081-exec-3] INFO  com.yizhaoqi.smartpai.performance - [性能] [GET_USER_INFO] 耗时:3ms 获取用户信息成功
2026-03-12 17:42:23.652 [http-nio-8081-exec-1] INFO  com.yizhaoqi.smartpai.performance - [性能] [GET_USER_INFO] 耗时:5ms 获取用户信息成功
2026-03-12 17:42:45.088 [http-nio-8081-exec-4] INFO  com.yizhaoqi.smartpai.performance - [性能] [GET_USER_INFO] 耗时:3ms 获取用户信息成功
2026-03-12 17:42:45.431 [http-nio-8081-exec-7] INFO  com.yizhaoqi.smartpai.performance - [性能] [GET_USER_ORG_TAGS] 耗时:8ms 获取组织标签成功
2026-03-12 17:42:46.018 [http-nio-8081-exec-6] INFO  com.yizhaoqi.smartpai.performance - [性能] [GET_USER_INFO] 耗时:2ms 获取用户信息成功
2026-03-12 17:42:56.722 [http-nio-8081-exec-3] INFO  com.yizhaoqi.smartpai.performance - [性能] [GET_USER_INFO] 耗时:3ms 获取用户信息成功
2026-03-12 17:43:45.800 [http-nio-8081-exec-8] INFO  com.yizhaoqi.smartpai.performance - [性能] [GET_USER_INFO] 耗时:4ms 获取用户信息成功
2026-03-12 17:43:45.837 [http-nio-8081-exec-5] INFO  com.yizhaoqi.smartpai.performance - [性能] [GET_USER_INFO] 耗时:6ms 获取用户信息成功
2026-03-12 17:43:48.501 [http-nio-8081-exec-9] INFO  com.yizhaoqi.smartpai.performance - [性能] [GET_USER_INFO] 耗时:3ms 获取用户信息成功
2026-03-12 17:43:52.390 [http-nio-8081-exec-1] INFO  com.yizhaoqi.smartpai.performance - [性能] [GET_USER_INFO] 耗时:4ms 获取用户信息成功
2026-03-12 18:17:42.169 [http-nio-8081-exec-4] INFO  com.yizhaoqi.smartpai.performance - [性能] [USER_LOGOUT] 耗时:5ms 登出成功
2026-03-12 18:18:03.940 [http-nio-8081-exec-6] INFO  com.yizhaoqi.smartpai.performance - [性能] [USER_REGISTER] 耗时:79ms 注册成功
2026-03-12 18:18:09.980 [http-nio-8081-exec-9] INFO  com.yizhaoqi.smartpai.performance - [性能] [USER_LOGIN] 耗时:67ms 登录成功
2026-03-12 18:18:09.996 [http-nio-8081-exec-3] INFO  com.yizhaoqi.smartpai.performance - [性能] [GET_USER_INFO] 耗时:2ms 获取用户信息成功
2026-03-12 18:18:10.019 [http-nio-8081-exec-1] INFO  com.yizhaoqi.smartpai.performance - [性能] [GET_USER_INFO] 耗时:4ms 获取用户信息成功
2026-03-12 18:18:47.642 [http-nio-8081-exec-2] INFO  com.yizhaoqi.smartpai.performance - [性能] [GET_USER_INFO] 耗时:7ms 获取用户信息成功
2026-03-12 18:18:47.705 [http-nio-8081-exec-1] INFO  com.yizhaoqi.smartpai.performance - [性能] [GET_USER_INFO] 耗时:6ms 获取用户信息成功
2026-03-12 18:18:49.909 [http-nio-8081-exec-8] INFO  com.yizhaoqi.smartpai.performance - [性能] [GET_USER_INFO] 耗时:8ms 获取用户信息成功
2026-03-12 18:18:50.248 [http-nio-8081-exec-7] INFO  com.yizhaoqi.smartpai.performance - [性能] [GET_USER_ORG_TAGS] 耗时:21ms 获取组织标签成功
2026-03-12 18:18:51.305 [http-nio-8081-exec-6] INFO  com.yizhaoqi.smartpai.performance - [性能] [GET_USER_INFO] 耗时:3ms 获取用户信息成功
2026-03-12 18:18:53.349 [http-nio-8081-exec-10] INFO  com.yizhaoqi.smartpai.performance - [性能] [GET_USER_INFO] 耗时:3ms 获取用户信息成功
2026-03-12 18:19:05.793 [http-nio-8081-exec-3] INFO  com.yizhaoqi.smartpai.performance - [性能] [GET_USER_INFO] 耗时:2ms 获取用户信息成功
2026-03-12 18:19:06.413 [http-nio-8081-exec-5] INFO  com.yizhaoqi.smartpai.performance - [性能] [GET_USER_ORG_TAGS] 耗时:10ms 获取组织标签成功
2026-03-12 18:19:08.323 [http-nio-8081-exec-8] INFO  com.yizhaoqi.smartpai.performance - [性能] [GET_USER_INFO] 耗时:2ms 获取用户信息成功
2026-03-12 18:19:09.200 [http-nio-8081-exec-9] INFO  com.yizhaoqi.smartpai.performance - [性能] [GET_USER_INFO] 耗时:5ms 获取用户信息成功
2026-03-12 18:20:47.905 [http-nio-8081-exec-5] INFO  com.yizhaoqi.smartpai.performance - [性能] [GET_USER_INFO] 耗时:3ms 获取用户信息成功
2026-03-12 18:20:48.566 [http-nio-8081-exec-8] INFO  com.yizhaoqi.smartpai.performance - [性能] [GET_USER_UPLOADED_FILES] 耗时:7ms 获取用户上传文件成功
2026-03-12 18:20:49.154 [http-nio-8081-exec-7] INFO  com.yizhaoqi.smartpai.performance - [性能] [GET_USER_INFO] 耗时:2ms 获取用户信息成功
2026-03-12 18:45:27.576 [http-nio-8081-exec-5] INFO  com.yizhaoqi.smartpai.performance - [性能] [USER_LOGIN] 耗时:83ms 登录成功
2026-03-12 18:45:27.592 [http-nio-8081-exec-8] INFO  com.yizhaoqi.smartpai.performance - [性能] [GET_USER_INFO] 耗时:3ms 获取用户信息成功
2026-03-12 18:45:27.616 [http-nio-8081-exec-7] INFO  com.yizhaoqi.smartpai.performance - [性能] [GET_USER_INFO] 耗时:4ms 获取用户信息成功
2026-03-12 18:53:36.191 [http-nio-8081-exec-1] INFO  com.yizhaoqi.smartpai.performance - [性能] [USER_LOGIN] 耗时:396ms 登录成功
2026-03-12 18:53:36.250 [http-nio-8081-exec-2] INFO  com.yizhaoqi.smartpai.performance - [性能] [GET_USER_INFO] 耗时:7ms 获取用户信息成功
2026-03-12 18:53:36.290 [http-nio-8081-exec-6] INFO  com.yizhaoqi.smartpai.performance - [性能] [GET_USER_INFO] 耗时:4ms 获取用户信息成功
2026-03-12 18:53:36.759 [http-nio-8081-exec-4] INFO  com.yizhaoqi.smartpai.performance - [性能] [GET_CONVERSATIONS] 耗时:41ms 获取对话历史成功
2026-03-12 18:53:38.658 [http-nio-8081-exec-3] INFO  com.yizhaoqi.smartpai.performance - [性能] [GET_USER_INFO] 耗时:8ms 获取用户信息成功
2026-03-12 18:53:39.494 [http-nio-8081-exec-7] INFO  com.yizhaoqi.smartpai.performance - [性能] [GET_USER_UPLOADED_FILES] 耗时:21ms 获取用户上传文件成功
2026-03-12 18:53:39.554 [http-nio-8081-exec-8] INFO  com.yizhaoqi.smartpai.performance - [性能] [GET_USER_INFO] 耗时:8ms 获取用户信息成功
2026-03-12 18:53:45.659 [http-nio-8081-exec-4] INFO  com.yizhaoqi.smartpai.performance - [性能] [GET_USER_INFO] 耗时:3ms 获取用户信息成功
2026-03-12 18:53:46.748 [http-nio-8081-exec-3] INFO  com.yizhaoqi.smartpai.performance - [性能] [GET_USER_INFO] 耗时:5ms 获取用户信息成功
2026-03-12 23:40:35.812 [http-nio-8081-exec-1] INFO  com.yizhaoqi.smartpai.performance - [性能] [USER_LOGIN] 耗时:412ms 登录成功
2026-03-12 23:40:35.871 [http-nio-8081-exec-6] INFO  com.yizhaoqi.smartpai.performance - [性能] [GET_USER_INFO] 耗时:4ms 获取用户信息成功
2026-03-12 23:40:35.909 [http-nio-8081-exec-8] INFO  com.yizhaoqi.smartpai.performance - [性能] [GET_USER_INFO] 耗时:3ms 获取用户信息成功
2026-03-12 23:40:36.301 [http-nio-8081-exec-9] INFO  com.yizhaoqi.smartpai.performance - [性能] [GET_CONVERSATIONS] 耗时:28ms 获取对话历史成功
2026-03-12 23:40:37.930 [http-nio-8081-exec-2] INFO  com.yizhaoqi.smartpai.performance - [性能] [GET_USER_INFO] 耗时:7ms 获取用户信息成功
2026-03-12 23:40:43.534 [http-nio-8081-exec-10] INFO  com.yizhaoqi.smartpai.performance - [性能] [GET_USER_INFO] 耗时:4ms 获取用户信息成功
2026-03-12 23:40:43.962 [http-nio-8081-exec-1] INFO  com.yizhaoqi.smartpai.performance - [性能] [GET_USER_ORG_TAGS] 耗时:15ms 获取组织标签成功
2026-03-12 23:40:44.993 [http-nio-8081-exec-6] INFO  com.yizhaoqi.smartpai.performance - [性能] [GET_USER_INFO] 耗时:4ms 获取用户信息成功
2026-03-12 23:41:22.488 [http-nio-8081-exec-2] INFO  com.yizhaoqi.smartpai.performance - [性能] [USER_LOGOUT] 耗时:6ms 登出成功
2026-03-12 23:41:34.055 [http-nio-8081-exec-3] INFO  com.yizhaoqi.smartpai.performance - [性能] [USER_LOGIN] 耗时:69ms 登录成功
2026-03-12 23:41:34.252 [http-nio-8081-exec-7] INFO  com.yizhaoqi.smartpai.performance - [性能] [GET_USER_INFO] 耗时:3ms 获取用户信息成功
2026-03-12 23:41:34.383 [http-nio-8081-exec-4] INFO  com.yizhaoqi.smartpai.performance - [性能] [GET_USER_INFO] 耗时:4ms 获取用户信息成功
2026-03-12 23:41:34.580 [http-nio-8081-exec-10] INFO  com.yizhaoqi.smartpai.performance - [性能] [GET_CONVERSATIONS] 耗时:5ms 获取对话历史成功（空结果）
2026-03-12 23:41:37.263 [http-nio-8081-exec-1] INFO  com.yizhaoqi.smartpai.performance - [性能] [GET_USER_INFO] 耗时:3ms 获取用户信息成功
2026-03-12 23:41:38.272 [http-nio-8081-exec-6] INFO  com.yizhaoqi.smartpai.performance - [性能] [GET_USER_UPLOADED_FILES] 耗时:5ms 获取用户上传文件成功
2026-03-12 23:41:39.548 [http-nio-8081-exec-8] INFO  com.yizhaoqi.smartpai.performance - [性能] [GET_USER_ORG_TAGS] 耗时:15ms 获取组织标签成功
2026-03-12 23:42:04.501 [http-nio-8081-exec-9] INFO  com.yizhaoqi.smartpai.performance - [性能] [USER_LOGOUT] 耗时:4ms 登出成功
2026-03-12 23:42:05.707 [http-nio-8081-exec-5] INFO  com.yizhaoqi.smartpai.performance - [性能] [USER_LOGIN] 耗时:73ms 登录成功
2026-03-12 23:42:05.917 [http-nio-8081-exec-2] INFO  com.yizhaoqi.smartpai.performance - [性能] [GET_USER_INFO] 耗时:4ms 获取用户信息成功
2026-03-12 23:42:06.046 [http-nio-8081-exec-3] INFO  com.yizhaoqi.smartpai.performance - [性能] [GET_USER_INFO] 耗时:4ms 获取用户信息成功
2026-03-12 23:42:06.254 [http-nio-8081-exec-7] INFO  com.yizhaoqi.smartpai.performance - [性能] [GET_CONVERSATIONS] 耗时:8ms 获取对话历史成功
2026-03-12 23:42:06.879 [http-nio-8081-exec-4] INFO  com.yizhaoqi.smartpai.performance - [性能] [GET_USER_INFO] 耗时:4ms 获取用户信息成功
2026-03-12 23:42:07.527 [http-nio-8081-exec-10] INFO  com.yizhaoqi.smartpai.performance - [性能] [GET_USER_UPLOADED_FILES] 耗时:9ms 获取用户上传文件成功
2026-03-12 23:42:21.498 [http-nio-8081-exec-6] INFO  com.yizhaoqi.smartpai.performance - [性能] [UPLOAD_CHUNK] 耗时:214ms 分片上传成功
2026-03-12 23:42:21.799 [http-nio-8081-exec-8] INFO  com.yizhaoqi.smartpai.performance - [性能] [MERGE_FILE] 耗时:279ms 文件合并成功
2026-03-12 23:42:23.361 [http-nio-8081-exec-9] INFO  com.yizhaoqi.smartpai.performance - [性能] [PREVIEW_FILE_BY_NAME] 耗时:27ms 文件预览内容获取成功
2026-03-12 23:42:36.444 [http-nio-8081-exec-2] INFO  com.yizhaoqi.smartpai.performance - [性能] [UPLOAD_CHUNK] 耗时:49ms 分片上传成功
2026-03-12 23:42:36.683 [http-nio-8081-exec-3] INFO  com.yizhaoqi.smartpai.performance - [性能] [MERGE_FILE] 耗时:33ms 文件合并成功
2026-03-12 23:43:08.108 [http-nio-8081-exec-7] INFO  com.yizhaoqi.smartpai.performance - [性能] [DELETE_DOCUMENT] 耗时:210ms 文档删除成功
2026-03-12 23:43:08.450 [http-nio-8081-exec-4] INFO  com.yizhaoqi.smartpai.performance - [性能] [GET_USER_UPLOADED_FILES] 耗时:5ms 获取用户上传文件成功
2026-03-12 23:43:09.822 [http-nio-8081-exec-10] INFO  com.yizhaoqi.smartpai.performance - [性能] [DELETE_DOCUMENT] 耗时:28ms 文档删除成功
2026-03-12 23:43:10.155 [http-nio-8081-exec-1] INFO  com.yizhaoqi.smartpai.performance - [性能] [GET_USER_UPLOADED_FILES] 耗时:4ms 获取用户上传文件成功
2026-03-12 23:43:18.220 [http-nio-8081-exec-8] INFO  com.yizhaoqi.smartpai.performance - [性能] [UPLOAD_CHUNK] 耗时:27ms 分片上传成功
2026-03-12 23:43:18.470 [http-nio-8081-exec-9] INFO  com.yizhaoqi.smartpai.performance - [性能] [MERGE_FILE] 耗时:33ms 文件合并成功
2026-03-12 23:44:22.082 [http-nio-8081-exec-2] INFO  com.yizhaoqi.smartpai.performance - [性能] [GET_USER_INFO] 耗时:10ms 获取用户信息成功
2026-03-12 23:44:22.183 [http-nio-8081-exec-4] INFO  com.yizhaoqi.smartpai.performance - [性能] [GET_USER_INFO] 耗时:5ms 获取用户信息成功
2026-03-12 23:44:22.325 [http-nio-8081-exec-5] INFO  com.yizhaoqi.smartpai.performance - [性能] [GET_USER_UPLOADED_FILES] 耗时:48ms 获取用户上传文件成功
2026-03-12 23:44:24.762 [http-nio-8081-exec-6] INFO  com.yizhaoqi.smartpai.performance - [性能] [DELETE_DOCUMENT] 耗时:468ms 文档删除成功
2026-03-12 23:44:24.801 [http-nio-8081-exec-7] INFO  com.yizhaoqi.smartpai.performance - [性能] [GET_USER_UPLOADED_FILES] 耗时:9ms 获取用户上传文件成功
2026-03-12 23:51:20.356 [http-nio-8081-exec-9] INFO  com.yizhaoqi.smartpai.performance - [性能] [UPLOAD_CHUNK] 耗时:383158ms 分片上传成功
2026-03-12 23:51:54.198 [http-nio-8081-exec-9] INFO  com.yizhaoqi.smartpai.performance - [性能] [SLOW_REQUEST] 耗时:443349ms [POST] /api/v1/upload/chunk [用户:1]
2026-03-12 23:52:34.183 [http-nio-8081-exec-10] INFO  com.yizhaoqi.smartpai.performance - [性能] [MERGE_FILE] 耗时:318ms 文件合并成功
2026-03-12 23:58:14.308 [http-nio-8081-exec-1] INFO  com.yizhaoqi.smartpai.performance - [性能] [GET_USER_INFO] 耗时:4ms 获取用户信息成功
2026-03-12 23:58:14.367 [http-nio-8081-exec-2] INFO  com.yizhaoqi.smartpai.performance - [性能] [GET_USER_INFO] 耗时:6ms 获取用户信息成功
2026-03-12 23:58:14.509 [http-nio-8081-exec-3] INFO  com.yizhaoqi.smartpai.performance - [性能] [GET_USER_UPLOADED_FILES] 耗时:28ms 获取用户上传文件成功
2026-03-12 23:58:16.579 [http-nio-8081-exec-4] INFO  com.yizhaoqi.smartpai.performance - [性能] [DELETE_DOCUMENT] 耗时:217ms 文档删除成功
2026-03-12 23:58:16.699 [http-nio-8081-exec-5] INFO  com.yizhaoqi.smartpai.performance - [性能] [GET_USER_UPLOADED_FILES] 耗时:34ms 获取用户上传文件成功
2026-03-12 23:58:23.164 [http-nio-8081-exec-7] INFO  com.yizhaoqi.smartpai.performance - [性能] [UPLOAD_CHUNK] 耗时:84ms 分片上传成功
2026-03-12 23:58:23.464 [http-nio-8081-exec-8] INFO  com.yizhaoqi.smartpai.performance - [性能] [MERGE_FILE] 耗时:243ms 文件合并成功
2026-03-12 23:58:24.903 [http-nio-8081-exec-9] INFO  com.yizhaoqi.smartpai.performance - [性能] [PREVIEW_FILE_BY_NAME] 耗时:20ms 文件预览内容获取成功
