2025-12-11 16:51:05.676 [main] INFO  com.yizhaoqi.smartpai.SmartPaiApplication - Starting SmartPaiApplication using Java 17.0.16 with PID 12868 (E:\Java\PROJECT\PaiSmart-main\PaiSmart-zuzhi\target\classes started by admin in E:\Java\PROJECT\PaiSmart-main)
2025-12-11 16:51:05.676 [main] INFO  com.yizhaoqi.smartpai.SmartPaiApplication - No active profile set, falling back to 1 default profile: "default"
2025-12-11 16:51:06.925 [main] INFO  o.s.boot.web.embedded.tomcat.TomcatWebServer - Tomcat initialized with port 8081 (http)
2025-12-11 16:51:06.933 [main] INFO  org.apache.coyote.http11.Http11NioProtocol - Initializing ProtocolHandler ["http-nio-8081"]
2025-12-11 16:51:06.935 [main] INFO  org.apache.catalina.core.StandardService - Starting service [Tomcat]
2025-12-11 16:51:06.935 [main] INFO  org.apache.catalina.core.StandardEngine - Starting Servlet engine: [Apache Tomcat/10.1.34]
2025-12-11 16:51:06.996 [main] INFO  o.a.c.core.ContainerBase.[Tomcat].[localhost].[/] - Initializing Spring embedded WebApplicationContext
2025-12-11 16:51:06.996 [main] INFO  o.s.b.w.s.c.ServletWebServerApplicationContext - Root WebApplicationContext: initialization completed in 1284 ms
2025-12-11 16:51:07.368 [main] INFO  com.zaxxer.hikari.HikariDataSource - HikariPool-1 - Starting...
2025-12-11 16:51:07.518 [main] INFO  com.zaxxer.hikari.pool.HikariPool - HikariPool-1 - Added connection com.mysql.cj.jdbc.ConnectionImpl@3ba1f56e
2025-12-11 16:51:07.520 [main] INFO  com.zaxxer.hikari.HikariDataSource - HikariPool-1 - Start completed.
2025-12-11 16:51:07.552 [main] WARN  org.hibernate.orm.deprecation - HHH90000025: MySQL8Dialect does not need to be specified explicitly using 'hibernate.dialect' (remove the property setting and it will be selected by default)
2025-12-11 16:51:07.554 [main] WARN  org.hibernate.orm.deprecation - HHH90000026: MySQL8Dialect has been deprecated; use org.hibernate.dialect.MySQLDialect instead
2025-12-11 16:51:09.772 [main] WARN  o.s.b.a.o.j.JpaBaseConfiguration$JpaWebConfiguration - spring.jpa.open-in-view is enabled by default. Therefore, database queries may be performed during view rendering. Explicitly configure spring.jpa.open-in-view to disable this warning
2025-12-11 16:51:09.792 [main] INFO  o.s.s.c.a.a.c.InitializeUserDetailsBeanManagerConfigurer$InitializeUserDetailsManagerConfigurer - Global AuthenticationManager configured with UserDetailsService bean with name customUserDetailsService
2025-12-11 16:51:09.864 [main] DEBUG o.s.w.s.server.support.WebSocketHandlerMapping - Patterns [/chat/{token}] in 'webSocketHandlerMapping'
2025-12-11 16:51:09.917 [main] DEBUG o.s.w.s.m.m.a.RequestMappingHandlerMapping - 41 mappings in 'requestMappingHandlerMapping'
2025-12-11 16:51:09.939 [main] DEBUG o.s.web.servlet.handler.SimpleUrlHandlerMapping - Patterns [/webjars/**, /**, /static/**] in 'resourceHandlerMapping'
2025-12-11 16:51:09.968 [main] INFO  com.yizhaoqi.smartpai.config.SecurityConfig - Security configuration loaded successfully.
2025-12-11 16:51:09.979 [main] DEBUG o.s.security.web.DefaultSecurityFilterChain - Will secure any request with filters: DisableEncodeUrlFilter, WebAsyncManagerIntegrationFilter, SecurityContextHolderFilter, HeaderWriterFilter, LogoutFilter, JwtAuthenticationFilter, OrgTagAuthorizationFilter, RequestCacheAwareFilter, SecurityContextHolderAwareRequestFilter, AnonymousAuthenticationFilter, SessionManagementFilter, ExceptionTranslationFilter, AuthorizationFilter
2025-12-11 16:51:10.040 [main] DEBUG o.s.w.s.m.m.a.RequestMappingHandlerAdapter - ControllerAdvice beans: 0 @ModelAttribute, 0 @InitBinder, 1 RequestBodyAdvice, 1 ResponseBodyAdvice
2025-12-11 16:51:10.075 [main] DEBUG o.s.w.s.m.m.a.ExceptionHandlerExceptionResolver - ControllerAdvice beans: 0 @ExceptionHandler, 1 ResponseBodyAdvice
2025-12-11 16:51:10.275 [main] INFO  org.apache.coyote.http11.Http11NioProtocol - Starting ProtocolHandler ["http-nio-8081"]
2025-12-11 16:51:10.281 [main] INFO  o.s.boot.web.embedded.tomcat.TomcatWebServer - Tomcat started on port 8081 (http) with context path '/'
2025-12-11 16:51:10.444 [main] INFO  com.yizhaoqi.smartpai.SmartPaiApplication - Started SmartPaiApplication in 5.169 seconds (process running for 5.902)
2025-12-11 16:51:10.448 [main] INFO  com.yizhaoqi.smartpai.config.AdminUserInitializer - 检查管理员账号是否存在: admin
2025-12-11 16:51:10.538 [main] INFO  com.yizhaoqi.smartpai.config.AdminUserInitializer - 管理员账号 'admin' 已存在，跳过创建步骤
2025-12-11 16:51:10.541 [main] INFO  com.yizhaoqi.smartpai.config.OrgTagInitializer - 检查组织标签是否存在: default
2025-12-11 16:51:10.547 [main] INFO  com.yizhaoqi.smartpai.config.OrgTagInitializer - 组织标签 'default' 已存在，跳过创建步骤
2025-12-11 16:51:10.547 [main] INFO  com.yizhaoqi.smartpai.config.OrgTagInitializer - 检查组织标签是否存在: admin
2025-12-11 16:51:10.550 [main] INFO  com.yizhaoqi.smartpai.config.OrgTagInitializer - 组织标签 'admin' 已存在，跳过创建步骤
2025-12-11 16:51:10.551 [main] INFO  com.yizhaoqi.smartpai.config.OrgTagInitializer - 组织标签初始化完成
2025-12-11 16:51:10.663 [main] INFO  com.yizhaoqi.smartpai.config.EsIndexInitializer - 索引 'knowledge_base' 已存在
2025-12-11 16:51:10.825 [org.springframework.kafka.KafkaListenerEndpointContainer#0-0-C-1] WARN  org.apache.kafka.clients.NetworkClient - [Consumer clientId=consumer-file-processing-group-1, groupId=file-processing-group] Error while fetching metadata with correlation id 2 : {file-processing-topic1=UNKNOWN_TOPIC_OR_PARTITION}
2025-12-11 16:51:42.322 [http-nio-8081-exec-1] INFO  o.a.c.core.ContainerBase.[Tomcat].[localhost].[/] - Initializing Spring DispatcherServlet 'dispatcherServlet'
2025-12-11 16:51:42.322 [http-nio-8081-exec-1] INFO  org.springframework.web.servlet.DispatcherServlet - Initializing Servlet 'dispatcherServlet'
2025-12-11 16:51:42.322 [http-nio-8081-exec-1] DEBUG org.springframework.web.servlet.DispatcherServlet - Detected StandardServletMultipartResolver
2025-12-11 16:51:42.322 [http-nio-8081-exec-1] DEBUG org.springframework.web.servlet.DispatcherServlet - Detected AcceptHeaderLocaleResolver
2025-12-11 16:51:42.322 [http-nio-8081-exec-1] DEBUG org.springframework.web.servlet.DispatcherServlet - Detected FixedThemeResolver
2025-12-11 16:51:42.322 [http-nio-8081-exec-1] DEBUG org.springframework.web.servlet.DispatcherServlet - Detected org.springframework.web.servlet.view.DefaultRequestToViewNameTranslator@568aea48
2025-12-11 16:51:42.322 [http-nio-8081-exec-1] DEBUG org.springframework.web.servlet.DispatcherServlet - Detected org.springframework.web.servlet.support.SessionFlashMapManager@cd64c60
2025-12-11 16:51:42.322 [http-nio-8081-exec-1] DEBUG org.springframework.web.servlet.DispatcherServlet - enableLoggingRequestDetails='false': request parameters and headers will be masked to prevent unsafe logging of potentially sensitive data
2025-12-11 16:51:42.322 [http-nio-8081-exec-1] INFO  org.springframework.web.servlet.DispatcherServlet - Completed initialization in 0 ms
2025-12-11 16:51:42.335 [http-nio-8081-exec-1] DEBUG org.springframework.security.web.FilterChainProxy - Securing POST /api/v1/users/login
2025-12-11 16:51:42.341 [http-nio-8081-exec-1] DEBUG o.s.s.w.a.AnonymousAuthenticationFilter - Set SecurityContextHolder to anonymous SecurityContext
2025-12-11 16:51:42.342 [http-nio-8081-exec-1] DEBUG org.springframework.security.web.FilterChainProxy - Secured POST /api/v1/users/login
2025-12-11 16:51:42.344 [http-nio-8081-exec-1] DEBUG org.springframework.web.servlet.DispatcherServlet - POST "/api/v1/users/login", parameters={}
2025-12-11 16:51:42.345 [http-nio-8081-exec-1] DEBUG o.s.w.s.m.m.a.RequestMappingHandlerMapping - Mapped to com.yizhaoqi.smartpai.controller.UserController#login(UserRequest)
2025-12-11 16:51:42.403 [http-nio-8081-exec-1] DEBUG o.s.w.s.m.m.a.RequestResponseBodyMethodProcessor - Read "application/json;charset=UTF-8" to [UserRequest[username=admin, password=admin123]]
2025-12-11 16:51:42.790 [http-nio-8081-exec-1] DEBUG com.yizhaoqi.smartpai.service.TokenCacheService - Token cached: 3548ab5b77044338aa3aa4f988eac18e for user: admin
2025-12-11 16:51:42.791 [http-nio-8081-exec-1] INFO  com.yizhaoqi.smartpai.utils.JwtUtils - Token generated and cached for user: admin, tokenId: 3548ab5b77044338aa3aa4f988eac18e
2025-12-11 16:51:42.795 [http-nio-8081-exec-1] DEBUG com.yizhaoqi.smartpai.service.TokenCacheService - Refresh token cached: 12c23e23f6494da29a67ec835aa84313 for user: 1
2025-12-11 16:51:42.795 [http-nio-8081-exec-1] INFO  com.yizhaoqi.smartpai.utils.JwtUtils - Refresh token generated and cached for user: admin, refreshTokenId: 12c23e23f6494da29a67ec835aa84313
2025-12-11 16:51:42.801 [http-nio-8081-exec-1] DEBUG o.s.w.s.m.m.annotation.HttpEntityMethodProcessor - Using 'application/json', given [application/json, text/plain, */*] and supported [application/json, application/*+json]
2025-12-11 16:51:42.802 [http-nio-8081-exec-1] DEBUG o.s.w.s.m.m.annotation.HttpEntityMethodProcessor - Writing [{code=200, data={refreshToken=eyJhbGciOiJIUzI1NiJ9.eyJyZWZyZXNoVG9rZW5JZCI6IjEyYzIzZTIzZjY0OTRkYTI5Y (truncated)...]
2025-12-11 16:51:42.808 [http-nio-8081-exec-1] DEBUG org.springframework.web.servlet.DispatcherServlet - Completed 200 OK
2025-12-11 16:51:42.816 [http-nio-8081-exec-2] DEBUG org.springframework.security.web.FilterChainProxy - Securing GET /api/v1/users/me
2025-12-11 16:51:42.843 [http-nio-8081-exec-2] DEBUG org.springframework.security.web.FilterChainProxy - Secured GET /api/v1/users/me
2025-12-11 16:51:42.843 [http-nio-8081-exec-2] DEBUG org.springframework.web.servlet.DispatcherServlet - GET "/api/v1/users/me", parameters={}
2025-12-11 16:51:42.843 [http-nio-8081-exec-2] DEBUG o.s.w.s.m.m.a.RequestMappingHandlerMapping - Mapped to com.yizhaoqi.smartpai.controller.UserController#getCurrentUser(String)
2025-12-11 16:51:42.852 [http-nio-8081-exec-2] DEBUG o.s.w.s.m.m.annotation.HttpEntityMethodProcessor - Using 'application/json', given [application/json, text/plain, */*] and supported [application/json, application/*+json]
2025-12-11 16:51:42.852 [http-nio-8081-exec-2] DEBUG o.s.w.s.m.m.annotation.HttpEntityMethodProcessor - Writing [{code=200, data={id=1, username=admin, role=ADMIN, orgTags=[default, admin], primaryOrg=default, cre (truncated)...]
2025-12-11 16:51:42.854 [http-nio-8081-exec-2] DEBUG org.springframework.web.servlet.DispatcherServlet - Completed 200 OK
2025-12-11 16:51:42.864 [http-nio-8081-exec-3] DEBUG org.springframework.security.web.FilterChainProxy - Securing GET /api/v1/users/me
2025-12-11 16:51:42.878 [http-nio-8081-exec-3] DEBUG org.springframework.security.web.FilterChainProxy - Secured GET /api/v1/users/me
2025-12-11 16:51:42.878 [http-nio-8081-exec-3] DEBUG org.springframework.web.servlet.DispatcherServlet - GET "/api/v1/users/me", parameters={}
2025-12-11 16:51:42.879 [http-nio-8081-exec-3] DEBUG o.s.w.s.m.m.a.RequestMappingHandlerMapping - Mapped to com.yizhaoqi.smartpai.controller.UserController#getCurrentUser(String)
2025-12-11 16:51:42.884 [http-nio-8081-exec-3] DEBUG o.s.w.s.m.m.annotation.HttpEntityMethodProcessor - Using 'application/json', given [application/json, text/plain, */*] and supported [application/json, application/*+json]
2025-12-11 16:51:42.884 [http-nio-8081-exec-3] DEBUG o.s.w.s.m.m.annotation.HttpEntityMethodProcessor - Writing [{code=200, data={id=1, username=admin, role=ADMIN, orgTags=[default, admin], primaryOrg=default, cre (truncated)...]
2025-12-11 16:51:42.887 [http-nio-8081-exec-3] DEBUG org.springframework.web.servlet.DispatcherServlet - Completed 200 OK
2025-12-11 16:51:43.286 [http-nio-8081-exec-4] DEBUG org.springframework.security.web.FilterChainProxy - Securing GET /api/v1/users/conversation?start_date=2025-12-04&end_date=2025-12-12
2025-12-11 16:51:43.305 [http-nio-8081-exec-4] DEBUG org.springframework.security.web.FilterChainProxy - Secured GET /api/v1/users/conversation?start_date=2025-12-04&end_date=2025-12-12
2025-12-11 16:51:43.305 [http-nio-8081-exec-4] DEBUG org.springframework.web.servlet.DispatcherServlet - GET "/api/v1/users/conversation?start_date=2025-12-04&end_date=2025-12-12", parameters={masked}
2025-12-11 16:51:43.305 [http-nio-8081-exec-4] DEBUG o.s.w.s.m.m.a.RequestMappingHandlerMapping - Mapped to com.yizhaoqi.smartpai.controller.ConversationController#getConversations(String, String, String)
2025-12-11 16:51:43.339 [http-nio-8081-exec-4] DEBUG o.s.w.s.m.m.annotation.HttpEntityMethodProcessor - Using 'application/json', given [application/json, text/plain, */*] and supported [application/json, application/*+json]
2025-12-11 16:51:43.339 [http-nio-8081-exec-4] DEBUG o.s.w.s.m.m.annotation.HttpEntityMethodProcessor - Writing [{code=200, data=[{role=user, content=你好, timestamp=2025-12-08T00:55:04}, {role=assistant, content=你好 (truncated)...]
2025-12-11 16:51:43.346 [http-nio-8081-exec-4] DEBUG org.springframework.web.servlet.DispatcherServlet - Completed 200 OK
2025-12-11 16:51:43.562 [http-nio-8081-exec-6] DEBUG org.springframework.security.web.FilterChainProxy - Securing GET /chat/eyJhbGciOiJIUzI1NiJ9.eyJwcmltYXJ5T3JnIjoiZGVmYXVsdCIsIm9yZ1RhZ3MiOiJkZWZhdWx0LGFkbWluIiwicm9sZSI6IkFETUlOIiwidG9rZW5JZCI6IjM1NDhhYjViNzcwNDQzMzhhYTNhYTRmOTg4ZWFjMThlIiwidXNlcklkIjoiMSIsInN1YiI6ImFkbWluIiwiZXhwIjoxNzY1NDQ2NzAyfQ.KNLkyiVyLQjh6WcjdwkWMq-n94PrCoCtGqvqyP6CNDY
2025-12-11 16:51:43.562 [http-nio-8081-exec-6] DEBUG o.s.s.w.a.AnonymousAuthenticationFilter - Set SecurityContextHolder to anonymous SecurityContext
2025-12-11 16:51:43.562 [http-nio-8081-exec-6] DEBUG org.springframework.security.web.FilterChainProxy - Secured GET /chat/eyJhbGciOiJIUzI1NiJ9.eyJwcmltYXJ5T3JnIjoiZGVmYXVsdCIsIm9yZ1RhZ3MiOiJkZWZhdWx0LGFkbWluIiwicm9sZSI6IkFETUlOIiwidG9rZW5JZCI6IjM1NDhhYjViNzcwNDQzMzhhYTNhYTRmOTg4ZWFjMThlIiwidXNlcklkIjoiMSIsInN1YiI6ImFkbWluIiwiZXhwIjoxNzY1NDQ2NzAyfQ.KNLkyiVyLQjh6WcjdwkWMq-n94PrCoCtGqvqyP6CNDY
2025-12-11 16:51:43.562 [http-nio-8081-exec-6] DEBUG org.springframework.web.servlet.DispatcherServlet - GET "/chat/eyJhbGciOiJIUzI1NiJ9.eyJwcmltYXJ5T3JnIjoiZGVmYXVsdCIsIm9yZ1RhZ3MiOiJkZWZhdWx0LGFkbWluIiwicm9sZSI6IkFETUlOIiwidG9rZW5JZCI6IjM1NDhhYjViNzcwNDQzMzhhYTNhYTRmOTg4ZWFjMThlIiwidXNlcklkIjoiMSIsInN1YiI6ImFkbWluIiwiZXhwIjoxNzY1NDQ2NzAyfQ.KNLkyiVyLQjh6WcjdwkWMq-n94PrCoCtGqvqyP6CNDY", parameters={}
2025-12-11 16:51:43.562 [http-nio-8081-exec-6] DEBUG o.s.w.s.server.support.WebSocketHandlerMapping - Mapped to org.springframework.web.socket.server.support.WebSocketHttpRequestHandler@438a0024
2025-12-11 16:51:43.565 [http-nio-8081-exec-6] DEBUG o.s.w.s.server.support.WebSocketHttpRequestHandler - GET /chat/eyJhbGciOiJIUzI1NiJ9.eyJwcmltYXJ5T3JnIjoiZGVmYXVsdCIsIm9yZ1RhZ3MiOiJkZWZhdWx0LGFkbWluIiwicm9sZSI6IkFETUlOIiwidG9rZW5JZCI6IjM1NDhhYjViNzcwNDQzMzhhYTNhYTRmOTg4ZWFjMThlIiwidXNlcklkIjoiMSIsInN1YiI6ImFkbWluIiwiZXhwIjoxNzY1NDQ2NzAyfQ.KNLkyiVyLQjh6WcjdwkWMq-n94PrCoCtGqvqyP6CNDY
2025-12-11 16:51:43.598 [http-nio-8081-exec-6] DEBUG org.springframework.web.servlet.DispatcherServlet - Completed 101 SWITCHING_PROTOCOLS
2025-12-11 16:51:43.609 [http-nio-8081-exec-6] DEBUG o.s.w.s.handler.LoggingWebSocketHandlerDecorator - New StandardWebSocketSession[id=80584786-4e1d-27db-5e5c-2e0a2413761d, uri=ws://localhost:8081/chat/eyJhbGciOiJIUzI1NiJ9.eyJwcmltYXJ5T3JnIjoiZGVmYXVsdCIsIm9yZ1RhZ3MiOiJkZWZhdWx0LGFkbWluIiwicm9sZSI6IkFETUlOIiwidG9rZW5JZCI6IjM1NDhhYjViNzcwNDQzMzhhYTNhYTRmOTg4ZWFjMThlIiwidXNlcklkIjoiMSIsInN1YiI6ImFkbWluIiwiZXhwIjoxNzY1NDQ2NzAyfQ.KNLkyiVyLQjh6WcjdwkWMq-n94PrCoCtGqvqyP6CNDY]
2025-12-11 16:51:43.609 [http-nio-8081-exec-6] INFO  c.yizhaoqi.smartpai.handler.ChatWebSocketHandler - WebSocket连接已建立，用户ID: admin，会话ID: 80584786-4e1d-27db-5e5c-2e0a2413761d，URI路径: /chat/eyJhbGciOiJIUzI1NiJ9.eyJwcmltYXJ5T3JnIjoiZGVmYXVsdCIsIm9yZ1RhZ3MiOiJkZWZhdWx0LGFkbWluIiwicm9sZSI6IkFETUlOIiwidG9rZW5JZCI6IjM1NDhhYjViNzcwNDQzMzhhYTNhYTRmOTg4ZWFjMThlIiwidXNlcklkIjoiMSIsInN1YiI6ImFkbWluIiwiZXhwIjoxNzY1NDQ2NzAyfQ.KNLkyiVyLQjh6WcjdwkWMq-n94PrCoCtGqvqyP6CNDY
2025-12-11 16:51:44.888 [http-nio-8081-exec-5] DEBUG org.springframework.security.web.FilterChainProxy - Securing GET /api/v1/users/me
2025-12-11 16:51:44.898 [http-nio-8081-exec-5] DEBUG org.springframework.security.web.FilterChainProxy - Secured GET /api/v1/users/me
2025-12-11 16:51:44.899 [http-nio-8081-exec-5] DEBUG org.springframework.web.servlet.DispatcherServlet - GET "/api/v1/users/me", parameters={}
2025-12-11 16:51:44.899 [http-nio-8081-exec-5] DEBUG o.s.w.s.m.m.a.RequestMappingHandlerMapping - Mapped to com.yizhaoqi.smartpai.controller.UserController#getCurrentUser(String)
2025-12-11 16:51:44.905 [http-nio-8081-exec-5] DEBUG o.s.w.s.m.m.annotation.HttpEntityMethodProcessor - Using 'application/json', given [application/json, text/plain, */*] and supported [application/json, application/*+json]
2025-12-11 16:51:44.905 [http-nio-8081-exec-5] DEBUG o.s.w.s.m.m.annotation.HttpEntityMethodProcessor - Writing [{code=200, data={id=1, username=admin, role=ADMIN, orgTags=[default, admin], primaryOrg=default, cre (truncated)...]
2025-12-11 16:51:44.909 [http-nio-8081-exec-5] DEBUG org.springframework.web.servlet.DispatcherServlet - Completed 200 OK
2025-12-11 16:51:45.281 [http-nio-8081-exec-7] DEBUG org.springframework.security.web.FilterChainProxy - Securing GET /api/v1/admin/conversation?userid=1&start_date=2025-12-04&end_date=2025-12-12
2025-12-11 16:51:45.281 [http-nio-8081-exec-8] DEBUG org.springframework.security.web.FilterChainProxy - Securing GET /api/v1/admin/users/list?page=1&size=999&orgTag=default
2025-12-11 16:51:45.292 [http-nio-8081-exec-7] DEBUG org.springframework.security.web.FilterChainProxy - Secured GET /api/v1/admin/conversation?userid=1&start_date=2025-12-04&end_date=2025-12-12
2025-12-11 16:51:45.292 [http-nio-8081-exec-7] DEBUG org.springframework.web.servlet.DispatcherServlet - GET "/api/v1/admin/conversation?userid=1&start_date=2025-12-04&end_date=2025-12-12", parameters={masked}
2025-12-11 16:51:45.292 [http-nio-8081-exec-7] DEBUG o.s.w.s.m.m.a.RequestMappingHandlerMapping - Mapped to com.yizhaoqi.smartpai.controller.AdminController#getAllConversations(String, String, String, String)
2025-12-11 16:51:45.293 [http-nio-8081-exec-8] DEBUG org.springframework.security.web.FilterChainProxy - Secured GET /api/v1/admin/users/list?page=1&size=999&orgTag=default
2025-12-11 16:51:45.294 [http-nio-8081-exec-8] DEBUG org.springframework.web.servlet.DispatcherServlet - GET "/api/v1/admin/users/list?page=1&size=999&orgTag=default", parameters={masked}
2025-12-11 16:51:45.294 [http-nio-8081-exec-8] DEBUG o.s.w.s.m.m.a.RequestMappingHandlerMapping - Mapped to com.yizhaoqi.smartpai.controller.AdminController#getUserList(String, String, String, Integer, int, int)
2025-12-11 16:51:45.322 [http-nio-8081-exec-7] DEBUG o.s.w.s.m.m.annotation.HttpEntityMethodProcessor - Using 'application/json', given [application/json, text/plain, */*] and supported [application/json, application/*+json]
2025-12-11 16:51:45.322 [http-nio-8081-exec-7] DEBUG o.s.w.s.m.m.annotation.HttpEntityMethodProcessor - Writing [{code=200, data=[{role=user, content=你好, timestamp=2025-12-08T00:55:04, username=admin}, {role=assis (truncated)...]
2025-12-11 16:51:45.324 [http-nio-8081-exec-7] DEBUG org.springframework.web.servlet.DispatcherServlet - Completed 200 OK
2025-12-11 16:51:45.328 [http-nio-8081-exec-8] DEBUG o.s.w.s.m.m.annotation.HttpEntityMethodProcessor - Using 'application/json', given [application/json, text/plain, */*] and supported [application/json, application/*+json]
2025-12-11 16:51:45.328 [http-nio-8081-exec-8] DEBUG o.s.w.s.m.m.annotation.HttpEntityMethodProcessor - Writing [{code=200, data={number=1, size=999, totalPages=1, content=[{primaryOrg=default, createdAt=2025-12-0 (truncated)...]
2025-12-11 16:51:45.330 [http-nio-8081-exec-8] DEBUG org.springframework.web.servlet.DispatcherServlet - Completed 200 OK
2025-12-11 16:51:48.554 [http-nio-8081-exec-9] DEBUG org.springframework.security.web.FilterChainProxy - Securing GET /api/v1/users/me
2025-12-11 16:51:48.563 [http-nio-8081-exec-9] DEBUG org.springframework.security.web.FilterChainProxy - Secured GET /api/v1/users/me
2025-12-11 16:51:48.563 [http-nio-8081-exec-9] DEBUG org.springframework.web.servlet.DispatcherServlet - GET "/api/v1/users/me", parameters={}
2025-12-11 16:51:48.563 [http-nio-8081-exec-9] DEBUG o.s.w.s.m.m.a.RequestMappingHandlerMapping - Mapped to com.yizhaoqi.smartpai.controller.UserController#getCurrentUser(String)
2025-12-11 16:51:48.569 [http-nio-8081-exec-9] DEBUG o.s.w.s.m.m.annotation.HttpEntityMethodProcessor - Using 'application/json', given [application/json, text/plain, */*] and supported [application/json, application/*+json]
2025-12-11 16:51:48.569 [http-nio-8081-exec-9] DEBUG o.s.w.s.m.m.annotation.HttpEntityMethodProcessor - Writing [{code=200, data={id=1, username=admin, role=ADMIN, orgTags=[default, admin], primaryOrg=default, cre (truncated)...]
2025-12-11 16:51:48.570 [http-nio-8081-exec-9] DEBUG org.springframework.web.servlet.DispatcherServlet - Completed 200 OK
2025-12-11 16:51:50.121 [http-nio-8081-exec-10] DEBUG o.s.w.s.handler.LoggingWebSocketHandlerDecorator - StandardWebSocketSession[id=80584786-4e1d-27db-5e5c-2e0a2413761d, uri=ws://localhost:8081/chat/eyJhbGciOiJIUzI1NiJ9.eyJwcmltYXJ5T3JnIjoiZGVmYXVsdCIsIm9yZ1RhZ3MiOiJkZWZhdWx0LGFkbWluIiwicm9sZSI6IkFETUlOIiwidG9rZW5JZCI6IjM1NDhhYjViNzcwNDQzMzhhYTNhYTRmOTg4ZWFjMThlIiwidXNlcklkIjoiMSIsInN1YiI6ImFkbWluIiwiZXhwIjoxNzY1NDQ2NzAyfQ.KNLkyiVyLQjh6WcjdwkWMq-n94PrCoCtGqvqyP6CNDY] closed with CloseStatus[code=1000, reason=null]
2025-12-11 16:51:50.123 [http-nio-8081-exec-10] INFO  c.yizhaoqi.smartpai.handler.ChatWebSocketHandler - WebSocket连接已关闭，用户ID: admin，会话ID: 80584786-4e1d-27db-5e5c-2e0a2413761d，状态: CloseStatus[code=1000, reason=null]
2025-12-11 16:51:51.474 [http-nio-8081-exec-1] DEBUG org.springframework.security.web.FilterChainProxy - Securing GET /api/v1/users/me
2025-12-11 16:51:51.483 [http-nio-8081-exec-1] DEBUG org.springframework.security.web.FilterChainProxy - Secured GET /api/v1/users/me
2025-12-11 16:51:51.483 [http-nio-8081-exec-1] DEBUG org.springframework.web.servlet.DispatcherServlet - GET "/api/v1/users/me", parameters={}
2025-12-11 16:51:51.483 [http-nio-8081-exec-1] DEBUG o.s.w.s.m.m.a.RequestMappingHandlerMapping - Mapped to com.yizhaoqi.smartpai.controller.UserController#getCurrentUser(String)
2025-12-11 16:51:51.487 [http-nio-8081-exec-1] DEBUG o.s.w.s.m.m.annotation.HttpEntityMethodProcessor - Using 'application/json', given [application/json, text/plain, */*] and supported [application/json, application/*+json]
2025-12-11 16:51:51.487 [http-nio-8081-exec-1] DEBUG o.s.w.s.m.m.annotation.HttpEntityMethodProcessor - Writing [{code=200, data={id=1, username=admin, role=ADMIN, orgTags=[default, admin], primaryOrg=default, cre (truncated)...]
2025-12-11 16:51:51.496 [http-nio-8081-exec-1] DEBUG org.springframework.web.servlet.DispatcherServlet - Completed 200 OK
2025-12-11 16:51:51.505 [http-nio-8081-exec-2] DEBUG org.springframework.security.web.FilterChainProxy - Securing GET /api/v1/users/me
2025-12-11 16:51:51.520 [http-nio-8081-exec-2] DEBUG org.springframework.security.web.FilterChainProxy - Secured GET /api/v1/users/me
2025-12-11 16:51:51.521 [http-nio-8081-exec-2] DEBUG org.springframework.web.servlet.DispatcherServlet - GET "/api/v1/users/me", parameters={}
2025-12-11 16:51:51.521 [http-nio-8081-exec-2] DEBUG o.s.w.s.m.m.a.RequestMappingHandlerMapping - Mapped to com.yizhaoqi.smartpai.controller.UserController#getCurrentUser(String)
2025-12-11 16:51:51.529 [http-nio-8081-exec-2] DEBUG o.s.w.s.m.m.annotation.HttpEntityMethodProcessor - Using 'application/json', given [application/json, text/plain, */*] and supported [application/json, application/*+json]
2025-12-11 16:51:51.529 [http-nio-8081-exec-2] DEBUG o.s.w.s.m.m.annotation.HttpEntityMethodProcessor - Writing [{code=200, data={id=1, username=admin, role=ADMIN, orgTags=[default, admin], primaryOrg=default, cre (truncated)...]
2025-12-11 16:51:51.531 [http-nio-8081-exec-2] DEBUG org.springframework.web.servlet.DispatcherServlet - Completed 200 OK
2025-12-11 16:51:51.832 [http-nio-8081-exec-3] DEBUG org.springframework.security.web.FilterChainProxy - Securing GET /api/v1/documents/uploads
2025-12-11 16:51:51.843 [http-nio-8081-exec-3] INFO  c.y.smartpai.config.OrgTagAuthorizationFilter - 处理获取用户文档请求: /api/v1/documents/uploads
2025-12-11 16:51:51.848 [http-nio-8081-exec-3] DEBUG org.springframework.security.web.FilterChainProxy - Secured GET /api/v1/documents/uploads
2025-12-11 16:51:51.849 [http-nio-8081-exec-3] DEBUG org.springframework.web.servlet.DispatcherServlet - GET "/api/v1/documents/uploads", parameters={}
2025-12-11 16:51:51.849 [http-nio-8081-exec-3] DEBUG o.s.w.s.m.m.a.RequestMappingHandlerMapping - Mapped to com.yizhaoqi.smartpai.controller.DocumentController#getUserUploadedFiles(String)
2025-12-11 16:51:51.852 [http-nio-8081-exec-3] INFO  com.yizhaoqi.smartpai.service.DocumentService - 获取用户上传的文件列表: userId=1
2025-12-11 16:51:51.859 [http-nio-8081-exec-3] INFO  com.yizhaoqi.smartpai.service.DocumentService - 成功获取用户上传的文件列表: userId=1, fileCount=0
2025-12-11 16:51:51.861 [http-nio-8081-exec-3] DEBUG o.s.w.s.m.m.annotation.HttpEntityMethodProcessor - Using 'application/json', given [application/json, text/plain, */*] and supported [application/json, application/*+json]
2025-12-11 16:51:51.861 [http-nio-8081-exec-3] DEBUG o.s.w.s.m.m.annotation.HttpEntityMethodProcessor - Writing [{code=200, data=[], message=获取用户上传文件列表成功}]
2025-12-11 16:51:51.863 [http-nio-8081-exec-3] DEBUG org.springframework.web.servlet.DispatcherServlet - Completed 200 OK
2025-12-11 16:51:55.121 [http-nio-8081-exec-4] DEBUG org.springframework.security.web.FilterChainProxy - Securing GET /api/v1/users/me
2025-12-11 16:51:55.137 [http-nio-8081-exec-4] DEBUG org.springframework.security.web.FilterChainProxy - Secured GET /api/v1/users/me
2025-12-11 16:51:55.137 [http-nio-8081-exec-4] DEBUG org.springframework.web.servlet.DispatcherServlet - GET "/api/v1/users/me", parameters={}
2025-12-11 16:51:55.137 [http-nio-8081-exec-4] DEBUG o.s.w.s.m.m.a.RequestMappingHandlerMapping - Mapped to com.yizhaoqi.smartpai.controller.UserController#getCurrentUser(String)
2025-12-11 16:51:55.147 [http-nio-8081-exec-4] DEBUG o.s.w.s.m.m.annotation.HttpEntityMethodProcessor - Using 'application/json', given [application/json, text/plain, */*] and supported [application/json, application/*+json]
2025-12-11 16:51:55.147 [http-nio-8081-exec-4] DEBUG o.s.w.s.m.m.annotation.HttpEntityMethodProcessor - Writing [{code=200, data={id=1, username=admin, role=ADMIN, orgTags=[default, admin], primaryOrg=default, cre (truncated)...]
2025-12-11 16:51:55.149 [http-nio-8081-exec-4] DEBUG org.springframework.web.servlet.DispatcherServlet - Completed 200 OK
2025-12-11 16:51:55.521 [http-nio-8081-exec-6] DEBUG org.springframework.security.web.FilterChainProxy - Securing GET /api/v1/admin/org-tags/tree
2025-12-11 16:51:55.531 [http-nio-8081-exec-6] DEBUG org.springframework.security.web.FilterChainProxy - Secured GET /api/v1/admin/org-tags/tree
2025-12-11 16:51:55.531 [http-nio-8081-exec-6] DEBUG org.springframework.web.servlet.DispatcherServlet - GET "/api/v1/admin/org-tags/tree", parameters={}
2025-12-11 16:51:55.532 [http-nio-8081-exec-6] DEBUG o.s.w.s.m.m.a.RequestMappingHandlerMapping - Mapped to com.yizhaoqi.smartpai.controller.AdminController#getOrganizationTagTree(String)
2025-12-11 16:51:55.553 [http-nio-8081-exec-6] DEBUG o.s.w.s.m.m.annotation.HttpEntityMethodProcessor - Using 'application/json', given [application/json, text/plain, */*] and supported [application/json, application/*+json]
2025-12-11 16:51:55.553 [http-nio-8081-exec-6] DEBUG o.s.w.s.m.m.annotation.HttpEntityMethodProcessor - Writing [{code=200, data=[{tagId=admin, parentTag=null, name=管理员组织, description=管理员专用组织标签，具有管理权限}, {tagId=def (truncated)...]
2025-12-11 16:51:55.555 [http-nio-8081-exec-6] DEBUG org.springframework.web.servlet.DispatcherServlet - Completed 200 OK
2025-12-11 16:51:56.698 [http-nio-8081-exec-5] DEBUG org.springframework.security.web.FilterChainProxy - Securing GET /api/v1/users/me
2025-12-11 16:51:56.708 [http-nio-8081-exec-5] DEBUG org.springframework.security.web.FilterChainProxy - Secured GET /api/v1/users/me
2025-12-11 16:51:56.708 [http-nio-8081-exec-5] DEBUG org.springframework.web.servlet.DispatcherServlet - GET "/api/v1/users/me", parameters={}
2025-12-11 16:51:56.708 [http-nio-8081-exec-5] DEBUG o.s.w.s.m.m.a.RequestMappingHandlerMapping - Mapped to com.yizhaoqi.smartpai.controller.UserController#getCurrentUser(String)
2025-12-11 16:51:56.714 [http-nio-8081-exec-5] DEBUG o.s.w.s.m.m.annotation.HttpEntityMethodProcessor - Using 'application/json', given [application/json, text/plain, */*] and supported [application/json, application/*+json]
2025-12-11 16:51:56.714 [http-nio-8081-exec-5] DEBUG o.s.w.s.m.m.annotation.HttpEntityMethodProcessor - Writing [{code=200, data={id=1, username=admin, role=ADMIN, orgTags=[default, admin], primaryOrg=default, cre (truncated)...]
2025-12-11 16:51:56.715 [http-nio-8081-exec-5] DEBUG org.springframework.web.servlet.DispatcherServlet - Completed 200 OK
2025-12-11 16:51:57.116 [http-nio-8081-exec-8] DEBUG org.springframework.security.web.FilterChainProxy - Securing GET /api/v1/admin/org-tags/tree
2025-12-11 16:51:57.116 [http-nio-8081-exec-7] DEBUG org.springframework.security.web.FilterChainProxy - Securing GET /api/v1/admin/users/list?page=1&size=20
2025-12-11 16:51:57.134 [http-nio-8081-exec-8] DEBUG org.springframework.security.web.FilterChainProxy - Secured GET /api/v1/admin/org-tags/tree
2025-12-11 16:51:57.134 [http-nio-8081-exec-7] DEBUG org.springframework.security.web.FilterChainProxy - Secured GET /api/v1/admin/users/list?page=1&size=20
2025-12-11 16:51:57.135 [http-nio-8081-exec-8] DEBUG org.springframework.web.servlet.DispatcherServlet - GET "/api/v1/admin/org-tags/tree", parameters={}
2025-12-11 16:51:57.135 [http-nio-8081-exec-7] DEBUG org.springframework.web.servlet.DispatcherServlet - GET "/api/v1/admin/users/list?page=1&size=20", parameters={masked}
2025-12-11 16:51:57.135 [http-nio-8081-exec-7] DEBUG o.s.w.s.m.m.a.RequestMappingHandlerMapping - Mapped to com.yizhaoqi.smartpai.controller.AdminController#getUserList(String, String, String, Integer, int, int)
2025-12-11 16:51:57.135 [http-nio-8081-exec-8] DEBUG o.s.w.s.m.m.a.RequestMappingHandlerMapping - Mapped to com.yizhaoqi.smartpai.controller.AdminController#getOrganizationTagTree(String)
2025-12-11 16:51:57.153 [http-nio-8081-exec-8] DEBUG o.s.w.s.m.m.annotation.HttpEntityMethodProcessor - Using 'application/json', given [application/json, text/plain, */*] and supported [application/json, application/*+json]
2025-12-11 16:51:57.154 [http-nio-8081-exec-8] DEBUG o.s.w.s.m.m.annotation.HttpEntityMethodProcessor - Writing [{code=200, data=[{tagId=admin, parentTag=null, name=管理员组织, description=管理员专用组织标签，具有管理权限}, {tagId=def (truncated)...]
2025-12-11 16:51:57.157 [http-nio-8081-exec-8] DEBUG org.springframework.web.servlet.DispatcherServlet - Completed 200 OK
2025-12-11 16:51:57.163 [http-nio-8081-exec-7] DEBUG o.s.w.s.m.m.annotation.HttpEntityMethodProcessor - Using 'application/json', given [application/json, text/plain, */*] and supported [application/json, application/*+json]
2025-12-11 16:51:57.164 [http-nio-8081-exec-7] DEBUG o.s.w.s.m.m.annotation.HttpEntityMethodProcessor - Writing [{code=200, data={number=1, size=20, totalPages=1, content=[{primaryOrg=default, createdAt=2025-12-05 (truncated)...]
2025-12-11 16:51:57.165 [http-nio-8081-exec-7] DEBUG org.springframework.web.servlet.DispatcherServlet - Completed 200 OK
2025-12-11 16:51:57.168 [http-nio-8081-exec-9] DEBUG org.springframework.security.web.FilterChainProxy - Securing GET /api/v1/admin/users/list?page=1&size=20
2025-12-11 16:51:57.181 [http-nio-8081-exec-9] DEBUG org.springframework.security.web.FilterChainProxy - Secured GET /api/v1/admin/users/list?page=1&size=20
2025-12-11 16:51:57.182 [http-nio-8081-exec-9] DEBUG org.springframework.web.servlet.DispatcherServlet - GET "/api/v1/admin/users/list?page=1&size=20", parameters={masked}
2025-12-11 16:51:57.182 [http-nio-8081-exec-9] DEBUG o.s.w.s.m.m.a.RequestMappingHandlerMapping - Mapped to com.yizhaoqi.smartpai.controller.AdminController#getUserList(String, String, String, Integer, int, int)
2025-12-11 16:51:57.199 [http-nio-8081-exec-9] DEBUG o.s.w.s.m.m.annotation.HttpEntityMethodProcessor - Using 'application/json', given [application/json, text/plain, */*] and supported [application/json, application/*+json]
2025-12-11 16:51:57.200 [http-nio-8081-exec-9] DEBUG o.s.w.s.m.m.annotation.HttpEntityMethodProcessor - Writing [{code=200, data={number=1, size=20, totalPages=1, content=[{primaryOrg=default, createdAt=2025-12-05 (truncated)...]
2025-12-11 16:51:57.202 [http-nio-8081-exec-9] DEBUG org.springframework.web.servlet.DispatcherServlet - Completed 200 OK
2025-12-11 16:51:58.149 [http-nio-8081-exec-10] DEBUG org.springframework.security.web.FilterChainProxy - Securing GET /api/v1/users/me
2025-12-11 16:51:58.156 [http-nio-8081-exec-10] DEBUG org.springframework.security.web.FilterChainProxy - Secured GET /api/v1/users/me
2025-12-11 16:51:58.156 [http-nio-8081-exec-10] DEBUG org.springframework.web.servlet.DispatcherServlet - GET "/api/v1/users/me", parameters={}
2025-12-11 16:51:58.156 [http-nio-8081-exec-10] DEBUG o.s.w.s.m.m.a.RequestMappingHandlerMapping - Mapped to com.yizhaoqi.smartpai.controller.UserController#getCurrentUser(String)
2025-12-11 16:51:58.161 [http-nio-8081-exec-10] DEBUG o.s.w.s.m.m.annotation.HttpEntityMethodProcessor - Using 'application/json', given [application/json, text/plain, */*] and supported [application/json, application/*+json]
2025-12-11 16:51:58.161 [http-nio-8081-exec-10] DEBUG o.s.w.s.m.m.annotation.HttpEntityMethodProcessor - Writing [{code=200, data={id=1, username=admin, role=ADMIN, orgTags=[default, admin], primaryOrg=default, cre (truncated)...]
2025-12-11 16:51:58.162 [http-nio-8081-exec-10] DEBUG org.springframework.web.servlet.DispatcherServlet - Completed 200 OK
2025-12-11 16:51:58.853 [http-nio-8081-exec-1] DEBUG org.springframework.security.web.FilterChainProxy - Securing GET /api/v1/users/org-tags
2025-12-11 16:51:58.863 [http-nio-8081-exec-1] DEBUG org.springframework.security.web.FilterChainProxy - Secured GET /api/v1/users/org-tags
2025-12-11 16:51:58.863 [http-nio-8081-exec-1] DEBUG org.springframework.web.servlet.DispatcherServlet - GET "/api/v1/users/org-tags", parameters={}
2025-12-11 16:51:58.863 [http-nio-8081-exec-1] DEBUG o.s.w.s.m.m.a.RequestMappingHandlerMapping - Mapped to com.yizhaoqi.smartpai.controller.UserController#getUserOrgTags(String)
2025-12-11 16:51:58.874 [http-nio-8081-exec-1] DEBUG com.yizhaoqi.smartpai.service.OrgTagCacheService - Cached organization tags for user: admin
2025-12-11 16:51:58.877 [http-nio-8081-exec-1] DEBUG com.yizhaoqi.smartpai.service.OrgTagCacheService - Cached primary organization for user: admin
2025-12-11 16:51:58.882 [http-nio-8081-exec-1] DEBUG o.s.w.s.m.m.annotation.HttpEntityMethodProcessor - Using 'application/json', given [application/json, text/plain, */*] and supported [application/json, application/*+json]
2025-12-11 16:51:58.882 [http-nio-8081-exec-1] DEBUG o.s.w.s.m.m.annotation.HttpEntityMethodProcessor - Writing [{code=200, data={primaryOrg=default, orgTags=[default, admin], orgTagDetails=[{tagId=default, name=默 (truncated)...]
2025-12-11 16:51:58.884 [http-nio-8081-exec-1] DEBUG org.springframework.web.servlet.DispatcherServlet - Completed 200 OK
2025-12-11 16:52:00.498 [http-nio-8081-exec-2] DEBUG org.springframework.security.web.FilterChainProxy - Securing GET /api/v1/users/me
2025-12-11 16:52:00.509 [http-nio-8081-exec-2] DEBUG org.springframework.security.web.FilterChainProxy - Secured GET /api/v1/users/me
2025-12-11 16:52:00.509 [http-nio-8081-exec-2] DEBUG org.springframework.web.servlet.DispatcherServlet - GET "/api/v1/users/me", parameters={}
2025-12-11 16:52:00.509 [http-nio-8081-exec-2] DEBUG o.s.w.s.m.m.a.RequestMappingHandlerMapping - Mapped to com.yizhaoqi.smartpai.controller.UserController#getCurrentUser(String)
2025-12-11 16:52:00.514 [http-nio-8081-exec-2] DEBUG o.s.w.s.m.m.annotation.HttpEntityMethodProcessor - Using 'application/json', given [application/json, text/plain, */*] and supported [application/json, application/*+json]
2025-12-11 16:52:00.514 [http-nio-8081-exec-2] DEBUG o.s.w.s.m.m.annotation.HttpEntityMethodProcessor - Writing [{code=200, data={id=1, username=admin, role=ADMIN, orgTags=[default, admin], primaryOrg=default, cre (truncated)...]
2025-12-11 16:52:00.515 [http-nio-8081-exec-2] DEBUG org.springframework.web.servlet.DispatcherServlet - Completed 200 OK
2025-12-11 16:52:00.812 [http-nio-8081-exec-3] DEBUG org.springframework.security.web.FilterChainProxy - Securing GET /api/v1/admin/users/list?page=1&size=20
2025-12-11 16:52:00.812 [http-nio-8081-exec-4] DEBUG org.springframework.security.web.FilterChainProxy - Securing GET /api/v1/admin/org-tags/tree
2025-12-11 16:52:00.821 [http-nio-8081-exec-3] DEBUG org.springframework.security.web.FilterChainProxy - Secured GET /api/v1/admin/users/list?page=1&size=20
2025-12-11 16:52:00.822 [http-nio-8081-exec-3] DEBUG org.springframework.web.servlet.DispatcherServlet - GET "/api/v1/admin/users/list?page=1&size=20", parameters={masked}
2025-12-11 16:52:00.822 [http-nio-8081-exec-3] DEBUG o.s.w.s.m.m.a.RequestMappingHandlerMapping - Mapped to com.yizhaoqi.smartpai.controller.AdminController#getUserList(String, String, String, Integer, int, int)
2025-12-11 16:52:00.822 [http-nio-8081-exec-4] DEBUG org.springframework.security.web.FilterChainProxy - Secured GET /api/v1/admin/org-tags/tree
2025-12-11 16:52:00.822 [http-nio-8081-exec-4] DEBUG org.springframework.web.servlet.DispatcherServlet - GET "/api/v1/admin/org-tags/tree", parameters={}
2025-12-11 16:52:00.822 [http-nio-8081-exec-4] DEBUG o.s.w.s.m.m.a.RequestMappingHandlerMapping - Mapped to com.yizhaoqi.smartpai.controller.AdminController#getOrganizationTagTree(String)
2025-12-11 16:52:00.830 [http-nio-8081-exec-4] DEBUG o.s.w.s.m.m.annotation.HttpEntityMethodProcessor - Using 'application/json', given [application/json, text/plain, */*] and supported [application/json, application/*+json]
2025-12-11 16:52:00.830 [http-nio-8081-exec-4] DEBUG o.s.w.s.m.m.annotation.HttpEntityMethodProcessor - Writing [{code=200, data=[{tagId=admin, parentTag=null, name=管理员组织, description=管理员专用组织标签，具有管理权限}, {tagId=def (truncated)...]
2025-12-11 16:52:00.831 [http-nio-8081-exec-4] DEBUG org.springframework.web.servlet.DispatcherServlet - Completed 200 OK
2025-12-11 16:52:00.833 [http-nio-8081-exec-3] DEBUG o.s.w.s.m.m.annotation.HttpEntityMethodProcessor - Using 'application/json', given [application/json, text/plain, */*] and supported [application/json, application/*+json]
2025-12-11 16:52:00.833 [http-nio-8081-exec-3] DEBUG o.s.w.s.m.m.annotation.HttpEntityMethodProcessor - Writing [{code=200, data={number=1, size=20, totalPages=1, content=[{primaryOrg=default, createdAt=2025-12-05 (truncated)...]
2025-12-11 16:52:00.835 [http-nio-8081-exec-3] DEBUG org.springframework.web.servlet.DispatcherServlet - Completed 200 OK
2025-12-11 16:52:01.143 [http-nio-8081-exec-6] DEBUG org.springframework.security.web.FilterChainProxy - Securing GET /api/v1/admin/users/list?page=1&size=20
2025-12-11 16:52:01.152 [http-nio-8081-exec-6] DEBUG org.springframework.security.web.FilterChainProxy - Secured GET /api/v1/admin/users/list?page=1&size=20
2025-12-11 16:52:01.152 [http-nio-8081-exec-6] DEBUG org.springframework.web.servlet.DispatcherServlet - GET "/api/v1/admin/users/list?page=1&size=20", parameters={masked}
2025-12-11 16:52:01.152 [http-nio-8081-exec-6] DEBUG o.s.w.s.m.m.a.RequestMappingHandlerMapping - Mapped to com.yizhaoqi.smartpai.controller.AdminController#getUserList(String, String, String, Integer, int, int)
2025-12-11 16:52:01.163 [http-nio-8081-exec-6] DEBUG o.s.w.s.m.m.annotation.HttpEntityMethodProcessor - Using 'application/json', given [application/json, text/plain, */*] and supported [application/json, application/*+json]
2025-12-11 16:52:01.163 [http-nio-8081-exec-6] DEBUG o.s.w.s.m.m.annotation.HttpEntityMethodProcessor - Writing [{code=200, data={number=1, size=20, totalPages=1, content=[{primaryOrg=default, createdAt=2025-12-05 (truncated)...]
2025-12-11 16:52:01.165 [http-nio-8081-exec-6] DEBUG org.springframework.web.servlet.DispatcherServlet - Completed 200 OK
2025-12-11 16:52:02.168 [http-nio-8081-exec-5] DEBUG org.springframework.security.web.FilterChainProxy - Securing GET /api/v1/users/me
2025-12-11 16:52:02.178 [http-nio-8081-exec-5] DEBUG org.springframework.security.web.FilterChainProxy - Secured GET /api/v1/users/me
2025-12-11 16:52:02.178 [http-nio-8081-exec-5] DEBUG org.springframework.web.servlet.DispatcherServlet - GET "/api/v1/users/me", parameters={}
2025-12-11 16:52:02.178 [http-nio-8081-exec-5] DEBUG o.s.w.s.m.m.a.RequestMappingHandlerMapping - Mapped to com.yizhaoqi.smartpai.controller.UserController#getCurrentUser(String)
2025-12-11 16:52:02.183 [http-nio-8081-exec-5] DEBUG o.s.w.s.m.m.annotation.HttpEntityMethodProcessor - Using 'application/json', given [application/json, text/plain, */*] and supported [application/json, application/*+json]
2025-12-11 16:52:02.183 [http-nio-8081-exec-5] DEBUG o.s.w.s.m.m.annotation.HttpEntityMethodProcessor - Writing [{code=200, data={id=1, username=admin, role=ADMIN, orgTags=[default, admin], primaryOrg=default, cre (truncated)...]
2025-12-11 16:52:02.185 [http-nio-8081-exec-5] DEBUG org.springframework.web.servlet.DispatcherServlet - Completed 200 OK
2025-12-11 16:52:02.430 [http-nio-8081-exec-8] DEBUG org.springframework.security.web.FilterChainProxy - Securing GET /api/v1/users/org-tags
2025-12-11 16:52:02.439 [http-nio-8081-exec-8] DEBUG org.springframework.security.web.FilterChainProxy - Secured GET /api/v1/users/org-tags
2025-12-11 16:52:02.439 [http-nio-8081-exec-8] DEBUG org.springframework.web.servlet.DispatcherServlet - GET "/api/v1/users/org-tags", parameters={}
2025-12-11 16:52:02.439 [http-nio-8081-exec-8] DEBUG o.s.w.s.m.m.a.RequestMappingHandlerMapping - Mapped to com.yizhaoqi.smartpai.controller.UserController#getUserOrgTags(String)
2025-12-11 16:52:02.456 [http-nio-8081-exec-8] DEBUG o.s.w.s.m.m.annotation.HttpEntityMethodProcessor - Using 'application/json', given [application/json, text/plain, */*] and supported [application/json, application/*+json]
2025-12-11 16:52:02.456 [http-nio-8081-exec-8] DEBUG o.s.w.s.m.m.annotation.HttpEntityMethodProcessor - Writing [{code=200, data={primaryOrg=default, orgTags=[default, admin], orgTagDetails=[{tagId=default, name=默 (truncated)...]
2025-12-11 16:52:02.458 [http-nio-8081-exec-8] DEBUG org.springframework.web.servlet.DispatcherServlet - Completed 200 OK
2025-12-11 16:52:11.179 [http-nio-8081-exec-7] DEBUG org.springframework.security.web.FilterChainProxy - Securing PUT /api/v1/users/primary-org
2025-12-11 16:52:11.191 [http-nio-8081-exec-7] DEBUG org.springframework.security.web.FilterChainProxy - Secured PUT /api/v1/users/primary-org
2025-12-11 16:52:11.191 [http-nio-8081-exec-7] DEBUG org.springframework.web.servlet.DispatcherServlet - PUT "/api/v1/users/primary-org", parameters={}
2025-12-11 16:52:11.191 [http-nio-8081-exec-7] DEBUG o.s.w.s.m.m.a.RequestMappingHandlerMapping - Mapped to com.yizhaoqi.smartpai.controller.UserController#setPrimaryOrg(String, PrimaryOrgRequest)
2025-12-11 16:52:11.196 [http-nio-8081-exec-7] DEBUG o.s.w.s.m.m.a.RequestResponseBodyMethodProcessor - Read "application/json;charset=UTF-8" to [PrimaryOrgRequest[primaryOrg=admin]]
2025-12-11 16:52:11.242 [http-nio-8081-exec-7] DEBUG com.yizhaoqi.smartpai.service.OrgTagCacheService - Cached primary organization for user: admin
2025-12-11 16:52:11.243 [http-nio-8081-exec-7] DEBUG o.s.w.s.m.m.annotation.HttpEntityMethodProcessor - Using 'application/json', given [application/json, text/plain, */*] and supported [application/json, application/*+json]
2025-12-11 16:52:11.243 [http-nio-8081-exec-7] DEBUG o.s.w.s.m.m.annotation.HttpEntityMethodProcessor - Writing [{message=Primary organization set successfully, code=200}]
2025-12-11 16:52:11.244 [http-nio-8081-exec-7] DEBUG org.springframework.web.servlet.DispatcherServlet - Completed 200 OK
2025-12-11 16:52:11.568 [http-nio-8081-exec-9] DEBUG org.springframework.security.web.FilterChainProxy - Securing GET /api/v1/users/org-tags
2025-12-11 16:52:11.578 [http-nio-8081-exec-9] DEBUG org.springframework.security.web.FilterChainProxy - Secured GET /api/v1/users/org-tags
2025-12-11 16:52:11.578 [http-nio-8081-exec-9] DEBUG org.springframework.web.servlet.DispatcherServlet - GET "/api/v1/users/org-tags", parameters={}
2025-12-11 16:52:11.578 [http-nio-8081-exec-9] DEBUG o.s.w.s.m.m.a.RequestMappingHandlerMapping - Mapped to com.yizhaoqi.smartpai.controller.UserController#getUserOrgTags(String)
2025-12-11 16:52:11.589 [http-nio-8081-exec-9] DEBUG o.s.w.s.m.m.annotation.HttpEntityMethodProcessor - Using 'application/json', given [application/json, text/plain, */*] and supported [application/json, application/*+json]
2025-12-11 16:52:11.589 [http-nio-8081-exec-9] DEBUG o.s.w.s.m.m.annotation.HttpEntityMethodProcessor - Writing [{code=200, data={primaryOrg=admin, orgTags=[default, admin], orgTagDetails=[{tagId=default, name=默认组 (truncated)...]
2025-12-11 16:52:11.591 [http-nio-8081-exec-9] DEBUG org.springframework.web.servlet.DispatcherServlet - Completed 200 OK
2025-12-11 16:52:13.674 [http-nio-8081-exec-10] DEBUG org.springframework.security.web.FilterChainProxy - Securing GET /api/v1/users/me
2025-12-11 16:52:13.682 [http-nio-8081-exec-10] DEBUG org.springframework.security.web.FilterChainProxy - Secured GET /api/v1/users/me
2025-12-11 16:52:13.682 [http-nio-8081-exec-10] DEBUG org.springframework.web.servlet.DispatcherServlet - GET "/api/v1/users/me", parameters={}
2025-12-11 16:52:13.682 [http-nio-8081-exec-10] DEBUG o.s.w.s.m.m.a.RequestMappingHandlerMapping - Mapped to com.yizhaoqi.smartpai.controller.UserController#getCurrentUser(String)
2025-12-11 16:52:13.686 [http-nio-8081-exec-10] DEBUG o.s.w.s.m.m.annotation.HttpEntityMethodProcessor - Using 'application/json', given [application/json, text/plain, */*] and supported [application/json, application/*+json]
2025-12-11 16:52:13.686 [http-nio-8081-exec-10] DEBUG o.s.w.s.m.m.annotation.HttpEntityMethodProcessor - Writing [{code=200, data={id=1, username=admin, role=ADMIN, orgTags=[default, admin], primaryOrg=admin, creat (truncated)...]
2025-12-11 16:52:13.687 [http-nio-8081-exec-10] DEBUG org.springframework.web.servlet.DispatcherServlet - Completed 200 OK
2025-12-11 16:52:14.276 [http-nio-8081-exec-1] DEBUG org.springframework.security.web.FilterChainProxy - Securing GET /api/v1/admin/org-tags/tree
2025-12-11 16:52:14.285 [http-nio-8081-exec-1] DEBUG org.springframework.security.web.FilterChainProxy - Secured GET /api/v1/admin/org-tags/tree
2025-12-11 16:52:14.285 [http-nio-8081-exec-1] DEBUG org.springframework.web.servlet.DispatcherServlet - GET "/api/v1/admin/org-tags/tree", parameters={}
2025-12-11 16:52:14.285 [http-nio-8081-exec-1] DEBUG o.s.w.s.m.m.a.RequestMappingHandlerMapping - Mapped to com.yizhaoqi.smartpai.controller.AdminController#getOrganizationTagTree(String)
2025-12-11 16:52:14.294 [http-nio-8081-exec-1] DEBUG o.s.w.s.m.m.annotation.HttpEntityMethodProcessor - Using 'application/json', given [application/json, text/plain, */*] and supported [application/json, application/*+json]
2025-12-11 16:52:14.294 [http-nio-8081-exec-1] DEBUG o.s.w.s.m.m.annotation.HttpEntityMethodProcessor - Writing [{code=200, data=[{tagId=admin, parentTag=null, name=管理员组织, description=管理员专用组织标签，具有管理权限}, {tagId=def (truncated)...]
2025-12-11 16:52:14.296 [http-nio-8081-exec-1] DEBUG org.springframework.web.servlet.DispatcherServlet - Completed 200 OK
2025-12-11 16:52:25.454 [http-nio-8081-exec-2] DEBUG org.springframework.security.web.FilterChainProxy - Securing GET /api/v1/users/me
2025-12-11 16:52:25.463 [http-nio-8081-exec-2] DEBUG org.springframework.security.web.FilterChainProxy - Secured GET /api/v1/users/me
2025-12-11 16:52:25.463 [http-nio-8081-exec-2] DEBUG org.springframework.web.servlet.DispatcherServlet - GET "/api/v1/users/me", parameters={}
2025-12-11 16:52:25.463 [http-nio-8081-exec-2] DEBUG o.s.w.s.m.m.a.RequestMappingHandlerMapping - Mapped to com.yizhaoqi.smartpai.controller.UserController#getCurrentUser(String)
2025-12-11 16:52:25.467 [http-nio-8081-exec-2] DEBUG o.s.w.s.m.m.annotation.HttpEntityMethodProcessor - Using 'application/json', given [application/json, text/plain, */*] and supported [application/json, application/*+json]
2025-12-11 16:52:25.467 [http-nio-8081-exec-2] DEBUG o.s.w.s.m.m.annotation.HttpEntityMethodProcessor - Writing [{code=200, data={id=1, username=admin, role=ADMIN, orgTags=[default, admin], primaryOrg=admin, creat (truncated)...]
2025-12-11 16:52:25.468 [http-nio-8081-exec-2] DEBUG org.springframework.web.servlet.DispatcherServlet - Completed 200 OK
2025-12-11 16:52:26.076 [http-nio-8081-exec-4] DEBUG org.springframework.security.web.FilterChainProxy - Securing GET /api/v1/documents/uploads
2025-12-11 16:52:26.083 [http-nio-8081-exec-4] INFO  c.y.smartpai.config.OrgTagAuthorizationFilter - 处理获取用户文档请求: /api/v1/documents/uploads
2025-12-11 16:52:26.085 [http-nio-8081-exec-4] DEBUG org.springframework.security.web.FilterChainProxy - Secured GET /api/v1/documents/uploads
2025-12-11 16:52:26.085 [http-nio-8081-exec-4] DEBUG org.springframework.web.servlet.DispatcherServlet - GET "/api/v1/documents/uploads", parameters={}
2025-12-11 16:52:26.085 [http-nio-8081-exec-4] DEBUG o.s.w.s.m.m.a.RequestMappingHandlerMapping - Mapped to com.yizhaoqi.smartpai.controller.DocumentController#getUserUploadedFiles(String)
2025-12-11 16:52:26.086 [http-nio-8081-exec-4] INFO  com.yizhaoqi.smartpai.service.DocumentService - 获取用户上传的文件列表: userId=1
2025-12-11 16:52:26.088 [http-nio-8081-exec-4] INFO  com.yizhaoqi.smartpai.service.DocumentService - 成功获取用户上传的文件列表: userId=1, fileCount=0
2025-12-11 16:52:26.088 [http-nio-8081-exec-4] DEBUG o.s.w.s.m.m.annotation.HttpEntityMethodProcessor - Using 'application/json', given [application/json, text/plain, */*] and supported [application/json, application/*+json]
2025-12-11 16:52:26.088 [http-nio-8081-exec-4] DEBUG o.s.w.s.m.m.annotation.HttpEntityMethodProcessor - Writing [{code=200, data=[], message=获取用户上传文件列表成功}]
2025-12-11 16:52:26.090 [http-nio-8081-exec-4] DEBUG org.springframework.web.servlet.DispatcherServlet - Completed 200 OK
2025-12-11 16:52:28.022 [http-nio-8081-exec-3] DEBUG org.springframework.security.web.FilterChainProxy - Securing GET /api/v1/admin/org-tags/tree
2025-12-11 16:52:28.040 [http-nio-8081-exec-3] DEBUG org.springframework.security.web.FilterChainProxy - Secured GET /api/v1/admin/org-tags/tree
2025-12-11 16:52:28.040 [http-nio-8081-exec-3] DEBUG org.springframework.web.servlet.DispatcherServlet - GET "/api/v1/admin/org-tags/tree", parameters={}
2025-12-11 16:52:28.041 [http-nio-8081-exec-3] DEBUG o.s.w.s.m.m.a.RequestMappingHandlerMapping - Mapped to com.yizhaoqi.smartpai.controller.AdminController#getOrganizationTagTree(String)
2025-12-11 16:52:28.053 [http-nio-8081-exec-3] DEBUG o.s.w.s.m.m.annotation.HttpEntityMethodProcessor - Using 'application/json', given [application/json, text/plain, */*] and supported [application/json, application/*+json]
2025-12-11 16:52:28.053 [http-nio-8081-exec-3] DEBUG o.s.w.s.m.m.annotation.HttpEntityMethodProcessor - Writing [{code=200, data=[{tagId=admin, parentTag=null, name=管理员组织, description=管理员专用组织标签，具有管理权限}, {tagId=def (truncated)...]
2025-12-11 16:52:28.055 [http-nio-8081-exec-3] DEBUG org.springframework.web.servlet.DispatcherServlet - Completed 200 OK
2025-12-11 16:52:40.686 [http-nio-8081-exec-6] DEBUG org.springframework.security.web.FilterChainProxy - Securing GET /api/v1/users/me
2025-12-11 16:52:40.696 [http-nio-8081-exec-6] DEBUG org.springframework.security.web.FilterChainProxy - Secured GET /api/v1/users/me
2025-12-11 16:52:40.696 [http-nio-8081-exec-6] DEBUG org.springframework.web.servlet.DispatcherServlet - GET "/api/v1/users/me", parameters={}
2025-12-11 16:52:40.696 [http-nio-8081-exec-6] DEBUG o.s.w.s.m.m.a.RequestMappingHandlerMapping - Mapped to com.yizhaoqi.smartpai.controller.UserController#getCurrentUser(String)
2025-12-11 16:52:40.702 [http-nio-8081-exec-6] DEBUG o.s.w.s.m.m.annotation.HttpEntityMethodProcessor - Using 'application/json', given [application/json, text/plain, */*] and supported [application/json, application/*+json]
2025-12-11 16:52:40.702 [http-nio-8081-exec-6] DEBUG o.s.w.s.m.m.annotation.HttpEntityMethodProcessor - Writing [{code=200, data={id=1, username=admin, role=ADMIN, orgTags=[default, admin], primaryOrg=admin, creat (truncated)...]
2025-12-11 16:52:40.704 [http-nio-8081-exec-6] DEBUG org.springframework.web.servlet.DispatcherServlet - Completed 200 OK
2025-12-11 16:52:41.107 [http-nio-8081-exec-5] DEBUG org.springframework.security.web.FilterChainProxy - Securing GET /api/v1/admin/conversation?userid=1&start_date=2025-12-04&end_date=2025-12-12
2025-12-11 16:52:41.107 [http-nio-8081-exec-8] DEBUG org.springframework.security.web.FilterChainProxy - Securing GET /api/v1/admin/users/list?page=1&size=999&orgTag=admin
2025-12-11 16:52:41.121 [http-nio-8081-exec-5] DEBUG org.springframework.security.web.FilterChainProxy - Secured GET /api/v1/admin/conversation?userid=1&start_date=2025-12-04&end_date=2025-12-12
2025-12-11 16:52:41.121 [http-nio-8081-exec-5] DEBUG org.springframework.web.servlet.DispatcherServlet - GET "/api/v1/admin/conversation?userid=1&start_date=2025-12-04&end_date=2025-12-12", parameters={masked}
2025-12-11 16:52:41.121 [http-nio-8081-exec-5] DEBUG o.s.w.s.m.m.a.RequestMappingHandlerMapping - Mapped to com.yizhaoqi.smartpai.controller.AdminController#getAllConversations(String, String, String, String)
2025-12-11 16:52:41.121 [http-nio-8081-exec-8] DEBUG org.springframework.security.web.FilterChainProxy - Secured GET /api/v1/admin/users/list?page=1&size=999&orgTag=admin
2025-12-11 16:52:41.123 [http-nio-8081-exec-8] DEBUG org.springframework.web.servlet.DispatcherServlet - GET "/api/v1/admin/users/list?page=1&size=999&orgTag=admin", parameters={masked}
2025-12-11 16:52:41.123 [http-nio-8081-exec-8] DEBUG o.s.w.s.m.m.a.RequestMappingHandlerMapping - Mapped to com.yizhaoqi.smartpai.controller.AdminController#getUserList(String, String, String, Integer, int, int)
2025-12-11 16:52:41.134 [http-nio-8081-exec-5] DEBUG o.s.w.s.m.m.annotation.HttpEntityMethodProcessor - Using 'application/json', given [application/json, text/plain, */*] and supported [application/json, application/*+json]
2025-12-11 16:52:41.134 [http-nio-8081-exec-5] DEBUG o.s.w.s.m.m.annotation.HttpEntityMethodProcessor - Writing [{code=200, data=[{role=user, content=你好, timestamp=2025-12-08T00:55:04, username=admin}, {role=assis (truncated)...]
2025-12-11 16:52:41.136 [http-nio-8081-exec-5] DEBUG org.springframework.web.servlet.DispatcherServlet - Completed 200 OK
2025-12-11 16:52:41.138 [http-nio-8081-exec-8] DEBUG o.s.w.s.m.m.annotation.HttpEntityMethodProcessor - Using 'application/json', given [application/json, text/plain, */*] and supported [application/json, application/*+json]
2025-12-11 16:52:41.138 [http-nio-8081-exec-8] DEBUG o.s.w.s.m.m.annotation.HttpEntityMethodProcessor - Writing [{code=200, data={number=1, size=999, totalPages=1, content=[{primaryOrg=admin, createdAt=2025-12-05T (truncated)...]
2025-12-11 16:52:41.139 [http-nio-8081-exec-8] DEBUG org.springframework.web.servlet.DispatcherServlet - Completed 200 OK
2025-12-11 16:52:41.449 [http-nio-8081-exec-7] DEBUG org.springframework.security.web.FilterChainProxy - Securing GET /chat/eyJhbGciOiJIUzI1NiJ9.eyJwcmltYXJ5T3JnIjoiZGVmYXVsdCIsIm9yZ1RhZ3MiOiJkZWZhdWx0LGFkbWluIiwicm9sZSI6IkFETUlOIiwidG9rZW5JZCI6IjM1NDhhYjViNzcwNDQzMzhhYTNhYTRmOTg4ZWFjMThlIiwidXNlcklkIjoiMSIsInN1YiI6ImFkbWluIiwiZXhwIjoxNzY1NDQ2NzAyfQ.KNLkyiVyLQjh6WcjdwkWMq-n94PrCoCtGqvqyP6CNDY
2025-12-11 16:52:41.449 [http-nio-8081-exec-7] DEBUG o.s.s.w.a.AnonymousAuthenticationFilter - Set SecurityContextHolder to anonymous SecurityContext
2025-12-11 16:52:41.449 [http-nio-8081-exec-7] DEBUG org.springframework.security.web.FilterChainProxy - Secured GET /chat/eyJhbGciOiJIUzI1NiJ9.eyJwcmltYXJ5T3JnIjoiZGVmYXVsdCIsIm9yZ1RhZ3MiOiJkZWZhdWx0LGFkbWluIiwicm9sZSI6IkFETUlOIiwidG9rZW5JZCI6IjM1NDhhYjViNzcwNDQzMzhhYTNhYTRmOTg4ZWFjMThlIiwidXNlcklkIjoiMSIsInN1YiI6ImFkbWluIiwiZXhwIjoxNzY1NDQ2NzAyfQ.KNLkyiVyLQjh6WcjdwkWMq-n94PrCoCtGqvqyP6CNDY
2025-12-11 16:52:41.449 [http-nio-8081-exec-7] DEBUG org.springframework.web.servlet.DispatcherServlet - GET "/chat/eyJhbGciOiJIUzI1NiJ9.eyJwcmltYXJ5T3JnIjoiZGVmYXVsdCIsIm9yZ1RhZ3MiOiJkZWZhdWx0LGFkbWluIiwicm9sZSI6IkFETUlOIiwidG9rZW5JZCI6IjM1NDhhYjViNzcwNDQzMzhhYTNhYTRmOTg4ZWFjMThlIiwidXNlcklkIjoiMSIsInN1YiI6ImFkbWluIiwiZXhwIjoxNzY1NDQ2NzAyfQ.KNLkyiVyLQjh6WcjdwkWMq-n94PrCoCtGqvqyP6CNDY", parameters={}
2025-12-11 16:52:41.449 [http-nio-8081-exec-7] DEBUG o.s.w.s.server.support.WebSocketHandlerMapping - Mapped to org.springframework.web.socket.server.support.WebSocketHttpRequestHandler@438a0024
2025-12-11 16:52:41.449 [http-nio-8081-exec-7] DEBUG o.s.w.s.server.support.WebSocketHttpRequestHandler - GET /chat/eyJhbGciOiJIUzI1NiJ9.eyJwcmltYXJ5T3JnIjoiZGVmYXVsdCIsIm9yZ1RhZ3MiOiJkZWZhdWx0LGFkbWluIiwicm9sZSI6IkFETUlOIiwidG9rZW5JZCI6IjM1NDhhYjViNzcwNDQzMzhhYTNhYTRmOTg4ZWFjMThlIiwidXNlcklkIjoiMSIsInN1YiI6ImFkbWluIiwiZXhwIjoxNzY1NDQ2NzAyfQ.KNLkyiVyLQjh6WcjdwkWMq-n94PrCoCtGqvqyP6CNDY
2025-12-11 16:52:41.450 [http-nio-8081-exec-7] DEBUG org.springframework.web.servlet.DispatcherServlet - Completed 101 SWITCHING_PROTOCOLS
2025-12-11 16:52:41.450 [http-nio-8081-exec-7] DEBUG o.s.w.s.handler.LoggingWebSocketHandlerDecorator - New StandardWebSocketSession[id=39c21e0f-7965-5c82-21a7-e28d657d2503, uri=ws://localhost:8081/chat/eyJhbGciOiJIUzI1NiJ9.eyJwcmltYXJ5T3JnIjoiZGVmYXVsdCIsIm9yZ1RhZ3MiOiJkZWZhdWx0LGFkbWluIiwicm9sZSI6IkFETUlOIiwidG9rZW5JZCI6IjM1NDhhYjViNzcwNDQzMzhhYTNhYTRmOTg4ZWFjMThlIiwidXNlcklkIjoiMSIsInN1YiI6ImFkbWluIiwiZXhwIjoxNzY1NDQ2NzAyfQ.KNLkyiVyLQjh6WcjdwkWMq-n94PrCoCtGqvqyP6CNDY]
2025-12-11 16:52:41.452 [http-nio-8081-exec-7] INFO  c.yizhaoqi.smartpai.handler.ChatWebSocketHandler - WebSocket连接已建立，用户ID: admin，会话ID: 39c21e0f-7965-5c82-21a7-e28d657d2503，URI路径: /chat/eyJhbGciOiJIUzI1NiJ9.eyJwcmltYXJ5T3JnIjoiZGVmYXVsdCIsIm9yZ1RhZ3MiOiJkZWZhdWx0LGFkbWluIiwicm9sZSI6IkFETUlOIiwidG9rZW5JZCI6IjM1NDhhYjViNzcwNDQzMzhhYTNhYTRmOTg4ZWFjMThlIiwidXNlcklkIjoiMSIsInN1YiI6ImFkbWluIiwiZXhwIjoxNzY1NDQ2NzAyfQ.KNLkyiVyLQjh6WcjdwkWMq-n94PrCoCtGqvqyP6CNDY
2025-12-11 16:52:42.810 [http-nio-8081-exec-9] DEBUG org.springframework.security.web.FilterChainProxy - Securing GET /api/v1/users/me
2025-12-11 16:52:42.819 [http-nio-8081-exec-9] DEBUG org.springframework.security.web.FilterChainProxy - Secured GET /api/v1/users/me
2025-12-11 16:52:42.819 [http-nio-8081-exec-9] DEBUG org.springframework.web.servlet.DispatcherServlet - GET "/api/v1/users/me", parameters={}
2025-12-11 16:52:42.819 [http-nio-8081-exec-9] DEBUG o.s.w.s.m.m.a.RequestMappingHandlerMapping - Mapped to com.yizhaoqi.smartpai.controller.UserController#getCurrentUser(String)
2025-12-11 16:52:42.824 [http-nio-8081-exec-9] DEBUG o.s.w.s.m.m.annotation.HttpEntityMethodProcessor - Using 'application/json', given [application/json, text/plain, */*] and supported [application/json, application/*+json]
2025-12-11 16:52:42.824 [http-nio-8081-exec-9] DEBUG o.s.w.s.m.m.annotation.HttpEntityMethodProcessor - Writing [{code=200, data={id=1, username=admin, role=ADMIN, orgTags=[default, admin], primaryOrg=admin, creat (truncated)...]
2025-12-11 16:52:42.825 [http-nio-8081-exec-9] DEBUG org.springframework.web.servlet.DispatcherServlet - Completed 200 OK
2025-12-11 16:52:43.179 [http-nio-8081-exec-10] DEBUG org.springframework.security.web.FilterChainProxy - Securing GET /api/v1/users/conversation?start_date=2025-12-04&end_date=2025-12-12
2025-12-11 16:52:43.187 [http-nio-8081-exec-10] DEBUG org.springframework.security.web.FilterChainProxy - Secured GET /api/v1/users/conversation?start_date=2025-12-04&end_date=2025-12-12
2025-12-11 16:52:43.187 [http-nio-8081-exec-10] DEBUG org.springframework.web.servlet.DispatcherServlet - GET "/api/v1/users/conversation?start_date=2025-12-04&end_date=2025-12-12", parameters={masked}
2025-12-11 16:52:43.187 [http-nio-8081-exec-10] DEBUG o.s.w.s.m.m.a.RequestMappingHandlerMapping - Mapped to com.yizhaoqi.smartpai.controller.ConversationController#getConversations(String, String, String)
2025-12-11 16:52:43.194 [http-nio-8081-exec-10] DEBUG o.s.w.s.m.m.annotation.HttpEntityMethodProcessor - Using 'application/json', given [application/json, text/plain, */*] and supported [application/json, application/*+json]
2025-12-11 16:52:43.194 [http-nio-8081-exec-10] DEBUG o.s.w.s.m.m.annotation.HttpEntityMethodProcessor - Writing [{code=200, data=[{role=user, content=你好, timestamp=2025-12-08T00:55:04}, {role=assistant, content=你好 (truncated)...]
2025-12-11 16:52:43.195 [http-nio-8081-exec-10] DEBUG org.springframework.web.servlet.DispatcherServlet - Completed 200 OK
2025-12-11 16:55:07.585 [http-nio-8081-exec-1] DEBUG org.springframework.security.web.FilterChainProxy - Securing GET /api/v1/users/me
2025-12-11 16:55:07.598 [http-nio-8081-exec-1] DEBUG org.springframework.security.web.FilterChainProxy - Secured GET /api/v1/users/me
2025-12-11 16:55:07.598 [http-nio-8081-exec-1] DEBUG org.springframework.web.servlet.DispatcherServlet - GET "/api/v1/users/me", parameters={}
2025-12-11 16:55:07.598 [http-nio-8081-exec-1] DEBUG o.s.w.s.m.m.a.RequestMappingHandlerMapping - Mapped to com.yizhaoqi.smartpai.controller.UserController#getCurrentUser(String)
2025-12-11 16:55:07.605 [http-nio-8081-exec-1] DEBUG o.s.w.s.m.m.annotation.HttpEntityMethodProcessor - Using 'application/json', given [application/json, text/plain, */*] and supported [application/json, application/*+json]
2025-12-11 16:55:07.605 [http-nio-8081-exec-1] DEBUG o.s.w.s.m.m.annotation.HttpEntityMethodProcessor - Writing [{code=200, data={id=1, username=admin, role=ADMIN, orgTags=[default, admin], primaryOrg=admin, creat (truncated)...]
2025-12-11 16:55:07.607 [http-nio-8081-exec-1] DEBUG org.springframework.web.servlet.DispatcherServlet - Completed 200 OK
2025-12-11 16:55:07.849 [http-nio-8081-exec-2] DEBUG org.springframework.security.web.FilterChainProxy - Securing GET /api/v1/admin/conversation?userid=1&start_date=2025-12-04&end_date=2025-12-12
2025-12-11 16:55:07.857 [http-nio-8081-exec-2] DEBUG org.springframework.security.web.FilterChainProxy - Secured GET /api/v1/admin/conversation?userid=1&start_date=2025-12-04&end_date=2025-12-12
2025-12-11 16:55:07.857 [http-nio-8081-exec-2] DEBUG org.springframework.web.servlet.DispatcherServlet - GET "/api/v1/admin/conversation?userid=1&start_date=2025-12-04&end_date=2025-12-12", parameters={masked}
2025-12-11 16:55:07.857 [http-nio-8081-exec-2] DEBUG o.s.w.s.m.m.a.RequestMappingHandlerMapping - Mapped to com.yizhaoqi.smartpai.controller.AdminController#getAllConversations(String, String, String, String)
2025-12-11 16:55:07.870 [http-nio-8081-exec-2] DEBUG o.s.w.s.m.m.annotation.HttpEntityMethodProcessor - Using 'application/json', given [application/json, text/plain, */*] and supported [application/json, application/*+json]
2025-12-11 16:55:07.870 [http-nio-8081-exec-2] DEBUG o.s.w.s.m.m.annotation.HttpEntityMethodProcessor - Writing [{code=200, data=[{role=user, content=你好, timestamp=2025-12-08T00:55:04, username=admin}, {role=assis (truncated)...]
2025-12-11 16:55:07.871 [http-nio-8081-exec-2] DEBUG org.springframework.web.servlet.DispatcherServlet - Completed 200 OK
2025-12-11 16:55:07.888 [http-nio-8081-exec-4] DEBUG org.springframework.security.web.FilterChainProxy - Securing GET /api/v1/admin/users/list?page=1&size=999&orgTag=admin
2025-12-11 16:55:07.898 [http-nio-8081-exec-4] DEBUG org.springframework.security.web.FilterChainProxy - Secured GET /api/v1/admin/users/list?page=1&size=999&orgTag=admin
2025-12-11 16:55:07.899 [http-nio-8081-exec-4] DEBUG org.springframework.web.servlet.DispatcherServlet - GET "/api/v1/admin/users/list?page=1&size=999&orgTag=admin", parameters={masked}
2025-12-11 16:55:07.899 [http-nio-8081-exec-4] DEBUG o.s.w.s.m.m.a.RequestMappingHandlerMapping - Mapped to com.yizhaoqi.smartpai.controller.AdminController#getUserList(String, String, String, Integer, int, int)
2025-12-11 16:55:07.910 [http-nio-8081-exec-4] DEBUG o.s.w.s.m.m.annotation.HttpEntityMethodProcessor - Using 'application/json', given [application/json, text/plain, */*] and supported [application/json, application/*+json]
2025-12-11 16:55:07.911 [http-nio-8081-exec-4] DEBUG o.s.w.s.m.m.annotation.HttpEntityMethodProcessor - Writing [{code=200, data={number=1, size=999, totalPages=1, content=[{primaryOrg=admin, createdAt=2025-12-05T (truncated)...]
2025-12-11 16:55:07.912 [http-nio-8081-exec-4] DEBUG org.springframework.web.servlet.DispatcherServlet - Completed 200 OK
2025-12-11 16:55:08.286 [http-nio-8081-exec-3] DEBUG org.springframework.security.web.FilterChainProxy - Securing GET /api/v1/users/me
2025-12-11 16:55:08.295 [http-nio-8081-exec-3] DEBUG org.springframework.security.web.FilterChainProxy - Secured GET /api/v1/users/me
2025-12-11 16:55:08.295 [http-nio-8081-exec-3] DEBUG org.springframework.web.servlet.DispatcherServlet - GET "/api/v1/users/me", parameters={}
2025-12-11 16:55:08.295 [http-nio-8081-exec-3] DEBUG o.s.w.s.m.m.a.RequestMappingHandlerMapping - Mapped to com.yizhaoqi.smartpai.controller.UserController#getCurrentUser(String)
2025-12-11 16:55:08.300 [http-nio-8081-exec-3] DEBUG o.s.w.s.m.m.annotation.HttpEntityMethodProcessor - Using 'application/json', given [application/json, text/plain, */*] and supported [application/json, application/*+json]
2025-12-11 16:55:08.300 [http-nio-8081-exec-3] DEBUG o.s.w.s.m.m.annotation.HttpEntityMethodProcessor - Writing [{code=200, data={id=1, username=admin, role=ADMIN, orgTags=[default, admin], primaryOrg=admin, creat (truncated)...]
2025-12-11 16:55:08.301 [http-nio-8081-exec-3] DEBUG org.springframework.web.servlet.DispatcherServlet - Completed 200 OK
2025-12-11 16:55:08.917 [http-nio-8081-exec-6] DEBUG org.springframework.security.web.FilterChainProxy - Securing GET /api/v1/documents/uploads
2025-12-11 16:55:08.925 [http-nio-8081-exec-6] INFO  c.y.smartpai.config.OrgTagAuthorizationFilter - 处理获取用户文档请求: /api/v1/documents/uploads
2025-12-11 16:55:08.926 [http-nio-8081-exec-6] DEBUG org.springframework.security.web.FilterChainProxy - Secured GET /api/v1/documents/uploads
2025-12-11 16:55:08.927 [http-nio-8081-exec-6] DEBUG org.springframework.web.servlet.DispatcherServlet - GET "/api/v1/documents/uploads", parameters={}
2025-12-11 16:55:08.927 [http-nio-8081-exec-6] DEBUG o.s.w.s.m.m.a.RequestMappingHandlerMapping - Mapped to com.yizhaoqi.smartpai.controller.DocumentController#getUserUploadedFiles(String)
2025-12-11 16:55:08.927 [http-nio-8081-exec-6] INFO  com.yizhaoqi.smartpai.service.DocumentService - 获取用户上传的文件列表: userId=1
2025-12-11 16:55:08.931 [http-nio-8081-exec-6] INFO  com.yizhaoqi.smartpai.service.DocumentService - 成功获取用户上传的文件列表: userId=1, fileCount=0
2025-12-11 16:55:08.932 [http-nio-8081-exec-6] DEBUG o.s.w.s.m.m.annotation.HttpEntityMethodProcessor - Using 'application/json', given [application/json, text/plain, */*] and supported [application/json, application/*+json]
2025-12-11 16:55:08.932 [http-nio-8081-exec-6] DEBUG o.s.w.s.m.m.annotation.HttpEntityMethodProcessor - Writing [{code=200, data=[], message=获取用户上传文件列表成功}]
2025-12-11 16:55:08.933 [http-nio-8081-exec-6] DEBUG org.springframework.web.servlet.DispatcherServlet - Completed 200 OK
2025-12-11 16:55:16.290 [http-nio-8081-exec-5] DEBUG org.springframework.security.web.FilterChainProxy - Securing GET /api/v1/admin/org-tags/tree
2025-12-11 16:55:16.303 [http-nio-8081-exec-5] DEBUG org.springframework.security.web.FilterChainProxy - Secured GET /api/v1/admin/org-tags/tree
2025-12-11 16:55:16.303 [http-nio-8081-exec-5] DEBUG org.springframework.web.servlet.DispatcherServlet - GET "/api/v1/admin/org-tags/tree", parameters={}
2025-12-11 16:55:16.303 [http-nio-8081-exec-5] DEBUG o.s.w.s.m.m.a.RequestMappingHandlerMapping - Mapped to com.yizhaoqi.smartpai.controller.AdminController#getOrganizationTagTree(String)
2025-12-11 16:55:16.313 [http-nio-8081-exec-5] DEBUG o.s.w.s.m.m.annotation.HttpEntityMethodProcessor - Using 'application/json', given [application/json, text/plain, */*] and supported [application/json, application/*+json]
2025-12-11 16:55:16.313 [http-nio-8081-exec-5] DEBUG o.s.w.s.m.m.annotation.HttpEntityMethodProcessor - Writing [{code=200, data=[{tagId=admin, parentTag=null, name=管理员组织, description=管理员专用组织标签，具有管理权限}, {tagId=def (truncated)...]
2025-12-11 16:55:16.314 [http-nio-8081-exec-5] DEBUG org.springframework.web.servlet.DispatcherServlet - Completed 200 OK
2025-12-11 16:55:37.775 [http-nio-8081-exec-8] DEBUG org.springframework.security.web.FilterChainProxy - Securing GET /api/v1/users/me
2025-12-11 16:55:37.784 [http-nio-8081-exec-8] DEBUG org.springframework.security.web.FilterChainProxy - Secured GET /api/v1/users/me
2025-12-11 16:55:37.784 [http-nio-8081-exec-8] DEBUG org.springframework.web.servlet.DispatcherServlet - GET "/api/v1/users/me", parameters={}
2025-12-11 16:55:37.785 [http-nio-8081-exec-8] DEBUG o.s.w.s.m.m.a.RequestMappingHandlerMapping - Mapped to com.yizhaoqi.smartpai.controller.UserController#getCurrentUser(String)
2025-12-11 16:55:37.788 [http-nio-8081-exec-8] DEBUG o.s.w.s.m.m.annotation.HttpEntityMethodProcessor - Using 'application/json', given [application/json, text/plain, */*] and supported [application/json, application/*+json]
2025-12-11 16:55:37.788 [http-nio-8081-exec-8] DEBUG o.s.w.s.m.m.annotation.HttpEntityMethodProcessor - Writing [{code=200, data={id=1, username=admin, role=ADMIN, orgTags=[default, admin], primaryOrg=admin, creat (truncated)...]
2025-12-11 16:55:37.789 [http-nio-8081-exec-8] DEBUG org.springframework.web.servlet.DispatcherServlet - Completed 200 OK
2025-12-11 16:55:38.033 [http-nio-8081-exec-7] DEBUG org.springframework.security.web.FilterChainProxy - Securing GET /api/v1/admin/org-tags/tree
2025-12-11 16:55:38.041 [http-nio-8081-exec-7] DEBUG org.springframework.security.web.FilterChainProxy - Secured GET /api/v1/admin/org-tags/tree
2025-12-11 16:55:38.041 [http-nio-8081-exec-7] DEBUG org.springframework.web.servlet.DispatcherServlet - GET "/api/v1/admin/org-tags/tree", parameters={}
2025-12-11 16:55:38.041 [http-nio-8081-exec-7] DEBUG o.s.w.s.m.m.a.RequestMappingHandlerMapping - Mapped to com.yizhaoqi.smartpai.controller.AdminController#getOrganizationTagTree(String)
2025-12-11 16:55:38.051 [http-nio-8081-exec-7] DEBUG o.s.w.s.m.m.annotation.HttpEntityMethodProcessor - Using 'application/json', given [application/json, text/plain, */*] and supported [application/json, application/*+json]
2025-12-11 16:55:38.051 [http-nio-8081-exec-7] DEBUG o.s.w.s.m.m.annotation.HttpEntityMethodProcessor - Writing [{code=200, data=[{tagId=admin, parentTag=null, name=管理员组织, description=管理员专用组织标签，具有管理权限}, {tagId=def (truncated)...]
2025-12-11 16:55:38.053 [http-nio-8081-exec-7] DEBUG org.springframework.web.servlet.DispatcherServlet - Completed 200 OK
2025-12-11 16:55:42.605 [http-nio-8081-exec-9] DEBUG org.springframework.security.web.FilterChainProxy - Securing GET /api/v1/users/me
2025-12-11 16:55:42.613 [http-nio-8081-exec-9] DEBUG org.springframework.security.web.FilterChainProxy - Secured GET /api/v1/users/me
2025-12-11 16:55:42.614 [http-nio-8081-exec-9] DEBUG org.springframework.web.servlet.DispatcherServlet - GET "/api/v1/users/me", parameters={}
2025-12-11 16:55:42.614 [http-nio-8081-exec-9] DEBUG o.s.w.s.m.m.a.RequestMappingHandlerMapping - Mapped to com.yizhaoqi.smartpai.controller.UserController#getCurrentUser(String)
2025-12-11 16:55:42.619 [http-nio-8081-exec-9] DEBUG o.s.w.s.m.m.annotation.HttpEntityMethodProcessor - Using 'application/json', given [application/json, text/plain, */*] and supported [application/json, application/*+json]
2025-12-11 16:55:42.619 [http-nio-8081-exec-9] DEBUG o.s.w.s.m.m.annotation.HttpEntityMethodProcessor - Writing [{code=200, data={id=1, username=admin, role=ADMIN, orgTags=[default, admin], primaryOrg=admin, creat (truncated)...]
2025-12-11 16:55:42.620 [http-nio-8081-exec-9] DEBUG org.springframework.web.servlet.DispatcherServlet - Completed 200 OK
2025-12-11 16:55:43.208 [http-nio-8081-exec-10] DEBUG org.springframework.security.web.FilterChainProxy - Securing GET /api/v1/users/org-tags
2025-12-11 16:55:43.216 [http-nio-8081-exec-10] DEBUG org.springframework.security.web.FilterChainProxy - Secured GET /api/v1/users/org-tags
2025-12-11 16:55:43.216 [http-nio-8081-exec-10] DEBUG org.springframework.web.servlet.DispatcherServlet - GET "/api/v1/users/org-tags", parameters={}
2025-12-11 16:55:43.216 [http-nio-8081-exec-10] DEBUG o.s.w.s.m.m.a.RequestMappingHandlerMapping - Mapped to com.yizhaoqi.smartpai.controller.UserController#getUserOrgTags(String)
2025-12-11 16:55:43.226 [http-nio-8081-exec-10] DEBUG o.s.w.s.m.m.annotation.HttpEntityMethodProcessor - Using 'application/json', given [application/json, text/plain, */*] and supported [application/json, application/*+json]
2025-12-11 16:55:43.227 [http-nio-8081-exec-10] DEBUG o.s.w.s.m.m.annotation.HttpEntityMethodProcessor - Writing [{code=200, data={primaryOrg=admin, orgTags=[default, admin], orgTagDetails=[{tagId=default, name=默认组 (truncated)...]
2025-12-11 16:55:43.228 [http-nio-8081-exec-10] DEBUG org.springframework.web.servlet.DispatcherServlet - Completed 200 OK
2025-12-11 16:55:44.866 [http-nio-8081-exec-1] DEBUG org.springframework.security.web.FilterChainProxy - Securing GET /api/v1/users/me
2025-12-11 16:55:44.875 [http-nio-8081-exec-1] DEBUG org.springframework.security.web.FilterChainProxy - Secured GET /api/v1/users/me
2025-12-11 16:55:44.875 [http-nio-8081-exec-1] DEBUG org.springframework.web.servlet.DispatcherServlet - GET "/api/v1/users/me", parameters={}
2025-12-11 16:55:44.875 [http-nio-8081-exec-1] DEBUG o.s.w.s.m.m.a.RequestMappingHandlerMapping - Mapped to com.yizhaoqi.smartpai.controller.UserController#getCurrentUser(String)
2025-12-11 16:55:44.883 [http-nio-8081-exec-1] DEBUG o.s.w.s.m.m.annotation.HttpEntityMethodProcessor - Using 'application/json', given [application/json, text/plain, */*] and supported [application/json, application/*+json]
2025-12-11 16:55:44.883 [http-nio-8081-exec-1] DEBUG o.s.w.s.m.m.annotation.HttpEntityMethodProcessor - Writing [{code=200, data={id=1, username=admin, role=ADMIN, orgTags=[default, admin], primaryOrg=admin, creat (truncated)...]
2025-12-11 16:55:44.884 [http-nio-8081-exec-1] DEBUG org.springframework.web.servlet.DispatcherServlet - Completed 200 OK
2025-12-11 16:55:45.474 [http-nio-8081-exec-2] DEBUG org.springframework.security.web.FilterChainProxy - Securing GET /api/v1/admin/org-tags/tree
2025-12-11 16:55:45.483 [http-nio-8081-exec-2] DEBUG org.springframework.security.web.FilterChainProxy - Secured GET /api/v1/admin/org-tags/tree
2025-12-11 16:55:45.483 [http-nio-8081-exec-2] DEBUG org.springframework.web.servlet.DispatcherServlet - GET "/api/v1/admin/org-tags/tree", parameters={}
2025-12-11 16:55:45.483 [http-nio-8081-exec-2] DEBUG o.s.w.s.m.m.a.RequestMappingHandlerMapping - Mapped to com.yizhaoqi.smartpai.controller.AdminController#getOrganizationTagTree(String)
2025-12-11 16:55:45.490 [http-nio-8081-exec-2] DEBUG o.s.w.s.m.m.annotation.HttpEntityMethodProcessor - Using 'application/json', given [application/json, text/plain, */*] and supported [application/json, application/*+json]
2025-12-11 16:55:45.491 [http-nio-8081-exec-2] DEBUG o.s.w.s.m.m.annotation.HttpEntityMethodProcessor - Writing [{code=200, data=[{tagId=admin, parentTag=null, name=管理员组织, description=管理员专用组织标签，具有管理权限}, {tagId=def (truncated)...]
2025-12-11 16:55:45.492 [http-nio-8081-exec-2] DEBUG org.springframework.web.servlet.DispatcherServlet - Completed 200 OK
2025-12-11 16:55:54.951 [http-nio-8081-exec-4] DEBUG org.springframework.security.web.FilterChainProxy - Securing GET /api/v1/users/me
2025-12-11 16:55:54.959 [http-nio-8081-exec-4] DEBUG org.springframework.security.web.FilterChainProxy - Secured GET /api/v1/users/me
2025-12-11 16:55:54.959 [http-nio-8081-exec-4] DEBUG org.springframework.web.servlet.DispatcherServlet - GET "/api/v1/users/me", parameters={}
2025-12-11 16:55:54.959 [http-nio-8081-exec-4] DEBUG o.s.w.s.m.m.a.RequestMappingHandlerMapping - Mapped to com.yizhaoqi.smartpai.controller.UserController#getCurrentUser(String)
2025-12-11 16:55:54.965 [http-nio-8081-exec-4] DEBUG o.s.w.s.m.m.annotation.HttpEntityMethodProcessor - Using 'application/json', given [application/json, text/plain, */*] and supported [application/json, application/*+json]
2025-12-11 16:55:54.965 [http-nio-8081-exec-4] DEBUG o.s.w.s.m.m.annotation.HttpEntityMethodProcessor - Writing [{code=200, data={id=1, username=admin, role=ADMIN, orgTags=[default, admin], primaryOrg=admin, creat (truncated)...]
2025-12-11 16:55:54.967 [http-nio-8081-exec-4] DEBUG org.springframework.web.servlet.DispatcherServlet - Completed 200 OK
2025-12-11 16:55:55.576 [http-nio-8081-exec-3] DEBUG org.springframework.security.web.FilterChainProxy - Securing GET /api/v1/documents/uploads
2025-12-11 16:55:55.583 [http-nio-8081-exec-3] INFO  c.y.smartpai.config.OrgTagAuthorizationFilter - 处理获取用户文档请求: /api/v1/documents/uploads
2025-12-11 16:55:55.584 [http-nio-8081-exec-3] DEBUG org.springframework.security.web.FilterChainProxy - Secured GET /api/v1/documents/uploads
2025-12-11 16:55:55.585 [http-nio-8081-exec-3] DEBUG org.springframework.web.servlet.DispatcherServlet - GET "/api/v1/documents/uploads", parameters={}
2025-12-11 16:55:55.585 [http-nio-8081-exec-3] DEBUG o.s.w.s.m.m.a.RequestMappingHandlerMapping - Mapped to com.yizhaoqi.smartpai.controller.DocumentController#getUserUploadedFiles(String)
2025-12-11 16:55:55.585 [http-nio-8081-exec-3] INFO  com.yizhaoqi.smartpai.service.DocumentService - 获取用户上传的文件列表: userId=1
2025-12-11 16:55:55.587 [http-nio-8081-exec-3] INFO  com.yizhaoqi.smartpai.service.DocumentService - 成功获取用户上传的文件列表: userId=1, fileCount=0
2025-12-11 16:55:55.587 [http-nio-8081-exec-3] DEBUG o.s.w.s.m.m.annotation.HttpEntityMethodProcessor - Using 'application/json', given [application/json, text/plain, */*] and supported [application/json, application/*+json]
2025-12-11 16:55:55.587 [http-nio-8081-exec-3] DEBUG o.s.w.s.m.m.annotation.HttpEntityMethodProcessor - Writing [{code=200, data=[], message=获取用户上传文件列表成功}]
2025-12-11 16:55:55.588 [http-nio-8081-exec-3] DEBUG org.springframework.web.servlet.DispatcherServlet - Completed 200 OK
2025-12-11 17:01:31.296 [http-nio-8081-exec-6] DEBUG o.s.w.s.handler.LoggingWebSocketHandlerDecorator - StandardWebSocketSession[id=39c21e0f-7965-5c82-21a7-e28d657d2503, uri=ws://localhost:8081/chat/eyJhbGciOiJIUzI1NiJ9.eyJwcmltYXJ5T3JnIjoiZGVmYXVsdCIsIm9yZ1RhZ3MiOiJkZWZhdWx0LGFkbWluIiwicm9sZSI6IkFETUlOIiwidG9rZW5JZCI6IjM1NDhhYjViNzcwNDQzMzhhYTNhYTRmOTg4ZWFjMThlIiwidXNlcklkIjoiMSIsInN1YiI6ImFkbWluIiwiZXhwIjoxNzY1NDQ2NzAyfQ.KNLkyiVyLQjh6WcjdwkWMq-n94PrCoCtGqvqyP6CNDY] closed with CloseStatus[code=1000, reason=null]
2025-12-11 17:01:31.298 [http-nio-8081-exec-6] INFO  c.yizhaoqi.smartpai.handler.ChatWebSocketHandler - WebSocket连接已关闭，用户ID: admin，会话ID: 39c21e0f-7965-5c82-21a7-e28d657d2503，状态: CloseStatus[code=1000, reason=null]
2025-12-11 17:01:32.445 [http-nio-8081-exec-5] DEBUG org.springframework.security.web.FilterChainProxy - Securing GET /api/v1/users/me
2025-12-11 17:01:32.458 [http-nio-8081-exec-5] DEBUG org.springframework.security.web.FilterChainProxy - Secured GET /api/v1/users/me
2025-12-11 17:01:32.459 [http-nio-8081-exec-5] DEBUG org.springframework.web.servlet.DispatcherServlet - GET "/api/v1/users/me", parameters={}
2025-12-11 17:01:32.459 [http-nio-8081-exec-5] DEBUG o.s.w.s.m.m.a.RequestMappingHandlerMapping - Mapped to com.yizhaoqi.smartpai.controller.UserController#getCurrentUser(String)
2025-12-11 17:01:32.468 [http-nio-8081-exec-5] DEBUG o.s.w.s.m.m.annotation.HttpEntityMethodProcessor - Using 'application/json', given [application/json, text/plain, */*] and supported [application/json, application/*+json]
2025-12-11 17:01:32.468 [http-nio-8081-exec-5] DEBUG o.s.w.s.m.m.annotation.HttpEntityMethodProcessor - Writing [{code=200, data={id=1, username=admin, role=ADMIN, orgTags=[default, admin], primaryOrg=admin, creat (truncated)...]
2025-12-11 17:01:32.470 [http-nio-8081-exec-5] DEBUG org.springframework.web.servlet.DispatcherServlet - Completed 200 OK
2025-12-11 17:01:32.487 [http-nio-8081-exec-8] DEBUG org.springframework.security.web.FilterChainProxy - Securing GET /api/v1/users/me
2025-12-11 17:01:32.503 [http-nio-8081-exec-8] DEBUG org.springframework.security.web.FilterChainProxy - Secured GET /api/v1/users/me
2025-12-11 17:01:32.504 [http-nio-8081-exec-8] DEBUG org.springframework.web.servlet.DispatcherServlet - GET "/api/v1/users/me", parameters={}
2025-12-11 17:01:32.504 [http-nio-8081-exec-8] DEBUG o.s.w.s.m.m.a.RequestMappingHandlerMapping - Mapped to com.yizhaoqi.smartpai.controller.UserController#getCurrentUser(String)
2025-12-11 17:01:32.512 [http-nio-8081-exec-8] DEBUG o.s.w.s.m.m.annotation.HttpEntityMethodProcessor - Using 'application/json', given [application/json, text/plain, */*] and supported [application/json, application/*+json]
2025-12-11 17:01:32.512 [http-nio-8081-exec-8] DEBUG o.s.w.s.m.m.annotation.HttpEntityMethodProcessor - Writing [{code=200, data={id=1, username=admin, role=ADMIN, orgTags=[default, admin], primaryOrg=admin, creat (truncated)...]
2025-12-11 17:01:32.514 [http-nio-8081-exec-8] DEBUG org.springframework.web.servlet.DispatcherServlet - Completed 200 OK
2025-12-11 17:01:32.678 [http-nio-8081-exec-7] DEBUG org.springframework.security.web.FilterChainProxy - Securing GET /api/v1/documents/uploads
2025-12-11 17:01:32.689 [http-nio-8081-exec-7] INFO  c.y.smartpai.config.OrgTagAuthorizationFilter - 处理获取用户文档请求: /api/v1/documents/uploads
2025-12-11 17:01:32.690 [http-nio-8081-exec-7] DEBUG org.springframework.security.web.FilterChainProxy - Secured GET /api/v1/documents/uploads
2025-12-11 17:01:32.690 [http-nio-8081-exec-7] DEBUG org.springframework.web.servlet.DispatcherServlet - GET "/api/v1/documents/uploads", parameters={}
2025-12-11 17:01:32.690 [http-nio-8081-exec-7] DEBUG o.s.w.s.m.m.a.RequestMappingHandlerMapping - Mapped to com.yizhaoqi.smartpai.controller.DocumentController#getUserUploadedFiles(String)
2025-12-11 17:01:32.691 [http-nio-8081-exec-7] INFO  com.yizhaoqi.smartpai.service.DocumentService - 获取用户上传的文件列表: userId=1
2025-12-11 17:01:32.695 [http-nio-8081-exec-7] INFO  com.yizhaoqi.smartpai.service.DocumentService - 成功获取用户上传的文件列表: userId=1, fileCount=0
2025-12-11 17:01:32.695 [http-nio-8081-exec-7] DEBUG o.s.w.s.m.m.annotation.HttpEntityMethodProcessor - Using 'application/json', given [application/json, text/plain, */*] and supported [application/json, application/*+json]
2025-12-11 17:01:32.695 [http-nio-8081-exec-7] DEBUG o.s.w.s.m.m.annotation.HttpEntityMethodProcessor - Writing [{code=200, data=[], message=获取用户上传文件列表成功}]
2025-12-11 17:01:32.697 [http-nio-8081-exec-7] DEBUG org.springframework.web.servlet.DispatcherServlet - Completed 200 OK
2025-12-11 20:34:56.090 [http-nio-8081-exec-9] DEBUG org.springframework.security.web.FilterChainProxy - Securing GET /api/v1/users/me
2025-12-11 20:34:56.100 [http-nio-8081-exec-9] DEBUG o.s.s.w.a.AnonymousAuthenticationFilter - Set SecurityContextHolder to anonymous SecurityContext
2025-12-11 20:34:56.102 [http-nio-8081-exec-9] DEBUG o.s.s.w.authentication.Http403ForbiddenEntryPoint - Pre-authenticated entry point called. Rejecting access
2025-12-11 20:34:56.118 [http-nio-8081-exec-9] DEBUG org.springframework.security.web.FilterChainProxy - Securing GET /error
2025-12-11 20:34:56.118 [http-nio-8081-exec-9] DEBUG o.s.s.w.a.AnonymousAuthenticationFilter - Set SecurityContextHolder to anonymous SecurityContext
2025-12-11 20:34:56.119 [http-nio-8081-exec-9] DEBUG o.s.s.w.authentication.Http403ForbiddenEntryPoint - Pre-authenticated entry point called. Rejecting access
2025-12-11 20:34:57.566 [http-nio-8081-exec-10] DEBUG org.springframework.security.web.FilterChainProxy - Securing POST /api/v1/users/login
2025-12-11 20:34:57.566 [http-nio-8081-exec-10] DEBUG o.s.s.w.a.AnonymousAuthenticationFilter - Set SecurityContextHolder to anonymous SecurityContext
2025-12-11 20:34:57.566 [http-nio-8081-exec-10] DEBUG org.springframework.security.web.FilterChainProxy - Secured POST /api/v1/users/login
2025-12-11 20:34:57.566 [http-nio-8081-exec-10] DEBUG org.springframework.web.servlet.DispatcherServlet - POST "/api/v1/users/login", parameters={}
2025-12-11 20:34:57.566 [http-nio-8081-exec-10] DEBUG o.s.w.s.m.m.a.RequestMappingHandlerMapping - Mapped to com.yizhaoqi.smartpai.controller.UserController#login(UserRequest)
2025-12-11 20:34:57.569 [http-nio-8081-exec-10] DEBUG o.s.w.s.m.m.a.RequestResponseBodyMethodProcessor - Read "application/json;charset=UTF-8" to [UserRequest[username=admin, password=admin123]]
2025-12-11 20:34:57.641 [http-nio-8081-exec-10] DEBUG com.yizhaoqi.smartpai.service.TokenCacheService - Token cached: d92d909ecd3d4a95a1e8ccc22fbeb76f for user: admin
2025-12-11 20:34:57.641 [http-nio-8081-exec-10] INFO  com.yizhaoqi.smartpai.utils.JwtUtils - Token generated and cached for user: admin, tokenId: d92d909ecd3d4a95a1e8ccc22fbeb76f
2025-12-11 20:34:57.644 [http-nio-8081-exec-10] DEBUG com.yizhaoqi.smartpai.service.TokenCacheService - Refresh token cached: 452246cc2b974ddaae701bc771f6ecbb for user: 1
2025-12-11 20:34:57.644 [http-nio-8081-exec-10] INFO  com.yizhaoqi.smartpai.utils.JwtUtils - Refresh token generated and cached for user: admin, refreshTokenId: 452246cc2b974ddaae701bc771f6ecbb
2025-12-11 20:34:57.644 [http-nio-8081-exec-10] DEBUG o.s.w.s.m.m.annotation.HttpEntityMethodProcessor - Using 'application/json', given [application/json, text/plain, */*] and supported [application/json, application/*+json]
2025-12-11 20:34:57.645 [http-nio-8081-exec-10] DEBUG o.s.w.s.m.m.annotation.HttpEntityMethodProcessor - Writing [{code=200, data={refreshToken=eyJhbGciOiJIUzI1NiJ9.eyJyZWZyZXNoVG9rZW5JZCI6IjQ1MjI0NmNjMmI5NzRkZGFhZ (truncated)...]
2025-12-11 20:34:57.645 [http-nio-8081-exec-10] DEBUG org.springframework.web.servlet.DispatcherServlet - Completed 200 OK
2025-12-11 20:34:57.651 [http-nio-8081-exec-1] DEBUG org.springframework.security.web.FilterChainProxy - Securing GET /api/v1/users/me
2025-12-11 20:34:57.657 [http-nio-8081-exec-1] DEBUG org.springframework.security.web.FilterChainProxy - Secured GET /api/v1/users/me
2025-12-11 20:34:57.657 [http-nio-8081-exec-1] DEBUG org.springframework.web.servlet.DispatcherServlet - GET "/api/v1/users/me", parameters={}
2025-12-11 20:34:57.657 [http-nio-8081-exec-1] DEBUG o.s.w.s.m.m.a.RequestMappingHandlerMapping - Mapped to com.yizhaoqi.smartpai.controller.UserController#getCurrentUser(String)
2025-12-11 20:34:57.661 [http-nio-8081-exec-1] DEBUG o.s.w.s.m.m.annotation.HttpEntityMethodProcessor - Using 'application/json', given [application/json, text/plain, */*] and supported [application/json, application/*+json]
2025-12-11 20:34:57.662 [http-nio-8081-exec-1] DEBUG o.s.w.s.m.m.annotation.HttpEntityMethodProcessor - Writing [{code=200, data={id=1, username=admin, role=ADMIN, orgTags=[default, admin], primaryOrg=admin, creat (truncated)...]
2025-12-11 20:34:57.663 [http-nio-8081-exec-1] DEBUG org.springframework.web.servlet.DispatcherServlet - Completed 200 OK
2025-12-11 20:34:57.671 [http-nio-8081-exec-2] DEBUG org.springframework.security.web.FilterChainProxy - Securing GET /api/v1/users/me
2025-12-11 20:34:57.681 [http-nio-8081-exec-2] DEBUG org.springframework.security.web.FilterChainProxy - Secured GET /api/v1/users/me
2025-12-11 20:34:57.681 [http-nio-8081-exec-2] DEBUG org.springframework.web.servlet.DispatcherServlet - GET "/api/v1/users/me", parameters={}
2025-12-11 20:34:57.681 [http-nio-8081-exec-2] DEBUG o.s.w.s.m.m.a.RequestMappingHandlerMapping - Mapped to com.yizhaoqi.smartpai.controller.UserController#getCurrentUser(String)
2025-12-11 20:34:57.686 [http-nio-8081-exec-2] DEBUG o.s.w.s.m.m.annotation.HttpEntityMethodProcessor - Using 'application/json', given [application/json, text/plain, */*] and supported [application/json, application/*+json]
2025-12-11 20:34:57.686 [http-nio-8081-exec-2] DEBUG o.s.w.s.m.m.annotation.HttpEntityMethodProcessor - Writing [{code=200, data={id=1, username=admin, role=ADMIN, orgTags=[default, admin], primaryOrg=admin, creat (truncated)...]
2025-12-11 20:34:57.687 [http-nio-8081-exec-2] DEBUG org.springframework.web.servlet.DispatcherServlet - Completed 200 OK
2025-12-11 20:34:57.717 [http-nio-8081-exec-4] DEBUG org.springframework.security.web.FilterChainProxy - Securing GET /api/v1/admin/conversation?userid=1&start_date=2025-12-04&end_date=2025-12-12
2025-12-11 20:34:57.717 [http-nio-8081-exec-3] DEBUG org.springframework.security.web.FilterChainProxy - Securing GET /api/v1/admin/users/list?page=1&size=999&orgTag=admin
2025-12-11 20:34:57.728 [http-nio-8081-exec-3] DEBUG org.springframework.security.web.FilterChainProxy - Secured GET /api/v1/admin/users/list?page=1&size=999&orgTag=admin
2025-12-11 20:34:57.728 [http-nio-8081-exec-3] DEBUG org.springframework.web.servlet.DispatcherServlet - GET "/api/v1/admin/users/list?page=1&size=999&orgTag=admin", parameters={masked}
2025-12-11 20:34:57.728 [http-nio-8081-exec-3] DEBUG o.s.w.s.m.m.a.RequestMappingHandlerMapping - Mapped to com.yizhaoqi.smartpai.controller.AdminController#getUserList(String, String, String, Integer, int, int)
2025-12-11 20:34:57.728 [http-nio-8081-exec-4] DEBUG org.springframework.security.web.FilterChainProxy - Secured GET /api/v1/admin/conversation?userid=1&start_date=2025-12-04&end_date=2025-12-12
2025-12-11 20:34:57.728 [http-nio-8081-exec-4] DEBUG org.springframework.web.servlet.DispatcherServlet - GET "/api/v1/admin/conversation?userid=1&start_date=2025-12-04&end_date=2025-12-12", parameters={masked}
2025-12-11 20:34:57.729 [http-nio-8081-exec-4] DEBUG o.s.w.s.m.m.a.RequestMappingHandlerMapping - Mapped to com.yizhaoqi.smartpai.controller.AdminController#getAllConversations(String, String, String, String)
2025-12-11 20:34:57.741 [http-nio-8081-exec-4] DEBUG o.s.w.s.m.m.annotation.HttpEntityMethodProcessor - Using 'application/json', given [application/json, text/plain, */*] and supported [application/json, application/*+json]
2025-12-11 20:34:57.741 [http-nio-8081-exec-4] DEBUG o.s.w.s.m.m.annotation.HttpEntityMethodProcessor - Writing [{code=200, data=[{role=user, content=你好, timestamp=2025-12-08T00:55:04, username=admin}, {role=assis (truncated)...]
2025-12-11 20:34:57.743 [http-nio-8081-exec-4] DEBUG org.springframework.web.servlet.DispatcherServlet - Completed 200 OK
2025-12-11 20:34:57.746 [http-nio-8081-exec-3] DEBUG o.s.w.s.m.m.annotation.HttpEntityMethodProcessor - Using 'application/json', given [application/json, text/plain, */*] and supported [application/json, application/*+json]
2025-12-11 20:34:57.746 [http-nio-8081-exec-3] DEBUG o.s.w.s.m.m.annotation.HttpEntityMethodProcessor - Writing [{code=200, data={number=1, size=999, totalPages=1, content=[{primaryOrg=admin, createdAt=2025-12-05T (truncated)...]
2025-12-11 20:34:57.748 [http-nio-8081-exec-3] DEBUG org.springframework.web.servlet.DispatcherServlet - Completed 200 OK
2025-12-11 20:34:58.053 [http-nio-8081-exec-6] DEBUG org.springframework.security.web.FilterChainProxy - Securing GET /chat/eyJhbGciOiJIUzI1NiJ9.eyJwcmltYXJ5T3JnIjoiYWRtaW4iLCJvcmdUYWdzIjoiZGVmYXVsdCxhZG1pbiIsInJvbGUiOiJBRE1JTiIsInRva2VuSWQiOiJkOTJkOTA5ZWNkM2Q0YTk1YTFlOGNjYzIyZmJlYjc2ZiIsInVzZXJJZCI6IjEiLCJzdWIiOiJhZG1pbiIsImV4cCI6MTc2NTQ2MDA5N30.0N1h42NBgXTLD_jceHM9CgxlMLQiLalAMsbjbQkmsrs
2025-12-11 20:34:58.053 [http-nio-8081-exec-6] DEBUG o.s.s.w.a.AnonymousAuthenticationFilter - Set SecurityContextHolder to anonymous SecurityContext
2025-12-11 20:34:58.053 [http-nio-8081-exec-6] DEBUG org.springframework.security.web.FilterChainProxy - Secured GET /chat/eyJhbGciOiJIUzI1NiJ9.eyJwcmltYXJ5T3JnIjoiYWRtaW4iLCJvcmdUYWdzIjoiZGVmYXVsdCxhZG1pbiIsInJvbGUiOiJBRE1JTiIsInRva2VuSWQiOiJkOTJkOTA5ZWNkM2Q0YTk1YTFlOGNjYzIyZmJlYjc2ZiIsInVzZXJJZCI6IjEiLCJzdWIiOiJhZG1pbiIsImV4cCI6MTc2NTQ2MDA5N30.0N1h42NBgXTLD_jceHM9CgxlMLQiLalAMsbjbQkmsrs
2025-12-11 20:34:58.053 [http-nio-8081-exec-6] DEBUG org.springframework.web.servlet.DispatcherServlet - GET "/chat/eyJhbGciOiJIUzI1NiJ9.eyJwcmltYXJ5T3JnIjoiYWRtaW4iLCJvcmdUYWdzIjoiZGVmYXVsdCxhZG1pbiIsInJvbGUiOiJBRE1JTiIsInRva2VuSWQiOiJkOTJkOTA5ZWNkM2Q0YTk1YTFlOGNjYzIyZmJlYjc2ZiIsInVzZXJJZCI6IjEiLCJzdWIiOiJhZG1pbiIsImV4cCI6MTc2NTQ2MDA5N30.0N1h42NBgXTLD_jceHM9CgxlMLQiLalAMsbjbQkmsrs", parameters={}
2025-12-11 20:34:58.053 [http-nio-8081-exec-6] DEBUG o.s.w.s.server.support.WebSocketHandlerMapping - Mapped to org.springframework.web.socket.server.support.WebSocketHttpRequestHandler@438a0024
2025-12-11 20:34:58.053 [http-nio-8081-exec-6] DEBUG o.s.w.s.server.support.WebSocketHttpRequestHandler - GET /chat/eyJhbGciOiJIUzI1NiJ9.eyJwcmltYXJ5T3JnIjoiYWRtaW4iLCJvcmdUYWdzIjoiZGVmYXVsdCxhZG1pbiIsInJvbGUiOiJBRE1JTiIsInRva2VuSWQiOiJkOTJkOTA5ZWNkM2Q0YTk1YTFlOGNjYzIyZmJlYjc2ZiIsInVzZXJJZCI6IjEiLCJzdWIiOiJhZG1pbiIsImV4cCI6MTc2NTQ2MDA5N30.0N1h42NBgXTLD_jceHM9CgxlMLQiLalAMsbjbQkmsrs
2025-12-11 20:34:58.056 [http-nio-8081-exec-6] DEBUG org.springframework.web.servlet.DispatcherServlet - Completed 101 SWITCHING_PROTOCOLS
2025-12-11 20:34:58.056 [http-nio-8081-exec-6] DEBUG o.s.w.s.handler.LoggingWebSocketHandlerDecorator - New StandardWebSocketSession[id=ec506b5e-3c46-0dde-6ee1-b8b4ea021def, uri=ws://localhost:8081/chat/eyJhbGciOiJIUzI1NiJ9.eyJwcmltYXJ5T3JnIjoiYWRtaW4iLCJvcmdUYWdzIjoiZGVmYXVsdCxhZG1pbiIsInJvbGUiOiJBRE1JTiIsInRva2VuSWQiOiJkOTJkOTA5ZWNkM2Q0YTk1YTFlOGNjYzIyZmJlYjc2ZiIsInVzZXJJZCI6IjEiLCJzdWIiOiJhZG1pbiIsImV4cCI6MTc2NTQ2MDA5N30.0N1h42NBgXTLD_jceHM9CgxlMLQiLalAMsbjbQkmsrs]
2025-12-11 20:34:58.056 [http-nio-8081-exec-6] INFO  c.yizhaoqi.smartpai.handler.ChatWebSocketHandler - WebSocket连接已建立，用户ID: admin，会话ID: ec506b5e-3c46-0dde-6ee1-b8b4ea021def，URI路径: /chat/eyJhbGciOiJIUzI1NiJ9.eyJwcmltYXJ5T3JnIjoiYWRtaW4iLCJvcmdUYWdzIjoiZGVmYXVsdCxhZG1pbiIsInJvbGUiOiJBRE1JTiIsInRva2VuSWQiOiJkOTJkOTA5ZWNkM2Q0YTk1YTFlOGNjYzIyZmJlYjc2ZiIsInVzZXJJZCI6IjEiLCJzdWIiOiJhZG1pbiIsImV4cCI6MTc2NTQ2MDA5N30.0N1h42NBgXTLD_jceHM9CgxlMLQiLalAMsbjbQkmsrs
2025-12-12 00:20:55.612 [http-nio-8081-exec-5] DEBUG o.s.w.s.handler.LoggingWebSocketHandlerDecorator - Transport error in StandardWebSocketSession[id=ec506b5e-3c46-0dde-6ee1-b8b4ea021def, uri=ws://localhost:8081/chat/eyJhbGciOiJIUzI1NiJ9.eyJwcmltYXJ5T3JnIjoiYWRtaW4iLCJvcmdUYWdzIjoiZGVmYXVsdCxhZG1pbiIsInJvbGUiOiJBRE1JTiIsInRva2VuSWQiOiJkOTJkOTA5ZWNkM2Q0YTk1YTFlOGNjYzIyZmJlYjc2ZiIsInVzZXJJZCI6IjEiLCJzdWIiOiJhZG1pbiIsImV4cCI6MTc2NTQ2MDA5N30.0N1h42NBgXTLD_jceHM9CgxlMLQiLalAMsbjbQkmsrs]
java.net.SocketException: Connection reset
	at java.base/sun.nio.ch.SocketChannelImpl.throwConnectionReset(SocketChannelImpl.java:394)
	at java.base/sun.nio.ch.SocketChannelImpl.read(SocketChannelImpl.java:426)
	at org.apache.tomcat.util.net.NioChannel.read(NioChannel.java:147)
	at org.apache.tomcat.util.net.NioEndpoint$NioSocketWrapper.fillReadBuffer(NioEndpoint.java:1291)
	at org.apache.tomcat.util.net.NioEndpoint$NioSocketWrapper.read(NioEndpoint.java:1181)
	at org.apache.tomcat.websocket.server.WsFrameServer.onDataAvailable(WsFrameServer.java:74)
	at org.apache.tomcat.websocket.server.WsFrameServer.doOnDataAvailable(WsFrameServer.java:184)
	at org.apache.tomcat.websocket.server.WsFrameServer.notifyDataAvailable(WsFrameServer.java:164)
	at org.apache.tomcat.websocket.server.WsHttpUpgradeHandler.upgradeDispatch(WsHttpUpgradeHandler.java:152)
	at org.apache.coyote.http11.upgrade.UpgradeProcessorInternal.dispatch(UpgradeProcessorInternal.java:60)
	at org.apache.coyote.AbstractProcessorLight.process(AbstractProcessorLight.java:57)
	at org.apache.coyote.AbstractProtocol$ConnectionHandler.process(AbstractProtocol.java:905)
	at org.apache.tomcat.util.net.NioEndpoint$SocketProcessor.doRun(NioEndpoint.java:1741)
	at org.apache.tomcat.util.net.SocketProcessorBase.run(SocketProcessorBase.java:52)
	at org.apache.tomcat.util.threads.ThreadPoolExecutor.runWorker(ThreadPoolExecutor.java:1190)
	at org.apache.tomcat.util.threads.ThreadPoolExecutor$Worker.run(ThreadPoolExecutor.java:659)
	at org.apache.tomcat.util.threads.TaskThread$WrappingRunnable.run(TaskThread.java:63)
	at java.base/java.lang.Thread.run(Thread.java:842)
2025-12-12 00:20:55.618 [http-nio-8081-exec-5] DEBUG o.s.w.s.handler.LoggingWebSocketHandlerDecorator - StandardWebSocketSession[id=ec506b5e-3c46-0dde-6ee1-b8b4ea021def, uri=ws://localhost:8081/chat/eyJhbGciOiJIUzI1NiJ9.eyJwcmltYXJ5T3JnIjoiYWRtaW4iLCJvcmdUYWdzIjoiZGVmYXVsdCxhZG1pbiIsInJvbGUiOiJBRE1JTiIsInRva2VuSWQiOiJkOTJkOTA5ZWNkM2Q0YTk1YTFlOGNjYzIyZmJlYjc2ZiIsInVzZXJJZCI6IjEiLCJzdWIiOiJhZG1pbiIsImV4cCI6MTc2NTQ2MDA5N30.0N1h42NBgXTLD_jceHM9CgxlMLQiLalAMsbjbQkmsrs] closed with CloseStatus[code=1006, reason=Connection reset]
2025-12-12 00:20:55.621 [http-nio-8081-exec-5] INFO  c.yizhaoqi.smartpai.handler.ChatWebSocketHandler - WebSocket连接已关闭，用户ID: admin，会话ID: ec506b5e-3c46-0dde-6ee1-b8b4ea021def，状态: CloseStatus[code=1006, reason=Connection reset]
2025-12-12 00:21:00.401 [SpringApplicationShutdownHook] INFO  o.s.boot.web.embedded.tomcat.GracefulShutdown - Commencing graceful shutdown. Waiting for active requests to complete
2025-12-12 00:21:00.550 [tomcat-shutdown] INFO  o.s.boot.web.embedded.tomcat.GracefulShutdown - Graceful shutdown complete
2025-12-12 00:21:00.598 [SpringApplicationShutdownHook] INFO  com.zaxxer.hikari.HikariDataSource - HikariPool-1 - Shutdown initiated...
2025-12-12 00:21:00.604 [SpringApplicationShutdownHook] INFO  com.zaxxer.hikari.HikariDataSource - HikariPool-1 - Shutdown completed.
